[2025-09-27T12:39:53.845+0000] {processor.py:157} INFO - Started process (PID=402) to work on /home/airflow/.local/lib/python3.7/site-packages/airflow/example_dags/example_passing_params_via_test_command.py
[2025-09-27T12:39:53.846+0000] {processor.py:826} INFO - Processing file /home/airflow/.local/lib/python3.7/site-packages/airflow/example_dags/example_passing_params_via_test_command.py for tasks to queue
[2025-09-27T12:39:53.847+0000] {logging_mixin.py:149} INFO - [2025-09-27T12:39:53.847+0000] {dagbag.py:541} INFO - Filling up the DagBag from /home/airflow/.local/lib/python3.7/site-packages/airflow/example_dags/example_passing_params_via_test_command.py
[2025-09-27T12:39:53.859+0000] {processor.py:836} INFO - DAG(s) dict_keys(['example_passing_params_via_test_command']) retrieved from /home/airflow/.local/lib/python3.7/site-packages/airflow/example_dags/example_passing_params_via_test_command.py
[2025-09-27T12:39:53.900+0000] {logging_mixin.py:149} INFO - [2025-09-27T12:39:53.900+0000] {dag.py:2726} INFO - Sync 1 DAGs
[2025-09-27T12:39:53.938+0000] {logging_mixin.py:149} INFO - [2025-09-27T12:39:53.937+0000] {dag.py:3490} INFO - Setting next_dagrun for example_passing_params_via_test_command to 2025-09-27T12:38:00+00:00, run_after=2025-09-27T12:39:00+00:00
[2025-09-27T12:39:53.961+0000] {processor.py:179} INFO - Processing /home/airflow/.local/lib/python3.7/site-packages/airflow/example_dags/example_passing_params_via_test_command.py took 0.119 seconds
[2025-09-27T12:40:24.516+0000] {processor.py:157} INFO - Started process (PID=694) to work on /home/airflow/.local/lib/python3.7/site-packages/airflow/example_dags/example_passing_params_via_test_command.py
[2025-09-27T12:40:24.517+0000] {processor.py:826} INFO - Processing file /home/airflow/.local/lib/python3.7/site-packages/airflow/example_dags/example_passing_params_via_test_command.py for tasks to queue
[2025-09-27T12:40:24.518+0000] {logging_mixin.py:149} INFO - [2025-09-27T12:40:24.518+0000] {dagbag.py:541} INFO - Filling up the DagBag from /home/airflow/.local/lib/python3.7/site-packages/airflow/example_dags/example_passing_params_via_test_command.py
[2025-09-27T12:40:24.531+0000] {processor.py:836} INFO - DAG(s) dict_keys(['example_passing_params_via_test_command']) retrieved from /home/airflow/.local/lib/python3.7/site-packages/airflow/example_dags/example_passing_params_via_test_command.py
[2025-09-27T12:40:24.566+0000] {logging_mixin.py:149} INFO - [2025-09-27T12:40:24.566+0000] {dag.py:2726} INFO - Sync 1 DAGs
[2025-09-27T12:40:24.603+0000] {logging_mixin.py:149} INFO - [2025-09-27T12:40:24.603+0000] {dag.py:3490} INFO - Setting next_dagrun for example_passing_params_via_test_command to 2025-09-27T12:39:00+00:00, run_after=2025-09-27T12:40:00+00:00
[2025-09-27T12:40:24.625+0000] {processor.py:179} INFO - Processing /home/airflow/.local/lib/python3.7/site-packages/airflow/example_dags/example_passing_params_via_test_command.py took 0.113 seconds
[2025-09-27T12:40:55.135+0000] {processor.py:157} INFO - Started process (PID=988) to work on /home/airflow/.local/lib/python3.7/site-packages/airflow/example_dags/example_passing_params_via_test_command.py
[2025-09-27T12:40:55.136+0000] {processor.py:826} INFO - Processing file /home/airflow/.local/lib/python3.7/site-packages/airflow/example_dags/example_passing_params_via_test_command.py for tasks to queue
[2025-09-27T12:40:55.137+0000] {logging_mixin.py:149} INFO - [2025-09-27T12:40:55.137+0000] {dagbag.py:541} INFO - Filling up the DagBag from /home/airflow/.local/lib/python3.7/site-packages/airflow/example_dags/example_passing_params_via_test_command.py
[2025-09-27T12:40:55.148+0000] {processor.py:836} INFO - DAG(s) dict_keys(['example_passing_params_via_test_command']) retrieved from /home/airflow/.local/lib/python3.7/site-packages/airflow/example_dags/example_passing_params_via_test_command.py
[2025-09-27T12:40:55.183+0000] {logging_mixin.py:149} INFO - [2025-09-27T12:40:55.183+0000] {dag.py:2726} INFO - Sync 1 DAGs
[2025-09-27T12:40:55.220+0000] {logging_mixin.py:149} INFO - [2025-09-27T12:40:55.219+0000] {dag.py:3490} INFO - Setting next_dagrun for example_passing_params_via_test_command to 2025-09-27T12:39:00+00:00, run_after=2025-09-27T12:40:00+00:00
[2025-09-27T12:40:55.240+0000] {processor.py:179} INFO - Processing /home/airflow/.local/lib/python3.7/site-packages/airflow/example_dags/example_passing_params_via_test_command.py took 0.109 seconds
[2025-09-27T12:41:25.497+0000] {processor.py:157} INFO - Started process (PID=1282) to work on /home/airflow/.local/lib/python3.7/site-packages/airflow/example_dags/example_passing_params_via_test_command.py
[2025-09-27T12:41:25.498+0000] {processor.py:826} INFO - Processing file /home/airflow/.local/lib/python3.7/site-packages/airflow/example_dags/example_passing_params_via_test_command.py for tasks to queue
[2025-09-27T12:41:25.499+0000] {logging_mixin.py:149} INFO - [2025-09-27T12:41:25.499+0000] {dagbag.py:541} INFO - Filling up the DagBag from /home/airflow/.local/lib/python3.7/site-packages/airflow/example_dags/example_passing_params_via_test_command.py
[2025-09-27T12:41:25.510+0000] {processor.py:836} INFO - DAG(s) dict_keys(['example_passing_params_via_test_command']) retrieved from /home/airflow/.local/lib/python3.7/site-packages/airflow/example_dags/example_passing_params_via_test_command.py
[2025-09-27T12:41:25.540+0000] {logging_mixin.py:149} INFO - [2025-09-27T12:41:25.540+0000] {dag.py:2726} INFO - Sync 1 DAGs
[2025-09-27T12:41:25.576+0000] {logging_mixin.py:149} INFO - [2025-09-27T12:41:25.576+0000] {dag.py:3490} INFO - Setting next_dagrun for example_passing_params_via_test_command to 2025-09-27T12:40:00+00:00, run_after=2025-09-27T12:41:00+00:00
[2025-09-27T12:41:25.596+0000] {processor.py:179} INFO - Processing /home/airflow/.local/lib/python3.7/site-packages/airflow/example_dags/example_passing_params_via_test_command.py took 0.102 seconds
[2025-09-27T12:41:56.412+0000] {processor.py:157} INFO - Started process (PID=1578) to work on /home/airflow/.local/lib/python3.7/site-packages/airflow/example_dags/example_passing_params_via_test_command.py
[2025-09-27T12:41:56.413+0000] {processor.py:826} INFO - Processing file /home/airflow/.local/lib/python3.7/site-packages/airflow/example_dags/example_passing_params_via_test_command.py for tasks to queue
[2025-09-27T12:41:56.414+0000] {logging_mixin.py:149} INFO - [2025-09-27T12:41:56.414+0000] {dagbag.py:541} INFO - Filling up the DagBag from /home/airflow/.local/lib/python3.7/site-packages/airflow/example_dags/example_passing_params_via_test_command.py
[2025-09-27T12:41:56.428+0000] {processor.py:836} INFO - DAG(s) dict_keys(['example_passing_params_via_test_command']) retrieved from /home/airflow/.local/lib/python3.7/site-packages/airflow/example_dags/example_passing_params_via_test_command.py
[2025-09-27T12:41:56.459+0000] {logging_mixin.py:149} INFO - [2025-09-27T12:41:56.459+0000] {dag.py:2726} INFO - Sync 1 DAGs
[2025-09-27T12:41:56.492+0000] {logging_mixin.py:149} INFO - [2025-09-27T12:41:56.492+0000] {dag.py:3490} INFO - Setting next_dagrun for example_passing_params_via_test_command to 2025-09-27T12:40:00+00:00, run_after=2025-09-27T12:41:00+00:00
[2025-09-27T12:41:56.516+0000] {processor.py:179} INFO - Processing /home/airflow/.local/lib/python3.7/site-packages/airflow/example_dags/example_passing_params_via_test_command.py took 0.108 seconds
[2025-09-27T12:42:27.077+0000] {processor.py:157} INFO - Started process (PID=1872) to work on /home/airflow/.local/lib/python3.7/site-packages/airflow/example_dags/example_passing_params_via_test_command.py
[2025-09-27T12:42:27.078+0000] {processor.py:826} INFO - Processing file /home/airflow/.local/lib/python3.7/site-packages/airflow/example_dags/example_passing_params_via_test_command.py for tasks to queue
[2025-09-27T12:42:27.078+0000] {logging_mixin.py:149} INFO - [2025-09-27T12:42:27.078+0000] {dagbag.py:541} INFO - Filling up the DagBag from /home/airflow/.local/lib/python3.7/site-packages/airflow/example_dags/example_passing_params_via_test_command.py
[2025-09-27T12:42:27.088+0000] {processor.py:836} INFO - DAG(s) dict_keys(['example_passing_params_via_test_command']) retrieved from /home/airflow/.local/lib/python3.7/site-packages/airflow/example_dags/example_passing_params_via_test_command.py
[2025-09-27T12:42:27.122+0000] {logging_mixin.py:149} INFO - [2025-09-27T12:42:27.122+0000] {dag.py:2726} INFO - Sync 1 DAGs
[2025-09-27T12:42:27.155+0000] {logging_mixin.py:149} INFO - [2025-09-27T12:42:27.155+0000] {dag.py:3490} INFO - Setting next_dagrun for example_passing_params_via_test_command to 2025-09-27T12:41:00+00:00, run_after=2025-09-27T12:42:00+00:00
[2025-09-27T12:42:27.179+0000] {processor.py:179} INFO - Processing /home/airflow/.local/lib/python3.7/site-packages/airflow/example_dags/example_passing_params_via_test_command.py took 0.106 seconds
[2025-09-27T12:42:58.173+0000] {processor.py:157} INFO - Started process (PID=2164) to work on /home/airflow/.local/lib/python3.7/site-packages/airflow/example_dags/example_passing_params_via_test_command.py
[2025-09-27T12:42:58.174+0000] {processor.py:826} INFO - Processing file /home/airflow/.local/lib/python3.7/site-packages/airflow/example_dags/example_passing_params_via_test_command.py for tasks to queue
[2025-09-27T12:42:58.175+0000] {logging_mixin.py:149} INFO - [2025-09-27T12:42:58.174+0000] {dagbag.py:541} INFO - Filling up the DagBag from /home/airflow/.local/lib/python3.7/site-packages/airflow/example_dags/example_passing_params_via_test_command.py
[2025-09-27T12:42:58.186+0000] {processor.py:836} INFO - DAG(s) dict_keys(['example_passing_params_via_test_command']) retrieved from /home/airflow/.local/lib/python3.7/site-packages/airflow/example_dags/example_passing_params_via_test_command.py
[2025-09-27T12:42:58.215+0000] {logging_mixin.py:149} INFO - [2025-09-27T12:42:58.215+0000] {dag.py:2726} INFO - Sync 1 DAGs
[2025-09-27T12:42:58.250+0000] {logging_mixin.py:149} INFO - [2025-09-27T12:42:58.250+0000] {dag.py:3490} INFO - Setting next_dagrun for example_passing_params_via_test_command to 2025-09-27T12:41:00+00:00, run_after=2025-09-27T12:42:00+00:00
[2025-09-27T12:42:58.272+0000] {processor.py:179} INFO - Processing /home/airflow/.local/lib/python3.7/site-packages/airflow/example_dags/example_passing_params_via_test_command.py took 0.104 seconds
[2025-09-27T12:43:28.674+0000] {processor.py:157} INFO - Started process (PID=2460) to work on /home/airflow/.local/lib/python3.7/site-packages/airflow/example_dags/example_passing_params_via_test_command.py
[2025-09-27T12:43:28.675+0000] {processor.py:826} INFO - Processing file /home/airflow/.local/lib/python3.7/site-packages/airflow/example_dags/example_passing_params_via_test_command.py for tasks to queue
[2025-09-27T12:43:28.675+0000] {logging_mixin.py:149} INFO - [2025-09-27T12:43:28.675+0000] {dagbag.py:541} INFO - Filling up the DagBag from /home/airflow/.local/lib/python3.7/site-packages/airflow/example_dags/example_passing_params_via_test_command.py
[2025-09-27T12:43:28.685+0000] {processor.py:836} INFO - DAG(s) dict_keys(['example_passing_params_via_test_command']) retrieved from /home/airflow/.local/lib/python3.7/site-packages/airflow/example_dags/example_passing_params_via_test_command.py
[2025-09-27T12:43:28.717+0000] {logging_mixin.py:149} INFO - [2025-09-27T12:43:28.717+0000] {dag.py:2726} INFO - Sync 1 DAGs
[2025-09-27T12:43:28.750+0000] {logging_mixin.py:149} INFO - [2025-09-27T12:43:28.750+0000] {dag.py:3490} INFO - Setting next_dagrun for example_passing_params_via_test_command to 2025-09-27T12:42:00+00:00, run_after=2025-09-27T12:43:00+00:00
[2025-09-27T12:43:28.773+0000] {processor.py:179} INFO - Processing /home/airflow/.local/lib/python3.7/site-packages/airflow/example_dags/example_passing_params_via_test_command.py took 0.102 seconds
[2025-09-27T12:43:59.167+0000] {processor.py:157} INFO - Started process (PID=2752) to work on /home/airflow/.local/lib/python3.7/site-packages/airflow/example_dags/example_passing_params_via_test_command.py
[2025-09-27T12:43:59.168+0000] {processor.py:826} INFO - Processing file /home/airflow/.local/lib/python3.7/site-packages/airflow/example_dags/example_passing_params_via_test_command.py for tasks to queue
[2025-09-27T12:43:59.169+0000] {logging_mixin.py:149} INFO - [2025-09-27T12:43:59.169+0000] {dagbag.py:541} INFO - Filling up the DagBag from /home/airflow/.local/lib/python3.7/site-packages/airflow/example_dags/example_passing_params_via_test_command.py
[2025-09-27T12:43:59.180+0000] {processor.py:836} INFO - DAG(s) dict_keys(['example_passing_params_via_test_command']) retrieved from /home/airflow/.local/lib/python3.7/site-packages/airflow/example_dags/example_passing_params_via_test_command.py
[2025-09-27T12:43:59.224+0000] {logging_mixin.py:149} INFO - [2025-09-27T12:43:59.224+0000] {dag.py:2726} INFO - Sync 1 DAGs
[2025-09-27T12:43:59.258+0000] {logging_mixin.py:149} INFO - [2025-09-27T12:43:59.258+0000] {dag.py:3490} INFO - Setting next_dagrun for example_passing_params_via_test_command to 2025-09-27T12:42:00+00:00, run_after=2025-09-27T12:43:00+00:00
[2025-09-27T12:43:59.279+0000] {processor.py:179} INFO - Processing /home/airflow/.local/lib/python3.7/site-packages/airflow/example_dags/example_passing_params_via_test_command.py took 0.115 seconds
[2025-09-27T12:46:21.933+0000] {processor.py:157} INFO - Started process (PID=3048) to work on /home/airflow/.local/lib/python3.7/site-packages/airflow/example_dags/example_passing_params_via_test_command.py
[2025-09-27T12:46:21.934+0000] {processor.py:826} INFO - Processing file /home/airflow/.local/lib/python3.7/site-packages/airflow/example_dags/example_passing_params_via_test_command.py for tasks to queue
[2025-09-27T12:46:21.935+0000] {logging_mixin.py:149} INFO - [2025-09-27T12:46:21.935+0000] {dagbag.py:541} INFO - Filling up the DagBag from /home/airflow/.local/lib/python3.7/site-packages/airflow/example_dags/example_passing_params_via_test_command.py
[2025-09-27T12:46:21.946+0000] {processor.py:836} INFO - DAG(s) dict_keys(['example_passing_params_via_test_command']) retrieved from /home/airflow/.local/lib/python3.7/site-packages/airflow/example_dags/example_passing_params_via_test_command.py
[2025-09-27T12:46:21.981+0000] {logging_mixin.py:149} INFO - [2025-09-27T12:46:21.981+0000] {dag.py:2726} INFO - Sync 1 DAGs
[2025-09-27T12:46:22.016+0000] {logging_mixin.py:149} INFO - [2025-09-27T12:46:22.015+0000] {dag.py:3490} INFO - Setting next_dagrun for example_passing_params_via_test_command to 2025-09-27T12:45:00+00:00, run_after=2025-09-27T12:46:00+00:00
[2025-09-27T12:46:22.041+0000] {processor.py:179} INFO - Processing /home/airflow/.local/lib/python3.7/site-packages/airflow/example_dags/example_passing_params_via_test_command.py took 0.112 seconds
[2025-09-27T12:49:25.999+0000] {processor.py:157} INFO - Started process (PID=3345) to work on /home/airflow/.local/lib/python3.7/site-packages/airflow/example_dags/example_passing_params_via_test_command.py
[2025-09-27T12:49:26.001+0000] {processor.py:826} INFO - Processing file /home/airflow/.local/lib/python3.7/site-packages/airflow/example_dags/example_passing_params_via_test_command.py for tasks to queue
[2025-09-27T12:49:26.003+0000] {logging_mixin.py:149} INFO - [2025-09-27T12:49:26.003+0000] {dagbag.py:541} INFO - Filling up the DagBag from /home/airflow/.local/lib/python3.7/site-packages/airflow/example_dags/example_passing_params_via_test_command.py
[2025-09-27T12:49:26.017+0000] {processor.py:836} INFO - DAG(s) dict_keys(['example_passing_params_via_test_command']) retrieved from /home/airflow/.local/lib/python3.7/site-packages/airflow/example_dags/example_passing_params_via_test_command.py
[2025-09-27T12:49:26.069+0000] {logging_mixin.py:149} INFO - [2025-09-27T12:49:26.069+0000] {dag.py:2726} INFO - Sync 1 DAGs
[2025-09-27T12:49:26.115+0000] {logging_mixin.py:149} INFO - [2025-09-27T12:49:26.115+0000] {dag.py:3490} INFO - Setting next_dagrun for example_passing_params_via_test_command to 2025-09-27T12:48:00+00:00, run_after=2025-09-27T12:49:00+00:00
[2025-09-27T12:49:26.144+0000] {processor.py:179} INFO - Processing /home/airflow/.local/lib/python3.7/site-packages/airflow/example_dags/example_passing_params_via_test_command.py took 0.149 seconds
[2025-09-27T12:49:56.394+0000] {processor.py:157} INFO - Started process (PID=3639) to work on /home/airflow/.local/lib/python3.7/site-packages/airflow/example_dags/example_passing_params_via_test_command.py
[2025-09-27T12:49:56.396+0000] {processor.py:826} INFO - Processing file /home/airflow/.local/lib/python3.7/site-packages/airflow/example_dags/example_passing_params_via_test_command.py for tasks to queue
[2025-09-27T12:49:56.397+0000] {logging_mixin.py:149} INFO - [2025-09-27T12:49:56.396+0000] {dagbag.py:541} INFO - Filling up the DagBag from /home/airflow/.local/lib/python3.7/site-packages/airflow/example_dags/example_passing_params_via_test_command.py
[2025-09-27T12:49:56.407+0000] {processor.py:836} INFO - DAG(s) dict_keys(['example_passing_params_via_test_command']) retrieved from /home/airflow/.local/lib/python3.7/site-packages/airflow/example_dags/example_passing_params_via_test_command.py
[2025-09-27T12:49:56.444+0000] {logging_mixin.py:149} INFO - [2025-09-27T12:49:56.444+0000] {dag.py:2726} INFO - Sync 1 DAGs
[2025-09-27T12:49:56.485+0000] {logging_mixin.py:149} INFO - [2025-09-27T12:49:56.485+0000] {dag.py:3490} INFO - Setting next_dagrun for example_passing_params_via_test_command to 2025-09-27T12:48:00+00:00, run_after=2025-09-27T12:49:00+00:00
[2025-09-27T12:49:56.511+0000] {processor.py:179} INFO - Processing /home/airflow/.local/lib/python3.7/site-packages/airflow/example_dags/example_passing_params_via_test_command.py took 0.121 seconds
[2025-09-27T12:50:26.660+0000] {processor.py:157} INFO - Started process (PID=3933) to work on /home/airflow/.local/lib/python3.7/site-packages/airflow/example_dags/example_passing_params_via_test_command.py
[2025-09-27T12:50:26.661+0000] {processor.py:826} INFO - Processing file /home/airflow/.local/lib/python3.7/site-packages/airflow/example_dags/example_passing_params_via_test_command.py for tasks to queue
[2025-09-27T12:50:26.662+0000] {logging_mixin.py:149} INFO - [2025-09-27T12:50:26.662+0000] {dagbag.py:541} INFO - Filling up the DagBag from /home/airflow/.local/lib/python3.7/site-packages/airflow/example_dags/example_passing_params_via_test_command.py
[2025-09-27T12:50:26.674+0000] {processor.py:836} INFO - DAG(s) dict_keys(['example_passing_params_via_test_command']) retrieved from /home/airflow/.local/lib/python3.7/site-packages/airflow/example_dags/example_passing_params_via_test_command.py
[2025-09-27T12:50:26.714+0000] {logging_mixin.py:149} INFO - [2025-09-27T12:50:26.714+0000] {dag.py:2726} INFO - Sync 1 DAGs
[2025-09-27T12:50:26.753+0000] {logging_mixin.py:149} INFO - [2025-09-27T12:50:26.753+0000] {dag.py:3490} INFO - Setting next_dagrun for example_passing_params_via_test_command to 2025-09-27T12:49:00+00:00, run_after=2025-09-27T12:50:00+00:00
[2025-09-27T12:50:26.778+0000] {processor.py:179} INFO - Processing /home/airflow/.local/lib/python3.7/site-packages/airflow/example_dags/example_passing_params_via_test_command.py took 0.122 seconds
[2025-09-27T12:50:56.976+0000] {processor.py:157} INFO - Started process (PID=4227) to work on /home/airflow/.local/lib/python3.7/site-packages/airflow/example_dags/example_passing_params_via_test_command.py
[2025-09-27T12:50:56.977+0000] {processor.py:826} INFO - Processing file /home/airflow/.local/lib/python3.7/site-packages/airflow/example_dags/example_passing_params_via_test_command.py for tasks to queue
[2025-09-27T12:50:56.978+0000] {logging_mixin.py:149} INFO - [2025-09-27T12:50:56.978+0000] {dagbag.py:541} INFO - Filling up the DagBag from /home/airflow/.local/lib/python3.7/site-packages/airflow/example_dags/example_passing_params_via_test_command.py
[2025-09-27T12:50:56.988+0000] {processor.py:836} INFO - DAG(s) dict_keys(['example_passing_params_via_test_command']) retrieved from /home/airflow/.local/lib/python3.7/site-packages/airflow/example_dags/example_passing_params_via_test_command.py
[2025-09-27T12:50:57.018+0000] {logging_mixin.py:149} INFO - [2025-09-27T12:50:57.018+0000] {dag.py:2726} INFO - Sync 1 DAGs
[2025-09-27T12:50:57.050+0000] {logging_mixin.py:149} INFO - [2025-09-27T12:50:57.050+0000] {dag.py:3490} INFO - Setting next_dagrun for example_passing_params_via_test_command to 2025-09-27T12:49:00+00:00, run_after=2025-09-27T12:50:00+00:00
[2025-09-27T12:50:57.072+0000] {processor.py:179} INFO - Processing /home/airflow/.local/lib/python3.7/site-packages/airflow/example_dags/example_passing_params_via_test_command.py took 0.100 seconds
[2025-09-27T12:51:31.591+0000] {processor.py:157} INFO - Started process (PID=4521) to work on /home/airflow/.local/lib/python3.7/site-packages/airflow/example_dags/example_passing_params_via_test_command.py
[2025-09-27T12:51:31.592+0000] {processor.py:826} INFO - Processing file /home/airflow/.local/lib/python3.7/site-packages/airflow/example_dags/example_passing_params_via_test_command.py for tasks to queue
[2025-09-27T12:51:31.593+0000] {logging_mixin.py:149} INFO - [2025-09-27T12:51:31.593+0000] {dagbag.py:541} INFO - Filling up the DagBag from /home/airflow/.local/lib/python3.7/site-packages/airflow/example_dags/example_passing_params_via_test_command.py
[2025-09-27T12:51:31.605+0000] {processor.py:836} INFO - DAG(s) dict_keys(['example_passing_params_via_test_command']) retrieved from /home/airflow/.local/lib/python3.7/site-packages/airflow/example_dags/example_passing_params_via_test_command.py
[2025-09-27T12:51:31.641+0000] {logging_mixin.py:149} INFO - [2025-09-27T12:51:31.641+0000] {dag.py:2726} INFO - Sync 1 DAGs
[2025-09-27T12:51:31.684+0000] {logging_mixin.py:149} INFO - [2025-09-27T12:51:31.683+0000] {dag.py:3490} INFO - Setting next_dagrun for example_passing_params_via_test_command to 2025-09-27T12:50:00+00:00, run_after=2025-09-27T12:51:00+00:00
[2025-09-27T12:51:31.704+0000] {processor.py:179} INFO - Processing /home/airflow/.local/lib/python3.7/site-packages/airflow/example_dags/example_passing_params_via_test_command.py took 0.117 seconds
[2025-09-27T12:52:02.479+0000] {processor.py:157} INFO - Started process (PID=4810) to work on /home/airflow/.local/lib/python3.7/site-packages/airflow/example_dags/example_passing_params_via_test_command.py
[2025-09-27T12:52:02.480+0000] {processor.py:826} INFO - Processing file /home/airflow/.local/lib/python3.7/site-packages/airflow/example_dags/example_passing_params_via_test_command.py for tasks to queue
[2025-09-27T12:52:02.481+0000] {logging_mixin.py:149} INFO - [2025-09-27T12:52:02.481+0000] {dagbag.py:541} INFO - Filling up the DagBag from /home/airflow/.local/lib/python3.7/site-packages/airflow/example_dags/example_passing_params_via_test_command.py
[2025-09-27T12:52:02.492+0000] {processor.py:836} INFO - DAG(s) dict_keys(['example_passing_params_via_test_command']) retrieved from /home/airflow/.local/lib/python3.7/site-packages/airflow/example_dags/example_passing_params_via_test_command.py
[2025-09-27T12:52:02.755+0000] {logging_mixin.py:149} INFO - [2025-09-27T12:52:02.755+0000] {dag.py:2726} INFO - Sync 1 DAGs
[2025-09-27T12:52:02.801+0000] {logging_mixin.py:149} INFO - [2025-09-27T12:52:02.801+0000] {dag.py:3490} INFO - Setting next_dagrun for example_passing_params_via_test_command to 2025-09-27T12:51:00+00:00, run_after=2025-09-27T12:52:00+00:00
[2025-09-27T12:52:02.824+0000] {processor.py:179} INFO - Processing /home/airflow/.local/lib/python3.7/site-packages/airflow/example_dags/example_passing_params_via_test_command.py took 0.349 seconds
[2025-09-27T12:52:34.104+0000] {processor.py:157} INFO - Started process (PID=5109) to work on /home/airflow/.local/lib/python3.7/site-packages/airflow/example_dags/example_passing_params_via_test_command.py
[2025-09-27T12:52:34.104+0000] {processor.py:826} INFO - Processing file /home/airflow/.local/lib/python3.7/site-packages/airflow/example_dags/example_passing_params_via_test_command.py for tasks to queue
[2025-09-27T12:52:34.105+0000] {logging_mixin.py:149} INFO - [2025-09-27T12:52:34.105+0000] {dagbag.py:541} INFO - Filling up the DagBag from /home/airflow/.local/lib/python3.7/site-packages/airflow/example_dags/example_passing_params_via_test_command.py
[2025-09-27T12:52:34.116+0000] {processor.py:836} INFO - DAG(s) dict_keys(['example_passing_params_via_test_command']) retrieved from /home/airflow/.local/lib/python3.7/site-packages/airflow/example_dags/example_passing_params_via_test_command.py
[2025-09-27T12:52:34.479+0000] {logging_mixin.py:149} INFO - [2025-09-27T12:52:34.479+0000] {dag.py:2726} INFO - Sync 1 DAGs
[2025-09-27T12:52:34.513+0000] {logging_mixin.py:149} INFO - [2025-09-27T12:52:34.513+0000] {dag.py:3490} INFO - Setting next_dagrun for example_passing_params_via_test_command to 2025-09-27T12:51:00+00:00, run_after=2025-09-27T12:52:00+00:00
[2025-09-27T12:52:34.536+0000] {processor.py:179} INFO - Processing /home/airflow/.local/lib/python3.7/site-packages/airflow/example_dags/example_passing_params_via_test_command.py took 0.436 seconds
[2025-09-27T12:53:05.358+0000] {processor.py:157} INFO - Started process (PID=5403) to work on /home/airflow/.local/lib/python3.7/site-packages/airflow/example_dags/example_passing_params_via_test_command.py
[2025-09-27T12:53:05.359+0000] {processor.py:826} INFO - Processing file /home/airflow/.local/lib/python3.7/site-packages/airflow/example_dags/example_passing_params_via_test_command.py for tasks to queue
[2025-09-27T12:53:05.361+0000] {logging_mixin.py:149} INFO - [2025-09-27T12:53:05.360+0000] {dagbag.py:541} INFO - Filling up the DagBag from /home/airflow/.local/lib/python3.7/site-packages/airflow/example_dags/example_passing_params_via_test_command.py
[2025-09-27T12:53:05.378+0000] {processor.py:836} INFO - DAG(s) dict_keys(['example_passing_params_via_test_command']) retrieved from /home/airflow/.local/lib/python3.7/site-packages/airflow/example_dags/example_passing_params_via_test_command.py
[2025-09-27T12:53:05.780+0000] {logging_mixin.py:149} INFO - [2025-09-27T12:53:05.780+0000] {dag.py:2726} INFO - Sync 1 DAGs
[2025-09-27T12:53:05.816+0000] {logging_mixin.py:149} INFO - [2025-09-27T12:53:05.815+0000] {dag.py:3490} INFO - Setting next_dagrun for example_passing_params_via_test_command to 2025-09-27T12:52:00+00:00, run_after=2025-09-27T12:53:00+00:00
[2025-09-27T12:53:05.839+0000] {processor.py:179} INFO - Processing /home/airflow/.local/lib/python3.7/site-packages/airflow/example_dags/example_passing_params_via_test_command.py took 0.484 seconds
[2025-09-27T12:53:36.155+0000] {processor.py:157} INFO - Started process (PID=5697) to work on /home/airflow/.local/lib/python3.7/site-packages/airflow/example_dags/example_passing_params_via_test_command.py
[2025-09-27T12:53:36.156+0000] {processor.py:826} INFO - Processing file /home/airflow/.local/lib/python3.7/site-packages/airflow/example_dags/example_passing_params_via_test_command.py for tasks to queue
[2025-09-27T12:53:36.157+0000] {logging_mixin.py:149} INFO - [2025-09-27T12:53:36.157+0000] {dagbag.py:541} INFO - Filling up the DagBag from /home/airflow/.local/lib/python3.7/site-packages/airflow/example_dags/example_passing_params_via_test_command.py
[2025-09-27T12:53:36.168+0000] {processor.py:836} INFO - DAG(s) dict_keys(['example_passing_params_via_test_command']) retrieved from /home/airflow/.local/lib/python3.7/site-packages/airflow/example_dags/example_passing_params_via_test_command.py
[2025-09-27T12:53:36.199+0000] {logging_mixin.py:149} INFO - [2025-09-27T12:53:36.199+0000] {dag.py:2726} INFO - Sync 1 DAGs
[2025-09-27T12:53:36.236+0000] {logging_mixin.py:149} INFO - [2025-09-27T12:53:36.236+0000] {dag.py:3490} INFO - Setting next_dagrun for example_passing_params_via_test_command to 2025-09-27T12:52:00+00:00, run_after=2025-09-27T12:53:00+00:00
[2025-09-27T12:53:36.257+0000] {processor.py:179} INFO - Processing /home/airflow/.local/lib/python3.7/site-packages/airflow/example_dags/example_passing_params_via_test_command.py took 0.105 seconds
[2025-09-27T12:54:07.632+0000] {processor.py:157} INFO - Started process (PID=5991) to work on /home/airflow/.local/lib/python3.7/site-packages/airflow/example_dags/example_passing_params_via_test_command.py
[2025-09-27T12:54:07.633+0000] {processor.py:826} INFO - Processing file /home/airflow/.local/lib/python3.7/site-packages/airflow/example_dags/example_passing_params_via_test_command.py for tasks to queue
[2025-09-27T12:54:07.634+0000] {logging_mixin.py:149} INFO - [2025-09-27T12:54:07.634+0000] {dagbag.py:541} INFO - Filling up the DagBag from /home/airflow/.local/lib/python3.7/site-packages/airflow/example_dags/example_passing_params_via_test_command.py
[2025-09-27T12:54:07.647+0000] {processor.py:836} INFO - DAG(s) dict_keys(['example_passing_params_via_test_command']) retrieved from /home/airflow/.local/lib/python3.7/site-packages/airflow/example_dags/example_passing_params_via_test_command.py
[2025-09-27T12:54:07.680+0000] {logging_mixin.py:149} INFO - [2025-09-27T12:54:07.680+0000] {dag.py:2726} INFO - Sync 1 DAGs
[2025-09-27T12:54:07.715+0000] {logging_mixin.py:149} INFO - [2025-09-27T12:54:07.715+0000] {dag.py:3490} INFO - Setting next_dagrun for example_passing_params_via_test_command to 2025-09-27T12:53:00+00:00, run_after=2025-09-27T12:54:00+00:00
[2025-09-27T12:54:07.737+0000] {processor.py:179} INFO - Processing /home/airflow/.local/lib/python3.7/site-packages/airflow/example_dags/example_passing_params_via_test_command.py took 0.110 seconds
[2025-09-27T12:54:38.709+0000] {processor.py:157} INFO - Started process (PID=6285) to work on /home/airflow/.local/lib/python3.7/site-packages/airflow/example_dags/example_passing_params_via_test_command.py
[2025-09-27T12:54:38.710+0000] {processor.py:826} INFO - Processing file /home/airflow/.local/lib/python3.7/site-packages/airflow/example_dags/example_passing_params_via_test_command.py for tasks to queue
[2025-09-27T12:54:38.711+0000] {logging_mixin.py:149} INFO - [2025-09-27T12:54:38.711+0000] {dagbag.py:541} INFO - Filling up the DagBag from /home/airflow/.local/lib/python3.7/site-packages/airflow/example_dags/example_passing_params_via_test_command.py
[2025-09-27T12:54:38.722+0000] {processor.py:836} INFO - DAG(s) dict_keys(['example_passing_params_via_test_command']) retrieved from /home/airflow/.local/lib/python3.7/site-packages/airflow/example_dags/example_passing_params_via_test_command.py
[2025-09-27T12:54:38.752+0000] {logging_mixin.py:149} INFO - [2025-09-27T12:54:38.752+0000] {dag.py:2726} INFO - Sync 1 DAGs
[2025-09-27T12:54:38.786+0000] {logging_mixin.py:149} INFO - [2025-09-27T12:54:38.786+0000] {dag.py:3490} INFO - Setting next_dagrun for example_passing_params_via_test_command to 2025-09-27T12:53:00+00:00, run_after=2025-09-27T12:54:00+00:00
[2025-09-27T12:54:38.806+0000] {processor.py:179} INFO - Processing /home/airflow/.local/lib/python3.7/site-packages/airflow/example_dags/example_passing_params_via_test_command.py took 0.101 seconds
[2025-09-27T12:55:09.491+0000] {processor.py:157} INFO - Started process (PID=6574) to work on /home/airflow/.local/lib/python3.7/site-packages/airflow/example_dags/example_passing_params_via_test_command.py
[2025-09-27T12:55:09.492+0000] {processor.py:826} INFO - Processing file /home/airflow/.local/lib/python3.7/site-packages/airflow/example_dags/example_passing_params_via_test_command.py for tasks to queue
[2025-09-27T12:55:09.493+0000] {logging_mixin.py:149} INFO - [2025-09-27T12:55:09.493+0000] {dagbag.py:541} INFO - Filling up the DagBag from /home/airflow/.local/lib/python3.7/site-packages/airflow/example_dags/example_passing_params_via_test_command.py
[2025-09-27T12:55:09.503+0000] {processor.py:836} INFO - DAG(s) dict_keys(['example_passing_params_via_test_command']) retrieved from /home/airflow/.local/lib/python3.7/site-packages/airflow/example_dags/example_passing_params_via_test_command.py
[2025-09-27T12:55:09.533+0000] {logging_mixin.py:149} INFO - [2025-09-27T12:55:09.533+0000] {dag.py:2726} INFO - Sync 1 DAGs
[2025-09-27T12:55:09.566+0000] {logging_mixin.py:149} INFO - [2025-09-27T12:55:09.566+0000] {dag.py:3490} INFO - Setting next_dagrun for example_passing_params_via_test_command to 2025-09-27T12:54:00+00:00, run_after=2025-09-27T12:55:00+00:00
[2025-09-27T12:55:09.587+0000] {processor.py:179} INFO - Processing /home/airflow/.local/lib/python3.7/site-packages/airflow/example_dags/example_passing_params_via_test_command.py took 0.100 seconds
[2025-09-27T12:55:40.539+0000] {processor.py:157} INFO - Started process (PID=6873) to work on /home/airflow/.local/lib/python3.7/site-packages/airflow/example_dags/example_passing_params_via_test_command.py
[2025-09-27T12:55:40.540+0000] {processor.py:826} INFO - Processing file /home/airflow/.local/lib/python3.7/site-packages/airflow/example_dags/example_passing_params_via_test_command.py for tasks to queue
[2025-09-27T12:55:40.541+0000] {logging_mixin.py:149} INFO - [2025-09-27T12:55:40.541+0000] {dagbag.py:541} INFO - Filling up the DagBag from /home/airflow/.local/lib/python3.7/site-packages/airflow/example_dags/example_passing_params_via_test_command.py
[2025-09-27T12:55:40.551+0000] {processor.py:836} INFO - DAG(s) dict_keys(['example_passing_params_via_test_command']) retrieved from /home/airflow/.local/lib/python3.7/site-packages/airflow/example_dags/example_passing_params_via_test_command.py
[2025-09-27T12:55:41.474+0000] {processor.py:182} ERROR - Got an exception! Propagating...
Traceback (most recent call last):
  File "/home/airflow/.local/lib/python3.7/site-packages/sqlalchemy/engine/base.py", line 3366, in _wrap_pool_connect
    return fn()
  File "/home/airflow/.local/lib/python3.7/site-packages/sqlalchemy/pool/base.py", line 327, in connect
    return _ConnectionFairy._checkout(self)
  File "/home/airflow/.local/lib/python3.7/site-packages/sqlalchemy/pool/base.py", line 894, in _checkout
    fairy = _ConnectionRecord.checkout(pool)
  File "/home/airflow/.local/lib/python3.7/site-packages/sqlalchemy/pool/base.py", line 493, in checkout
    rec = pool._do_get()
  File "/home/airflow/.local/lib/python3.7/site-packages/sqlalchemy/pool/impl.py", line 146, in _do_get
    self._dec_overflow()
  File "/home/airflow/.local/lib/python3.7/site-packages/sqlalchemy/util/langhelpers.py", line 72, in __exit__
    with_traceback=exc_tb,
  File "/home/airflow/.local/lib/python3.7/site-packages/sqlalchemy/util/compat.py", line 211, in raise_
    raise exception
  File "/home/airflow/.local/lib/python3.7/site-packages/sqlalchemy/pool/impl.py", line 143, in _do_get
    return self._create_connection()
  File "/home/airflow/.local/lib/python3.7/site-packages/sqlalchemy/pool/base.py", line 273, in _create_connection
    return _ConnectionRecord(self)
  File "/home/airflow/.local/lib/python3.7/site-packages/sqlalchemy/pool/base.py", line 388, in __init__
    self.__connect()
  File "/home/airflow/.local/lib/python3.7/site-packages/sqlalchemy/pool/base.py", line 691, in __connect
    pool.logger.debug("Error on connect(): %s", e)
  File "/home/airflow/.local/lib/python3.7/site-packages/sqlalchemy/util/langhelpers.py", line 72, in __exit__
    with_traceback=exc_tb,
  File "/home/airflow/.local/lib/python3.7/site-packages/sqlalchemy/util/compat.py", line 211, in raise_
    raise exception
  File "/home/airflow/.local/lib/python3.7/site-packages/sqlalchemy/pool/base.py", line 686, in __connect
    self.dbapi_connection = connection = pool._invoke_creator(self)
  File "/home/airflow/.local/lib/python3.7/site-packages/sqlalchemy/engine/create.py", line 574, in connect
    return dialect.connect(*cargs, **cparams)
  File "/home/airflow/.local/lib/python3.7/site-packages/sqlalchemy/engine/default.py", line 598, in connect
    return self.dbapi.connect(*cargs, **cparams)
  File "/home/airflow/.local/lib/python3.7/site-packages/psycopg2/__init__.py", line 122, in connect
    conn = _connect(dsn, connection_factory=connection_factory, **kwasync)
psycopg2.OperationalError: connection to server at "postgres" (172.22.0.7), port 5432 failed: FATAL:  password authentication failed for user "airflow"


The above exception was the direct cause of the following exception:

Traceback (most recent call last):
  File "/home/airflow/.local/lib/python3.7/site-packages/airflow/dag_processing/processor.py", line 178, in _run_file_processor
    _handle_dag_file_processing()
  File "/home/airflow/.local/lib/python3.7/site-packages/airflow/dag_processing/processor.py", line 162, in _handle_dag_file_processing
    callback_requests=callback_requests,
  File "/home/airflow/.local/lib/python3.7/site-packages/airflow/utils/session.py", line 76, in wrapper
    return func(*args, session=session, **kwargs)
  File "/home/airflow/.local/lib/python3.7/site-packages/airflow/dag_processing/processor.py", line 857, in process_file
    pickle_dags=pickle_dags,
  File "/home/airflow/.local/lib/python3.7/site-packages/airflow/api_internal/internal_api_call.py", line 112, in wrapper
    return func(*args, **kwargs)
  File "/home/airflow/.local/lib/python3.7/site-packages/airflow/utils/session.py", line 76, in wrapper
    return func(*args, session=session, **kwargs)
  File "/home/airflow/.local/lib/python3.7/site-packages/airflow/dag_processing/processor.py", line 890, in save_dag_to_db
    import_errors = DagBag._sync_to_db(dags=dags, processor_subdir=dag_directory, session=session)
  File "/home/airflow/.local/lib/python3.7/site-packages/airflow/utils/session.py", line 73, in wrapper
    return func(*args, **kwargs)
  File "/home/airflow/.local/lib/python3.7/site-packages/airflow/models/dagbag.py", line 659, in _sync_to_db
    for attempt in run_with_db_retries(logger=log):
  File "/home/airflow/.local/lib/python3.7/site-packages/tenacity/__init__.py", line 347, in __iter__
    do = self.iter(retry_state=retry_state)
  File "/home/airflow/.local/lib/python3.7/site-packages/tenacity/__init__.py", line 325, in iter
    raise retry_exc.reraise()
  File "/home/airflow/.local/lib/python3.7/site-packages/tenacity/__init__.py", line 158, in reraise
    raise self.last_attempt.result()
  File "/usr/local/lib/python3.7/concurrent/futures/_base.py", line 428, in result
    return self.__get_result()
  File "/usr/local/lib/python3.7/concurrent/futures/_base.py", line 384, in __get_result
    raise self._exception
  File "/home/airflow/.local/lib/python3.7/site-packages/airflow/models/dagbag.py", line 671, in _sync_to_db
    serialize_errors.extend(_serialize_dag_capturing_errors(dag, session))
  File "/home/airflow/.local/lib/python3.7/site-packages/airflow/models/dagbag.py", line 641, in _serialize_dag_capturing_errors
    session=session,
  File "/home/airflow/.local/lib/python3.7/site-packages/airflow/utils/session.py", line 73, in wrapper
    return func(*args, **kwargs)
  File "/home/airflow/.local/lib/python3.7/site-packages/airflow/models/serialized_dag.py", line 149, in write_dag
    (timezone.utcnow() - timedelta(seconds=min_update_interval)) < cls.last_updated,
  File "/home/airflow/.local/lib/python3.7/site-packages/sqlalchemy/orm/query.py", line 2893, in scalar
    ret = self.one()
  File "/home/airflow/.local/lib/python3.7/site-packages/sqlalchemy/orm/query.py", line 2870, in one
    return self._iter().one()
  File "/home/airflow/.local/lib/python3.7/site-packages/sqlalchemy/orm/query.py", line 2919, in _iter
    execution_options={"_sa_orm_load_options": self.load_options},
  File "/home/airflow/.local/lib/python3.7/site-packages/sqlalchemy/orm/session.py", line 1716, in execute
    conn = self._connection_for_bind(bind)
  File "/home/airflow/.local/lib/python3.7/site-packages/sqlalchemy/orm/session.py", line 1556, in _connection_for_bind
    engine, execution_options
  File "/home/airflow/.local/lib/python3.7/site-packages/sqlalchemy/orm/session.py", line 750, in _connection_for_bind
    conn = bind.connect()
  File "/home/airflow/.local/lib/python3.7/site-packages/sqlalchemy/engine/base.py", line 3320, in connect
    return self._connection_cls(self, close_with_result=close_with_result)
  File "/home/airflow/.local/lib/python3.7/site-packages/sqlalchemy/engine/base.py", line 96, in __init__
    else engine.raw_connection()
  File "/home/airflow/.local/lib/python3.7/site-packages/sqlalchemy/engine/base.py", line 3399, in raw_connection
    return self._wrap_pool_connect(self.pool.connect, _connection)
  File "/home/airflow/.local/lib/python3.7/site-packages/sqlalchemy/engine/base.py", line 3370, in _wrap_pool_connect
    e, dialect, self
  File "/home/airflow/.local/lib/python3.7/site-packages/sqlalchemy/engine/base.py", line 2204, in _handle_dbapi_exception_noconnection
    sqlalchemy_exception, with_traceback=exc_info[2], from_=e
  File "/home/airflow/.local/lib/python3.7/site-packages/sqlalchemy/util/compat.py", line 211, in raise_
    raise exception
  File "/home/airflow/.local/lib/python3.7/site-packages/sqlalchemy/engine/base.py", line 3366, in _wrap_pool_connect
    return fn()
  File "/home/airflow/.local/lib/python3.7/site-packages/sqlalchemy/pool/base.py", line 327, in connect
    return _ConnectionFairy._checkout(self)
  File "/home/airflow/.local/lib/python3.7/site-packages/sqlalchemy/pool/base.py", line 894, in _checkout
    fairy = _ConnectionRecord.checkout(pool)
  File "/home/airflow/.local/lib/python3.7/site-packages/sqlalchemy/pool/base.py", line 493, in checkout
    rec = pool._do_get()
  File "/home/airflow/.local/lib/python3.7/site-packages/sqlalchemy/pool/impl.py", line 146, in _do_get
    self._dec_overflow()
  File "/home/airflow/.local/lib/python3.7/site-packages/sqlalchemy/util/langhelpers.py", line 72, in __exit__
    with_traceback=exc_tb,
  File "/home/airflow/.local/lib/python3.7/site-packages/sqlalchemy/util/compat.py", line 211, in raise_
    raise exception
  File "/home/airflow/.local/lib/python3.7/site-packages/sqlalchemy/pool/impl.py", line 143, in _do_get
    return self._create_connection()
  File "/home/airflow/.local/lib/python3.7/site-packages/sqlalchemy/pool/base.py", line 273, in _create_connection
    return _ConnectionRecord(self)
  File "/home/airflow/.local/lib/python3.7/site-packages/sqlalchemy/pool/base.py", line 388, in __init__
    self.__connect()
  File "/home/airflow/.local/lib/python3.7/site-packages/sqlalchemy/pool/base.py", line 691, in __connect
    pool.logger.debug("Error on connect(): %s", e)
  File "/home/airflow/.local/lib/python3.7/site-packages/sqlalchemy/util/langhelpers.py", line 72, in __exit__
    with_traceback=exc_tb,
  File "/home/airflow/.local/lib/python3.7/site-packages/sqlalchemy/util/compat.py", line 211, in raise_
    raise exception
  File "/home/airflow/.local/lib/python3.7/site-packages/sqlalchemy/pool/base.py", line 686, in __connect
    self.dbapi_connection = connection = pool._invoke_creator(self)
  File "/home/airflow/.local/lib/python3.7/site-packages/sqlalchemy/engine/create.py", line 574, in connect
    return dialect.connect(*cargs, **cparams)
  File "/home/airflow/.local/lib/python3.7/site-packages/sqlalchemy/engine/default.py", line 598, in connect
    return self.dbapi.connect(*cargs, **cparams)
  File "/home/airflow/.local/lib/python3.7/site-packages/psycopg2/__init__.py", line 122, in connect
    conn = _connect(dsn, connection_factory=connection_factory, **kwasync)
sqlalchemy.exc.OperationalError: (psycopg2.OperationalError) connection to server at "postgres" (172.22.0.7), port 5432 failed: FATAL:  password authentication failed for user "airflow"

(Background on this error at: https://sqlalche.me/e/14/e3q8)
[2025-09-27T14:38:09.058+0000] {processor.py:157} INFO - Started process (PID=7186) to work on /home/airflow/.local/lib/python3.7/site-packages/airflow/example_dags/example_passing_params_via_test_command.py
[2025-09-27T14:38:09.059+0000] {processor.py:826} INFO - Processing file /home/airflow/.local/lib/python3.7/site-packages/airflow/example_dags/example_passing_params_via_test_command.py for tasks to queue
[2025-09-27T14:38:09.060+0000] {logging_mixin.py:149} INFO - [2025-09-27T14:38:09.060+0000] {dagbag.py:541} INFO - Filling up the DagBag from /home/airflow/.local/lib/python3.7/site-packages/airflow/example_dags/example_passing_params_via_test_command.py
[2025-09-27T14:38:09.071+0000] {processor.py:836} INFO - DAG(s) dict_keys(['example_passing_params_via_test_command']) retrieved from /home/airflow/.local/lib/python3.7/site-packages/airflow/example_dags/example_passing_params_via_test_command.py
[2025-09-27T14:38:09.106+0000] {logging_mixin.py:149} INFO - [2025-09-27T14:38:09.106+0000] {dag.py:2726} INFO - Sync 1 DAGs
[2025-09-27T14:38:09.134+0000] {logging_mixin.py:149} INFO - [2025-09-27T14:38:09.134+0000] {dag.py:3490} INFO - Setting next_dagrun for example_passing_params_via_test_command to 2025-09-27T14:37:00+00:00, run_after=2025-09-27T14:38:00+00:00
[2025-09-27T14:38:09.155+0000] {processor.py:179} INFO - Processing /home/airflow/.local/lib/python3.7/site-packages/airflow/example_dags/example_passing_params_via_test_command.py took 0.101 seconds
[2025-09-27T15:56:37.787+0000] {processor.py:157} INFO - Started process (PID=7487) to work on /home/airflow/.local/lib/python3.7/site-packages/airflow/example_dags/example_passing_params_via_test_command.py
[2025-09-27T15:56:37.789+0000] {processor.py:826} INFO - Processing file /home/airflow/.local/lib/python3.7/site-packages/airflow/example_dags/example_passing_params_via_test_command.py for tasks to queue
[2025-09-27T15:56:37.790+0000] {logging_mixin.py:149} INFO - [2025-09-27T15:56:37.790+0000] {dagbag.py:541} INFO - Filling up the DagBag from /home/airflow/.local/lib/python3.7/site-packages/airflow/example_dags/example_passing_params_via_test_command.py
[2025-09-27T15:56:37.804+0000] {processor.py:836} INFO - DAG(s) dict_keys(['example_passing_params_via_test_command']) retrieved from /home/airflow/.local/lib/python3.7/site-packages/airflow/example_dags/example_passing_params_via_test_command.py
[2025-09-27T15:56:37.843+0000] {logging_mixin.py:149} INFO - [2025-09-27T15:56:37.843+0000] {dag.py:2726} INFO - Sync 1 DAGs
[2025-09-27T15:56:37.899+0000] {logging_mixin.py:149} INFO - [2025-09-27T15:56:37.898+0000] {dag.py:3490} INFO - Setting next_dagrun for example_passing_params_via_test_command to 2025-09-27T15:55:00+00:00, run_after=2025-09-27T15:56:00+00:00
[2025-09-27T15:56:37.940+0000] {processor.py:179} INFO - Processing /home/airflow/.local/lib/python3.7/site-packages/airflow/example_dags/example_passing_params_via_test_command.py took 0.158 seconds
[2025-09-27T15:57:08.883+0000] {processor.py:157} INFO - Started process (PID=7779) to work on /home/airflow/.local/lib/python3.7/site-packages/airflow/example_dags/example_passing_params_via_test_command.py
[2025-09-27T15:57:08.884+0000] {processor.py:826} INFO - Processing file /home/airflow/.local/lib/python3.7/site-packages/airflow/example_dags/example_passing_params_via_test_command.py for tasks to queue
[2025-09-27T15:57:08.885+0000] {logging_mixin.py:149} INFO - [2025-09-27T15:57:08.885+0000] {dagbag.py:541} INFO - Filling up the DagBag from /home/airflow/.local/lib/python3.7/site-packages/airflow/example_dags/example_passing_params_via_test_command.py
[2025-09-27T15:57:08.896+0000] {processor.py:836} INFO - DAG(s) dict_keys(['example_passing_params_via_test_command']) retrieved from /home/airflow/.local/lib/python3.7/site-packages/airflow/example_dags/example_passing_params_via_test_command.py
[2025-09-27T15:57:08.925+0000] {logging_mixin.py:149} INFO - [2025-09-27T15:57:08.925+0000] {dag.py:2726} INFO - Sync 1 DAGs
[2025-09-27T15:57:08.957+0000] {logging_mixin.py:149} INFO - [2025-09-27T15:57:08.956+0000] {dag.py:3490} INFO - Setting next_dagrun for example_passing_params_via_test_command to 2025-09-27T15:56:00+00:00, run_after=2025-09-27T15:57:00+00:00
[2025-09-27T15:57:08.978+0000] {processor.py:179} INFO - Processing /home/airflow/.local/lib/python3.7/site-packages/airflow/example_dags/example_passing_params_via_test_command.py took 0.098 seconds
[2025-09-27T15:57:39.265+0000] {processor.py:157} INFO - Started process (PID=8073) to work on /home/airflow/.local/lib/python3.7/site-packages/airflow/example_dags/example_passing_params_via_test_command.py
[2025-09-27T15:57:39.266+0000] {processor.py:826} INFO - Processing file /home/airflow/.local/lib/python3.7/site-packages/airflow/example_dags/example_passing_params_via_test_command.py for tasks to queue
[2025-09-27T15:57:39.267+0000] {logging_mixin.py:149} INFO - [2025-09-27T15:57:39.267+0000] {dagbag.py:541} INFO - Filling up the DagBag from /home/airflow/.local/lib/python3.7/site-packages/airflow/example_dags/example_passing_params_via_test_command.py
[2025-09-27T15:57:39.277+0000] {processor.py:836} INFO - DAG(s) dict_keys(['example_passing_params_via_test_command']) retrieved from /home/airflow/.local/lib/python3.7/site-packages/airflow/example_dags/example_passing_params_via_test_command.py
[2025-09-27T15:57:39.309+0000] {logging_mixin.py:149} INFO - [2025-09-27T15:57:39.309+0000] {dag.py:2726} INFO - Sync 1 DAGs
[2025-09-27T15:57:39.340+0000] {logging_mixin.py:149} INFO - [2025-09-27T15:57:39.340+0000] {dag.py:3490} INFO - Setting next_dagrun for example_passing_params_via_test_command to 2025-09-27T15:56:00+00:00, run_after=2025-09-27T15:57:00+00:00
[2025-09-27T15:57:39.360+0000] {processor.py:179} INFO - Processing /home/airflow/.local/lib/python3.7/site-packages/airflow/example_dags/example_passing_params_via_test_command.py took 0.098 seconds
