[2025-09-22T01:14:46.821+0000] {processor.py:157} INFO - Started process (PID=405) to work on /home/airflow/.local/lib/python3.7/site-packages/airflow/example_dags/example_passing_params_via_test_command.py
[2025-09-22T01:14:46.823+0000] {processor.py:826} INFO - Processing file /home/airflow/.local/lib/python3.7/site-packages/airflow/example_dags/example_passing_params_via_test_command.py for tasks to queue
[2025-09-22T01:14:46.824+0000] {logging_mixin.py:149} INFO - [2025-09-22T01:14:46.824+0000] {dagbag.py:541} INFO - Filling up the DagBag from /home/airflow/.local/lib/python3.7/site-packages/airflow/example_dags/example_passing_params_via_test_command.py
[2025-09-22T01:14:46.839+0000] {processor.py:836} INFO - DAG(s) dict_keys(['example_passing_params_via_test_command']) retrieved from /home/airflow/.local/lib/python3.7/site-packages/airflow/example_dags/example_passing_params_via_test_command.py
[2025-09-22T01:14:46.888+0000] {logging_mixin.py:149} INFO - [2025-09-22T01:14:46.888+0000] {dag.py:2726} INFO - Sync 1 DAGs
[2025-09-22T01:14:46.932+0000] {logging_mixin.py:149} INFO - [2025-09-22T01:14:46.931+0000] {dag.py:3490} INFO - Setting next_dagrun for example_passing_params_via_test_command to 2025-09-22T01:13:00+00:00, run_after=2025-09-22T01:14:00+00:00
[2025-09-22T01:14:46.961+0000] {processor.py:179} INFO - Processing /home/airflow/.local/lib/python3.7/site-packages/airflow/example_dags/example_passing_params_via_test_command.py took 0.145 seconds
[2025-09-22T01:15:18.767+0000] {processor.py:157} INFO - Started process (PID=681) to work on /home/airflow/.local/lib/python3.7/site-packages/airflow/example_dags/example_passing_params_via_test_command.py
[2025-09-22T01:15:18.769+0000] {processor.py:826} INFO - Processing file /home/airflow/.local/lib/python3.7/site-packages/airflow/example_dags/example_passing_params_via_test_command.py for tasks to queue
[2025-09-22T01:15:18.770+0000] {logging_mixin.py:149} INFO - [2025-09-22T01:15:18.770+0000] {dagbag.py:541} INFO - Filling up the DagBag from /home/airflow/.local/lib/python3.7/site-packages/airflow/example_dags/example_passing_params_via_test_command.py
[2025-09-22T01:15:18.784+0000] {processor.py:836} INFO - DAG(s) dict_keys(['example_passing_params_via_test_command']) retrieved from /home/airflow/.local/lib/python3.7/site-packages/airflow/example_dags/example_passing_params_via_test_command.py
[2025-09-22T01:15:19.199+0000] {logging_mixin.py:149} INFO - [2025-09-22T01:15:19.199+0000] {dag.py:2726} INFO - Sync 1 DAGs
[2025-09-22T01:15:19.377+0000] {logging_mixin.py:149} INFO - [2025-09-22T01:15:19.377+0000] {dag.py:3490} INFO - Setting next_dagrun for example_passing_params_via_test_command to 2025-09-22T01:14:00+00:00, run_after=2025-09-22T01:15:00+00:00
[2025-09-22T01:15:19.405+0000] {processor.py:179} INFO - Processing /home/airflow/.local/lib/python3.7/site-packages/airflow/example_dags/example_passing_params_via_test_command.py took 0.643 seconds
[2025-09-22T01:15:50.327+0000] {processor.py:157} INFO - Started process (PID=967) to work on /home/airflow/.local/lib/python3.7/site-packages/airflow/example_dags/example_passing_params_via_test_command.py
[2025-09-22T01:15:50.329+0000] {processor.py:826} INFO - Processing file /home/airflow/.local/lib/python3.7/site-packages/airflow/example_dags/example_passing_params_via_test_command.py for tasks to queue
[2025-09-22T01:15:50.330+0000] {logging_mixin.py:149} INFO - [2025-09-22T01:15:50.330+0000] {dagbag.py:541} INFO - Filling up the DagBag from /home/airflow/.local/lib/python3.7/site-packages/airflow/example_dags/example_passing_params_via_test_command.py
[2025-09-22T01:15:50.344+0000] {processor.py:836} INFO - DAG(s) dict_keys(['example_passing_params_via_test_command']) retrieved from /home/airflow/.local/lib/python3.7/site-packages/airflow/example_dags/example_passing_params_via_test_command.py
[2025-09-22T01:15:51.515+0000] {processor.py:182} ERROR - Got an exception! Propagating...
Traceback (most recent call last):
  File "/home/airflow/.local/lib/python3.7/site-packages/sqlalchemy/engine/base.py", line 3366, in _wrap_pool_connect
    return fn()
  File "/home/airflow/.local/lib/python3.7/site-packages/sqlalchemy/pool/base.py", line 327, in connect
    return _ConnectionFairy._checkout(self)
  File "/home/airflow/.local/lib/python3.7/site-packages/sqlalchemy/pool/base.py", line 894, in _checkout
    fairy = _ConnectionRecord.checkout(pool)
  File "/home/airflow/.local/lib/python3.7/site-packages/sqlalchemy/pool/base.py", line 493, in checkout
    rec = pool._do_get()
  File "/home/airflow/.local/lib/python3.7/site-packages/sqlalchemy/pool/impl.py", line 146, in _do_get
    self._dec_overflow()
  File "/home/airflow/.local/lib/python3.7/site-packages/sqlalchemy/util/langhelpers.py", line 72, in __exit__
    with_traceback=exc_tb,
  File "/home/airflow/.local/lib/python3.7/site-packages/sqlalchemy/util/compat.py", line 211, in raise_
    raise exception
  File "/home/airflow/.local/lib/python3.7/site-packages/sqlalchemy/pool/impl.py", line 143, in _do_get
    return self._create_connection()
  File "/home/airflow/.local/lib/python3.7/site-packages/sqlalchemy/pool/base.py", line 273, in _create_connection
    return _ConnectionRecord(self)
  File "/home/airflow/.local/lib/python3.7/site-packages/sqlalchemy/pool/base.py", line 388, in __init__
    self.__connect()
  File "/home/airflow/.local/lib/python3.7/site-packages/sqlalchemy/pool/base.py", line 691, in __connect
    pool.logger.debug("Error on connect(): %s", e)
  File "/home/airflow/.local/lib/python3.7/site-packages/sqlalchemy/util/langhelpers.py", line 72, in __exit__
    with_traceback=exc_tb,
  File "/home/airflow/.local/lib/python3.7/site-packages/sqlalchemy/util/compat.py", line 211, in raise_
    raise exception
  File "/home/airflow/.local/lib/python3.7/site-packages/sqlalchemy/pool/base.py", line 686, in __connect
    self.dbapi_connection = connection = pool._invoke_creator(self)
  File "/home/airflow/.local/lib/python3.7/site-packages/sqlalchemy/engine/create.py", line 574, in connect
    return dialect.connect(*cargs, **cparams)
  File "/home/airflow/.local/lib/python3.7/site-packages/sqlalchemy/engine/default.py", line 598, in connect
    return self.dbapi.connect(*cargs, **cparams)
  File "/home/airflow/.local/lib/python3.7/site-packages/psycopg2/__init__.py", line 122, in connect
    conn = _connect(dsn, connection_factory=connection_factory, **kwasync)
psycopg2.OperationalError: connection to server at "postgres" (172.22.0.8), port 5432 failed: FATAL:  password authentication failed for user "airflow"


The above exception was the direct cause of the following exception:

Traceback (most recent call last):
  File "/home/airflow/.local/lib/python3.7/site-packages/airflow/dag_processing/processor.py", line 178, in _run_file_processor
    _handle_dag_file_processing()
  File "/home/airflow/.local/lib/python3.7/site-packages/airflow/dag_processing/processor.py", line 162, in _handle_dag_file_processing
    callback_requests=callback_requests,
  File "/home/airflow/.local/lib/python3.7/site-packages/airflow/utils/session.py", line 76, in wrapper
    return func(*args, session=session, **kwargs)
  File "/home/airflow/.local/lib/python3.7/site-packages/airflow/dag_processing/processor.py", line 857, in process_file
    pickle_dags=pickle_dags,
  File "/home/airflow/.local/lib/python3.7/site-packages/airflow/api_internal/internal_api_call.py", line 112, in wrapper
    return func(*args, **kwargs)
  File "/home/airflow/.local/lib/python3.7/site-packages/airflow/utils/session.py", line 76, in wrapper
    return func(*args, session=session, **kwargs)
  File "/home/airflow/.local/lib/python3.7/site-packages/airflow/dag_processing/processor.py", line 890, in save_dag_to_db
    import_errors = DagBag._sync_to_db(dags=dags, processor_subdir=dag_directory, session=session)
  File "/home/airflow/.local/lib/python3.7/site-packages/airflow/utils/session.py", line 73, in wrapper
    return func(*args, **kwargs)
  File "/home/airflow/.local/lib/python3.7/site-packages/airflow/models/dagbag.py", line 659, in _sync_to_db
    for attempt in run_with_db_retries(logger=log):
  File "/home/airflow/.local/lib/python3.7/site-packages/tenacity/__init__.py", line 347, in __iter__
    do = self.iter(retry_state=retry_state)
  File "/home/airflow/.local/lib/python3.7/site-packages/tenacity/__init__.py", line 325, in iter
    raise retry_exc.reraise()
  File "/home/airflow/.local/lib/python3.7/site-packages/tenacity/__init__.py", line 158, in reraise
    raise self.last_attempt.result()
  File "/usr/local/lib/python3.7/concurrent/futures/_base.py", line 428, in result
    return self.__get_result()
  File "/usr/local/lib/python3.7/concurrent/futures/_base.py", line 384, in __get_result
    raise self._exception
  File "/home/airflow/.local/lib/python3.7/site-packages/airflow/models/dagbag.py", line 671, in _sync_to_db
    serialize_errors.extend(_serialize_dag_capturing_errors(dag, session))
  File "/home/airflow/.local/lib/python3.7/site-packages/airflow/models/dagbag.py", line 641, in _serialize_dag_capturing_errors
    session=session,
  File "/home/airflow/.local/lib/python3.7/site-packages/airflow/utils/session.py", line 73, in wrapper
    return func(*args, **kwargs)
  File "/home/airflow/.local/lib/python3.7/site-packages/airflow/models/serialized_dag.py", line 149, in write_dag
    (timezone.utcnow() - timedelta(seconds=min_update_interval)) < cls.last_updated,
  File "/home/airflow/.local/lib/python3.7/site-packages/sqlalchemy/orm/query.py", line 2893, in scalar
    ret = self.one()
  File "/home/airflow/.local/lib/python3.7/site-packages/sqlalchemy/orm/query.py", line 2870, in one
    return self._iter().one()
  File "/home/airflow/.local/lib/python3.7/site-packages/sqlalchemy/orm/query.py", line 2919, in _iter
    execution_options={"_sa_orm_load_options": self.load_options},
  File "/home/airflow/.local/lib/python3.7/site-packages/sqlalchemy/orm/session.py", line 1716, in execute
    conn = self._connection_for_bind(bind)
  File "/home/airflow/.local/lib/python3.7/site-packages/sqlalchemy/orm/session.py", line 1556, in _connection_for_bind
    engine, execution_options
  File "/home/airflow/.local/lib/python3.7/site-packages/sqlalchemy/orm/session.py", line 750, in _connection_for_bind
    conn = bind.connect()
  File "/home/airflow/.local/lib/python3.7/site-packages/sqlalchemy/engine/base.py", line 3320, in connect
    return self._connection_cls(self, close_with_result=close_with_result)
  File "/home/airflow/.local/lib/python3.7/site-packages/sqlalchemy/engine/base.py", line 96, in __init__
    else engine.raw_connection()
  File "/home/airflow/.local/lib/python3.7/site-packages/sqlalchemy/engine/base.py", line 3399, in raw_connection
    return self._wrap_pool_connect(self.pool.connect, _connection)
  File "/home/airflow/.local/lib/python3.7/site-packages/sqlalchemy/engine/base.py", line 3370, in _wrap_pool_connect
    e, dialect, self
  File "/home/airflow/.local/lib/python3.7/site-packages/sqlalchemy/engine/base.py", line 2204, in _handle_dbapi_exception_noconnection
    sqlalchemy_exception, with_traceback=exc_info[2], from_=e
  File "/home/airflow/.local/lib/python3.7/site-packages/sqlalchemy/util/compat.py", line 211, in raise_
    raise exception
  File "/home/airflow/.local/lib/python3.7/site-packages/sqlalchemy/engine/base.py", line 3366, in _wrap_pool_connect
    return fn()
  File "/home/airflow/.local/lib/python3.7/site-packages/sqlalchemy/pool/base.py", line 327, in connect
    return _ConnectionFairy._checkout(self)
  File "/home/airflow/.local/lib/python3.7/site-packages/sqlalchemy/pool/base.py", line 894, in _checkout
    fairy = _ConnectionRecord.checkout(pool)
  File "/home/airflow/.local/lib/python3.7/site-packages/sqlalchemy/pool/base.py", line 493, in checkout
    rec = pool._do_get()
  File "/home/airflow/.local/lib/python3.7/site-packages/sqlalchemy/pool/impl.py", line 146, in _do_get
    self._dec_overflow()
  File "/home/airflow/.local/lib/python3.7/site-packages/sqlalchemy/util/langhelpers.py", line 72, in __exit__
    with_traceback=exc_tb,
  File "/home/airflow/.local/lib/python3.7/site-packages/sqlalchemy/util/compat.py", line 211, in raise_
    raise exception
  File "/home/airflow/.local/lib/python3.7/site-packages/sqlalchemy/pool/impl.py", line 143, in _do_get
    return self._create_connection()
  File "/home/airflow/.local/lib/python3.7/site-packages/sqlalchemy/pool/base.py", line 273, in _create_connection
    return _ConnectionRecord(self)
  File "/home/airflow/.local/lib/python3.7/site-packages/sqlalchemy/pool/base.py", line 388, in __init__
    self.__connect()
  File "/home/airflow/.local/lib/python3.7/site-packages/sqlalchemy/pool/base.py", line 691, in __connect
    pool.logger.debug("Error on connect(): %s", e)
  File "/home/airflow/.local/lib/python3.7/site-packages/sqlalchemy/util/langhelpers.py", line 72, in __exit__
    with_traceback=exc_tb,
  File "/home/airflow/.local/lib/python3.7/site-packages/sqlalchemy/util/compat.py", line 211, in raise_
    raise exception
  File "/home/airflow/.local/lib/python3.7/site-packages/sqlalchemy/pool/base.py", line 686, in __connect
    self.dbapi_connection = connection = pool._invoke_creator(self)
  File "/home/airflow/.local/lib/python3.7/site-packages/sqlalchemy/engine/create.py", line 574, in connect
    return dialect.connect(*cargs, **cparams)
  File "/home/airflow/.local/lib/python3.7/site-packages/sqlalchemy/engine/default.py", line 598, in connect
    return self.dbapi.connect(*cargs, **cparams)
  File "/home/airflow/.local/lib/python3.7/site-packages/psycopg2/__init__.py", line 122, in connect
    conn = _connect(dsn, connection_factory=connection_factory, **kwasync)
sqlalchemy.exc.OperationalError: (psycopg2.OperationalError) connection to server at "postgres" (172.22.0.8), port 5432 failed: FATAL:  password authentication failed for user "airflow"

(Background on this error at: https://sqlalche.me/e/14/e3q8)
[2025-09-22T01:16:21.990+0000] {processor.py:157} INFO - Started process (PID=1255) to work on /home/airflow/.local/lib/python3.7/site-packages/airflow/example_dags/example_passing_params_via_test_command.py
[2025-09-22T01:16:21.991+0000] {processor.py:826} INFO - Processing file /home/airflow/.local/lib/python3.7/site-packages/airflow/example_dags/example_passing_params_via_test_command.py for tasks to queue
[2025-09-22T01:16:21.993+0000] {logging_mixin.py:149} INFO - [2025-09-22T01:16:21.993+0000] {dagbag.py:541} INFO - Filling up the DagBag from /home/airflow/.local/lib/python3.7/site-packages/airflow/example_dags/example_passing_params_via_test_command.py
[2025-09-22T01:16:22.011+0000] {processor.py:836} INFO - DAG(s) dict_keys(['example_passing_params_via_test_command']) retrieved from /home/airflow/.local/lib/python3.7/site-packages/airflow/example_dags/example_passing_params_via_test_command.py
[2025-09-22T01:16:22.522+0000] {processor.py:182} ERROR - Got an exception! Propagating...
Traceback (most recent call last):
  File "/home/airflow/.local/lib/python3.7/site-packages/sqlalchemy/engine/base.py", line 3366, in _wrap_pool_connect
    return fn()
  File "/home/airflow/.local/lib/python3.7/site-packages/sqlalchemy/pool/base.py", line 327, in connect
    return _ConnectionFairy._checkout(self)
  File "/home/airflow/.local/lib/python3.7/site-packages/sqlalchemy/pool/base.py", line 894, in _checkout
    fairy = _ConnectionRecord.checkout(pool)
  File "/home/airflow/.local/lib/python3.7/site-packages/sqlalchemy/pool/base.py", line 493, in checkout
    rec = pool._do_get()
  File "/home/airflow/.local/lib/python3.7/site-packages/sqlalchemy/pool/impl.py", line 146, in _do_get
    self._dec_overflow()
  File "/home/airflow/.local/lib/python3.7/site-packages/sqlalchemy/util/langhelpers.py", line 72, in __exit__
    with_traceback=exc_tb,
  File "/home/airflow/.local/lib/python3.7/site-packages/sqlalchemy/util/compat.py", line 211, in raise_
    raise exception
  File "/home/airflow/.local/lib/python3.7/site-packages/sqlalchemy/pool/impl.py", line 143, in _do_get
    return self._create_connection()
  File "/home/airflow/.local/lib/python3.7/site-packages/sqlalchemy/pool/base.py", line 273, in _create_connection
    return _ConnectionRecord(self)
  File "/home/airflow/.local/lib/python3.7/site-packages/sqlalchemy/pool/base.py", line 388, in __init__
    self.__connect()
  File "/home/airflow/.local/lib/python3.7/site-packages/sqlalchemy/pool/base.py", line 691, in __connect
    pool.logger.debug("Error on connect(): %s", e)
  File "/home/airflow/.local/lib/python3.7/site-packages/sqlalchemy/util/langhelpers.py", line 72, in __exit__
    with_traceback=exc_tb,
  File "/home/airflow/.local/lib/python3.7/site-packages/sqlalchemy/util/compat.py", line 211, in raise_
    raise exception
  File "/home/airflow/.local/lib/python3.7/site-packages/sqlalchemy/pool/base.py", line 686, in __connect
    self.dbapi_connection = connection = pool._invoke_creator(self)
  File "/home/airflow/.local/lib/python3.7/site-packages/sqlalchemy/engine/create.py", line 574, in connect
    return dialect.connect(*cargs, **cparams)
  File "/home/airflow/.local/lib/python3.7/site-packages/sqlalchemy/engine/default.py", line 598, in connect
    return self.dbapi.connect(*cargs, **cparams)
  File "/home/airflow/.local/lib/python3.7/site-packages/psycopg2/__init__.py", line 122, in connect
    conn = _connect(dsn, connection_factory=connection_factory, **kwasync)
psycopg2.OperationalError: connection to server at "postgres" (172.22.0.8), port 5432 failed: FATAL:  password authentication failed for user "airflow"


The above exception was the direct cause of the following exception:

Traceback (most recent call last):
  File "/home/airflow/.local/lib/python3.7/site-packages/airflow/dag_processing/processor.py", line 178, in _run_file_processor
    _handle_dag_file_processing()
  File "/home/airflow/.local/lib/python3.7/site-packages/airflow/dag_processing/processor.py", line 162, in _handle_dag_file_processing
    callback_requests=callback_requests,
  File "/home/airflow/.local/lib/python3.7/site-packages/airflow/utils/session.py", line 76, in wrapper
    return func(*args, session=session, **kwargs)
  File "/home/airflow/.local/lib/python3.7/site-packages/airflow/dag_processing/processor.py", line 857, in process_file
    pickle_dags=pickle_dags,
  File "/home/airflow/.local/lib/python3.7/site-packages/airflow/api_internal/internal_api_call.py", line 112, in wrapper
    return func(*args, **kwargs)
  File "/home/airflow/.local/lib/python3.7/site-packages/airflow/utils/session.py", line 76, in wrapper
    return func(*args, session=session, **kwargs)
  File "/home/airflow/.local/lib/python3.7/site-packages/airflow/dag_processing/processor.py", line 890, in save_dag_to_db
    import_errors = DagBag._sync_to_db(dags=dags, processor_subdir=dag_directory, session=session)
  File "/home/airflow/.local/lib/python3.7/site-packages/airflow/utils/session.py", line 73, in wrapper
    return func(*args, **kwargs)
  File "/home/airflow/.local/lib/python3.7/site-packages/airflow/models/dagbag.py", line 659, in _sync_to_db
    for attempt in run_with_db_retries(logger=log):
  File "/home/airflow/.local/lib/python3.7/site-packages/tenacity/__init__.py", line 347, in __iter__
    do = self.iter(retry_state=retry_state)
  File "/home/airflow/.local/lib/python3.7/site-packages/tenacity/__init__.py", line 325, in iter
    raise retry_exc.reraise()
  File "/home/airflow/.local/lib/python3.7/site-packages/tenacity/__init__.py", line 158, in reraise
    raise self.last_attempt.result()
  File "/usr/local/lib/python3.7/concurrent/futures/_base.py", line 428, in result
    return self.__get_result()
  File "/usr/local/lib/python3.7/concurrent/futures/_base.py", line 384, in __get_result
    raise self._exception
  File "/home/airflow/.local/lib/python3.7/site-packages/airflow/models/dagbag.py", line 671, in _sync_to_db
    serialize_errors.extend(_serialize_dag_capturing_errors(dag, session))
  File "/home/airflow/.local/lib/python3.7/site-packages/airflow/models/dagbag.py", line 641, in _serialize_dag_capturing_errors
    session=session,
  File "/home/airflow/.local/lib/python3.7/site-packages/airflow/utils/session.py", line 73, in wrapper
    return func(*args, **kwargs)
  File "/home/airflow/.local/lib/python3.7/site-packages/airflow/models/serialized_dag.py", line 149, in write_dag
    (timezone.utcnow() - timedelta(seconds=min_update_interval)) < cls.last_updated,
  File "/home/airflow/.local/lib/python3.7/site-packages/sqlalchemy/orm/query.py", line 2893, in scalar
    ret = self.one()
  File "/home/airflow/.local/lib/python3.7/site-packages/sqlalchemy/orm/query.py", line 2870, in one
    return self._iter().one()
  File "/home/airflow/.local/lib/python3.7/site-packages/sqlalchemy/orm/query.py", line 2919, in _iter
    execution_options={"_sa_orm_load_options": self.load_options},
  File "/home/airflow/.local/lib/python3.7/site-packages/sqlalchemy/orm/session.py", line 1716, in execute
    conn = self._connection_for_bind(bind)
  File "/home/airflow/.local/lib/python3.7/site-packages/sqlalchemy/orm/session.py", line 1556, in _connection_for_bind
    engine, execution_options
  File "/home/airflow/.local/lib/python3.7/site-packages/sqlalchemy/orm/session.py", line 750, in _connection_for_bind
    conn = bind.connect()
  File "/home/airflow/.local/lib/python3.7/site-packages/sqlalchemy/engine/base.py", line 3320, in connect
    return self._connection_cls(self, close_with_result=close_with_result)
  File "/home/airflow/.local/lib/python3.7/site-packages/sqlalchemy/engine/base.py", line 96, in __init__
    else engine.raw_connection()
  File "/home/airflow/.local/lib/python3.7/site-packages/sqlalchemy/engine/base.py", line 3399, in raw_connection
    return self._wrap_pool_connect(self.pool.connect, _connection)
  File "/home/airflow/.local/lib/python3.7/site-packages/sqlalchemy/engine/base.py", line 3370, in _wrap_pool_connect
    e, dialect, self
  File "/home/airflow/.local/lib/python3.7/site-packages/sqlalchemy/engine/base.py", line 2204, in _handle_dbapi_exception_noconnection
    sqlalchemy_exception, with_traceback=exc_info[2], from_=e
  File "/home/airflow/.local/lib/python3.7/site-packages/sqlalchemy/util/compat.py", line 211, in raise_
    raise exception
  File "/home/airflow/.local/lib/python3.7/site-packages/sqlalchemy/engine/base.py", line 3366, in _wrap_pool_connect
    return fn()
  File "/home/airflow/.local/lib/python3.7/site-packages/sqlalchemy/pool/base.py", line 327, in connect
    return _ConnectionFairy._checkout(self)
  File "/home/airflow/.local/lib/python3.7/site-packages/sqlalchemy/pool/base.py", line 894, in _checkout
    fairy = _ConnectionRecord.checkout(pool)
  File "/home/airflow/.local/lib/python3.7/site-packages/sqlalchemy/pool/base.py", line 493, in checkout
    rec = pool._do_get()
  File "/home/airflow/.local/lib/python3.7/site-packages/sqlalchemy/pool/impl.py", line 146, in _do_get
    self._dec_overflow()
  File "/home/airflow/.local/lib/python3.7/site-packages/sqlalchemy/util/langhelpers.py", line 72, in __exit__
    with_traceback=exc_tb,
  File "/home/airflow/.local/lib/python3.7/site-packages/sqlalchemy/util/compat.py", line 211, in raise_
    raise exception
  File "/home/airflow/.local/lib/python3.7/site-packages/sqlalchemy/pool/impl.py", line 143, in _do_get
    return self._create_connection()
  File "/home/airflow/.local/lib/python3.7/site-packages/sqlalchemy/pool/base.py", line 273, in _create_connection
    return _ConnectionRecord(self)
  File "/home/airflow/.local/lib/python3.7/site-packages/sqlalchemy/pool/base.py", line 388, in __init__
    self.__connect()
  File "/home/airflow/.local/lib/python3.7/site-packages/sqlalchemy/pool/base.py", line 691, in __connect
    pool.logger.debug("Error on connect(): %s", e)
  File "/home/airflow/.local/lib/python3.7/site-packages/sqlalchemy/util/langhelpers.py", line 72, in __exit__
    with_traceback=exc_tb,
  File "/home/airflow/.local/lib/python3.7/site-packages/sqlalchemy/util/compat.py", line 211, in raise_
    raise exception
  File "/home/airflow/.local/lib/python3.7/site-packages/sqlalchemy/pool/base.py", line 686, in __connect
    self.dbapi_connection = connection = pool._invoke_creator(self)
  File "/home/airflow/.local/lib/python3.7/site-packages/sqlalchemy/engine/create.py", line 574, in connect
    return dialect.connect(*cargs, **cparams)
  File "/home/airflow/.local/lib/python3.7/site-packages/sqlalchemy/engine/default.py", line 598, in connect
    return self.dbapi.connect(*cargs, **cparams)
  File "/home/airflow/.local/lib/python3.7/site-packages/psycopg2/__init__.py", line 122, in connect
    conn = _connect(dsn, connection_factory=connection_factory, **kwasync)
sqlalchemy.exc.OperationalError: (psycopg2.OperationalError) connection to server at "postgres" (172.22.0.8), port 5432 failed: FATAL:  password authentication failed for user "airflow"

(Background on this error at: https://sqlalche.me/e/14/e3q8)
[2025-09-22T01:16:52.780+0000] {processor.py:157} INFO - Started process (PID=1534) to work on /home/airflow/.local/lib/python3.7/site-packages/airflow/example_dags/example_passing_params_via_test_command.py
[2025-09-22T01:16:52.782+0000] {processor.py:826} INFO - Processing file /home/airflow/.local/lib/python3.7/site-packages/airflow/example_dags/example_passing_params_via_test_command.py for tasks to queue
[2025-09-22T01:16:52.784+0000] {logging_mixin.py:149} INFO - [2025-09-22T01:16:52.784+0000] {dagbag.py:541} INFO - Filling up the DagBag from /home/airflow/.local/lib/python3.7/site-packages/airflow/example_dags/example_passing_params_via_test_command.py
[2025-09-22T01:16:52.810+0000] {processor.py:836} INFO - DAG(s) dict_keys(['example_passing_params_via_test_command']) retrieved from /home/airflow/.local/lib/python3.7/site-packages/airflow/example_dags/example_passing_params_via_test_command.py
[2025-09-22T01:16:53.053+0000] {logging_mixin.py:149} INFO - [2025-09-22T01:16:53.052+0000] {dag.py:2726} INFO - Sync 1 DAGs
[2025-09-22T01:16:53.118+0000] {logging_mixin.py:149} INFO - [2025-09-22T01:16:53.118+0000] {dag.py:3490} INFO - Setting next_dagrun for example_passing_params_via_test_command to 2025-09-22T01:15:00+00:00, run_after=2025-09-22T01:16:00+00:00
[2025-09-22T01:16:53.159+0000] {processor.py:179} INFO - Processing /home/airflow/.local/lib/python3.7/site-packages/airflow/example_dags/example_passing_params_via_test_command.py took 0.391 seconds
[2025-09-22T01:17:23.569+0000] {processor.py:157} INFO - Started process (PID=1812) to work on /home/airflow/.local/lib/python3.7/site-packages/airflow/example_dags/example_passing_params_via_test_command.py
[2025-09-22T01:17:23.570+0000] {processor.py:826} INFO - Processing file /home/airflow/.local/lib/python3.7/site-packages/airflow/example_dags/example_passing_params_via_test_command.py for tasks to queue
[2025-09-22T01:17:23.572+0000] {logging_mixin.py:149} INFO - [2025-09-22T01:17:23.571+0000] {dagbag.py:541} INFO - Filling up the DagBag from /home/airflow/.local/lib/python3.7/site-packages/airflow/example_dags/example_passing_params_via_test_command.py
[2025-09-22T01:17:23.586+0000] {processor.py:836} INFO - DAG(s) dict_keys(['example_passing_params_via_test_command']) retrieved from /home/airflow/.local/lib/python3.7/site-packages/airflow/example_dags/example_passing_params_via_test_command.py
[2025-09-22T01:17:23.625+0000] {logging_mixin.py:149} INFO - [2025-09-22T01:17:23.625+0000] {dag.py:2726} INFO - Sync 1 DAGs
[2025-09-22T01:17:23.674+0000] {logging_mixin.py:149} INFO - [2025-09-22T01:17:23.674+0000] {dag.py:3490} INFO - Setting next_dagrun for example_passing_params_via_test_command to 2025-09-22T01:16:00+00:00, run_after=2025-09-22T01:17:00+00:00
[2025-09-22T01:17:23.704+0000] {processor.py:179} INFO - Processing /home/airflow/.local/lib/python3.7/site-packages/airflow/example_dags/example_passing_params_via_test_command.py took 0.140 seconds
[2025-09-22T01:17:53.816+0000] {processor.py:157} INFO - Started process (PID=2093) to work on /home/airflow/.local/lib/python3.7/site-packages/airflow/example_dags/example_passing_params_via_test_command.py
[2025-09-22T01:17:53.818+0000] {processor.py:826} INFO - Processing file /home/airflow/.local/lib/python3.7/site-packages/airflow/example_dags/example_passing_params_via_test_command.py for tasks to queue
[2025-09-22T01:17:53.819+0000] {logging_mixin.py:149} INFO - [2025-09-22T01:17:53.819+0000] {dagbag.py:541} INFO - Filling up the DagBag from /home/airflow/.local/lib/python3.7/site-packages/airflow/example_dags/example_passing_params_via_test_command.py
[2025-09-22T01:17:53.833+0000] {processor.py:836} INFO - DAG(s) dict_keys(['example_passing_params_via_test_command']) retrieved from /home/airflow/.local/lib/python3.7/site-packages/airflow/example_dags/example_passing_params_via_test_command.py
[2025-09-22T01:17:53.869+0000] {logging_mixin.py:149} INFO - [2025-09-22T01:17:53.869+0000] {dag.py:2726} INFO - Sync 1 DAGs
[2025-09-22T01:17:53.910+0000] {logging_mixin.py:149} INFO - [2025-09-22T01:17:53.909+0000] {dag.py:3490} INFO - Setting next_dagrun for example_passing_params_via_test_command to 2025-09-22T01:16:00+00:00, run_after=2025-09-22T01:17:00+00:00
[2025-09-22T01:17:53.936+0000] {processor.py:179} INFO - Processing /home/airflow/.local/lib/python3.7/site-packages/airflow/example_dags/example_passing_params_via_test_command.py took 0.124 seconds
[2025-09-22T01:18:26.447+0000] {processor.py:157} INFO - Started process (PID=2372) to work on /home/airflow/.local/lib/python3.7/site-packages/airflow/example_dags/example_passing_params_via_test_command.py
[2025-09-22T01:18:26.448+0000] {processor.py:826} INFO - Processing file /home/airflow/.local/lib/python3.7/site-packages/airflow/example_dags/example_passing_params_via_test_command.py for tasks to queue
[2025-09-22T01:18:26.449+0000] {logging_mixin.py:149} INFO - [2025-09-22T01:18:26.449+0000] {dagbag.py:541} INFO - Filling up the DagBag from /home/airflow/.local/lib/python3.7/site-packages/airflow/example_dags/example_passing_params_via_test_command.py
[2025-09-22T01:18:26.463+0000] {processor.py:836} INFO - DAG(s) dict_keys(['example_passing_params_via_test_command']) retrieved from /home/airflow/.local/lib/python3.7/site-packages/airflow/example_dags/example_passing_params_via_test_command.py
[2025-09-22T01:18:26.905+0000] {logging_mixin.py:149} INFO - [2025-09-22T01:18:26.905+0000] {dag.py:2726} INFO - Sync 1 DAGs
[2025-09-22T01:18:26.945+0000] {logging_mixin.py:149} INFO - [2025-09-22T01:18:26.945+0000] {dag.py:3490} INFO - Setting next_dagrun for example_passing_params_via_test_command to 2025-09-22T01:17:00+00:00, run_after=2025-09-22T01:18:00+00:00
[2025-09-22T01:18:26.969+0000] {processor.py:179} INFO - Processing /home/airflow/.local/lib/python3.7/site-packages/airflow/example_dags/example_passing_params_via_test_command.py took 0.527 seconds
[2025-09-22T01:18:58.050+0000] {processor.py:157} INFO - Started process (PID=2653) to work on /home/airflow/.local/lib/python3.7/site-packages/airflow/example_dags/example_passing_params_via_test_command.py
[2025-09-22T01:18:58.052+0000] {processor.py:826} INFO - Processing file /home/airflow/.local/lib/python3.7/site-packages/airflow/example_dags/example_passing_params_via_test_command.py for tasks to queue
[2025-09-22T01:18:58.053+0000] {logging_mixin.py:149} INFO - [2025-09-22T01:18:58.053+0000] {dagbag.py:541} INFO - Filling up the DagBag from /home/airflow/.local/lib/python3.7/site-packages/airflow/example_dags/example_passing_params_via_test_command.py
[2025-09-22T01:18:58.071+0000] {processor.py:836} INFO - DAG(s) dict_keys(['example_passing_params_via_test_command']) retrieved from /home/airflow/.local/lib/python3.7/site-packages/airflow/example_dags/example_passing_params_via_test_command.py
[2025-09-22T01:18:58.118+0000] {logging_mixin.py:149} INFO - [2025-09-22T01:18:58.118+0000] {dag.py:2726} INFO - Sync 1 DAGs
[2025-09-22T01:18:58.171+0000] {logging_mixin.py:149} INFO - [2025-09-22T01:18:58.171+0000] {dag.py:3490} INFO - Setting next_dagrun for example_passing_params_via_test_command to 2025-09-22T01:17:00+00:00, run_after=2025-09-22T01:18:00+00:00
[2025-09-22T01:18:58.208+0000] {processor.py:179} INFO - Processing /home/airflow/.local/lib/python3.7/site-packages/airflow/example_dags/example_passing_params_via_test_command.py took 0.164 seconds
[2025-09-22T01:19:28.424+0000] {processor.py:157} INFO - Started process (PID=2929) to work on /home/airflow/.local/lib/python3.7/site-packages/airflow/example_dags/example_passing_params_via_test_command.py
[2025-09-22T01:19:28.425+0000] {processor.py:826} INFO - Processing file /home/airflow/.local/lib/python3.7/site-packages/airflow/example_dags/example_passing_params_via_test_command.py for tasks to queue
[2025-09-22T01:19:28.427+0000] {logging_mixin.py:149} INFO - [2025-09-22T01:19:28.427+0000] {dagbag.py:541} INFO - Filling up the DagBag from /home/airflow/.local/lib/python3.7/site-packages/airflow/example_dags/example_passing_params_via_test_command.py
[2025-09-22T01:19:28.448+0000] {processor.py:836} INFO - DAG(s) dict_keys(['example_passing_params_via_test_command']) retrieved from /home/airflow/.local/lib/python3.7/site-packages/airflow/example_dags/example_passing_params_via_test_command.py
[2025-09-22T01:19:28.857+0000] {logging_mixin.py:149} INFO - [2025-09-22T01:19:28.857+0000] {dag.py:2726} INFO - Sync 1 DAGs
[2025-09-22T01:19:28.911+0000] {logging_mixin.py:149} INFO - [2025-09-22T01:19:28.911+0000] {dag.py:3490} INFO - Setting next_dagrun for example_passing_params_via_test_command to 2025-09-22T01:18:00+00:00, run_after=2025-09-22T01:19:00+00:00
[2025-09-22T01:19:28.962+0000] {processor.py:179} INFO - Processing /home/airflow/.local/lib/python3.7/site-packages/airflow/example_dags/example_passing_params_via_test_command.py took 0.545 seconds
[2025-09-22T01:19:59.004+0000] {processor.py:157} INFO - Started process (PID=3207) to work on /home/airflow/.local/lib/python3.7/site-packages/airflow/example_dags/example_passing_params_via_test_command.py
[2025-09-22T01:19:59.005+0000] {processor.py:826} INFO - Processing file /home/airflow/.local/lib/python3.7/site-packages/airflow/example_dags/example_passing_params_via_test_command.py for tasks to queue
[2025-09-22T01:19:59.006+0000] {logging_mixin.py:149} INFO - [2025-09-22T01:19:59.006+0000] {dagbag.py:541} INFO - Filling up the DagBag from /home/airflow/.local/lib/python3.7/site-packages/airflow/example_dags/example_passing_params_via_test_command.py
[2025-09-22T01:19:59.019+0000] {processor.py:836} INFO - DAG(s) dict_keys(['example_passing_params_via_test_command']) retrieved from /home/airflow/.local/lib/python3.7/site-packages/airflow/example_dags/example_passing_params_via_test_command.py
[2025-09-22T01:19:59.544+0000] {logging_mixin.py:149} INFO - [2025-09-22T01:19:59.544+0000] {dag.py:2726} INFO - Sync 1 DAGs
[2025-09-22T01:19:59.595+0000] {logging_mixin.py:149} INFO - [2025-09-22T01:19:59.595+0000] {dag.py:3490} INFO - Setting next_dagrun for example_passing_params_via_test_command to 2025-09-22T01:18:00+00:00, run_after=2025-09-22T01:19:00+00:00
[2025-09-22T01:19:59.630+0000] {processor.py:179} INFO - Processing /home/airflow/.local/lib/python3.7/site-packages/airflow/example_dags/example_passing_params_via_test_command.py took 0.630 seconds
[2025-09-22T01:20:30.119+0000] {processor.py:157} INFO - Started process (PID=3493) to work on /home/airflow/.local/lib/python3.7/site-packages/airflow/example_dags/example_passing_params_via_test_command.py
[2025-09-22T01:20:30.121+0000] {processor.py:826} INFO - Processing file /home/airflow/.local/lib/python3.7/site-packages/airflow/example_dags/example_passing_params_via_test_command.py for tasks to queue
[2025-09-22T01:20:30.122+0000] {logging_mixin.py:149} INFO - [2025-09-22T01:20:30.122+0000] {dagbag.py:541} INFO - Filling up the DagBag from /home/airflow/.local/lib/python3.7/site-packages/airflow/example_dags/example_passing_params_via_test_command.py
[2025-09-22T01:20:30.138+0000] {processor.py:836} INFO - DAG(s) dict_keys(['example_passing_params_via_test_command']) retrieved from /home/airflow/.local/lib/python3.7/site-packages/airflow/example_dags/example_passing_params_via_test_command.py
[2025-09-22T01:20:30.181+0000] {logging_mixin.py:149} INFO - [2025-09-22T01:20:30.181+0000] {dag.py:2726} INFO - Sync 1 DAGs
[2025-09-22T01:20:30.228+0000] {logging_mixin.py:149} INFO - [2025-09-22T01:20:30.228+0000] {dag.py:3490} INFO - Setting next_dagrun for example_passing_params_via_test_command to 2025-09-22T01:19:00+00:00, run_after=2025-09-22T01:20:00+00:00
[2025-09-22T01:20:30.260+0000] {processor.py:179} INFO - Processing /home/airflow/.local/lib/python3.7/site-packages/airflow/example_dags/example_passing_params_via_test_command.py took 0.146 seconds
[2025-09-22T01:21:01.384+0000] {processor.py:157} INFO - Started process (PID=3772) to work on /home/airflow/.local/lib/python3.7/site-packages/airflow/example_dags/example_passing_params_via_test_command.py
[2025-09-22T01:21:01.386+0000] {processor.py:826} INFO - Processing file /home/airflow/.local/lib/python3.7/site-packages/airflow/example_dags/example_passing_params_via_test_command.py for tasks to queue
[2025-09-22T01:21:01.387+0000] {logging_mixin.py:149} INFO - [2025-09-22T01:21:01.387+0000] {dagbag.py:541} INFO - Filling up the DagBag from /home/airflow/.local/lib/python3.7/site-packages/airflow/example_dags/example_passing_params_via_test_command.py
[2025-09-22T01:21:01.400+0000] {processor.py:836} INFO - DAG(s) dict_keys(['example_passing_params_via_test_command']) retrieved from /home/airflow/.local/lib/python3.7/site-packages/airflow/example_dags/example_passing_params_via_test_command.py
[2025-09-22T01:21:01.442+0000] {logging_mixin.py:149} INFO - [2025-09-22T01:21:01.441+0000] {dag.py:2726} INFO - Sync 1 DAGs
[2025-09-22T01:21:01.493+0000] {logging_mixin.py:149} INFO - [2025-09-22T01:21:01.493+0000] {dag.py:3490} INFO - Setting next_dagrun for example_passing_params_via_test_command to 2025-09-22T01:20:00+00:00, run_after=2025-09-22T01:21:00+00:00
[2025-09-22T01:21:01.521+0000] {processor.py:179} INFO - Processing /home/airflow/.local/lib/python3.7/site-packages/airflow/example_dags/example_passing_params_via_test_command.py took 0.142 seconds
[2025-09-22T01:21:31.946+0000] {processor.py:157} INFO - Started process (PID=4048) to work on /home/airflow/.local/lib/python3.7/site-packages/airflow/example_dags/example_passing_params_via_test_command.py
[2025-09-22T01:21:31.947+0000] {processor.py:826} INFO - Processing file /home/airflow/.local/lib/python3.7/site-packages/airflow/example_dags/example_passing_params_via_test_command.py for tasks to queue
[2025-09-22T01:21:31.949+0000] {logging_mixin.py:149} INFO - [2025-09-22T01:21:31.949+0000] {dagbag.py:541} INFO - Filling up the DagBag from /home/airflow/.local/lib/python3.7/site-packages/airflow/example_dags/example_passing_params_via_test_command.py
[2025-09-22T01:21:31.969+0000] {processor.py:836} INFO - DAG(s) dict_keys(['example_passing_params_via_test_command']) retrieved from /home/airflow/.local/lib/python3.7/site-packages/airflow/example_dags/example_passing_params_via_test_command.py
[2025-09-22T01:21:32.021+0000] {logging_mixin.py:149} INFO - [2025-09-22T01:21:32.021+0000] {dag.py:2726} INFO - Sync 1 DAGs
[2025-09-22T01:21:32.099+0000] {logging_mixin.py:149} INFO - [2025-09-22T01:21:32.098+0000] {dag.py:3490} INFO - Setting next_dagrun for example_passing_params_via_test_command to 2025-09-22T01:20:00+00:00, run_after=2025-09-22T01:21:00+00:00
[2025-09-22T01:21:32.136+0000] {processor.py:179} INFO - Processing /home/airflow/.local/lib/python3.7/site-packages/airflow/example_dags/example_passing_params_via_test_command.py took 0.195 seconds
[2025-09-22T01:22:02.241+0000] {processor.py:157} INFO - Started process (PID=4326) to work on /home/airflow/.local/lib/python3.7/site-packages/airflow/example_dags/example_passing_params_via_test_command.py
[2025-09-22T01:22:02.243+0000] {processor.py:826} INFO - Processing file /home/airflow/.local/lib/python3.7/site-packages/airflow/example_dags/example_passing_params_via_test_command.py for tasks to queue
[2025-09-22T01:22:02.244+0000] {logging_mixin.py:149} INFO - [2025-09-22T01:22:02.243+0000] {dagbag.py:541} INFO - Filling up the DagBag from /home/airflow/.local/lib/python3.7/site-packages/airflow/example_dags/example_passing_params_via_test_command.py
[2025-09-22T01:22:02.255+0000] {processor.py:836} INFO - DAG(s) dict_keys(['example_passing_params_via_test_command']) retrieved from /home/airflow/.local/lib/python3.7/site-packages/airflow/example_dags/example_passing_params_via_test_command.py
[2025-09-22T01:22:02.961+0000] {logging_mixin.py:149} INFO - [2025-09-22T01:22:02.961+0000] {dag.py:2726} INFO - Sync 1 DAGs
[2025-09-22T01:22:03.004+0000] {logging_mixin.py:149} INFO - [2025-09-22T01:22:03.004+0000] {dag.py:3490} INFO - Setting next_dagrun for example_passing_params_via_test_command to 2025-09-22T01:21:00+00:00, run_after=2025-09-22T01:22:00+00:00
[2025-09-22T01:22:03.031+0000] {processor.py:179} INFO - Processing /home/airflow/.local/lib/python3.7/site-packages/airflow/example_dags/example_passing_params_via_test_command.py took 0.794 seconds
[2025-09-22T01:22:33.597+0000] {processor.py:157} INFO - Started process (PID=4610) to work on /home/airflow/.local/lib/python3.7/site-packages/airflow/example_dags/example_passing_params_via_test_command.py
[2025-09-22T01:22:33.599+0000] {processor.py:826} INFO - Processing file /home/airflow/.local/lib/python3.7/site-packages/airflow/example_dags/example_passing_params_via_test_command.py for tasks to queue
[2025-09-22T01:22:33.601+0000] {logging_mixin.py:149} INFO - [2025-09-22T01:22:33.601+0000] {dagbag.py:541} INFO - Filling up the DagBag from /home/airflow/.local/lib/python3.7/site-packages/airflow/example_dags/example_passing_params_via_test_command.py
[2025-09-22T01:22:33.625+0000] {processor.py:836} INFO - DAG(s) dict_keys(['example_passing_params_via_test_command']) retrieved from /home/airflow/.local/lib/python3.7/site-packages/airflow/example_dags/example_passing_params_via_test_command.py
[2025-09-22T01:22:33.824+0000] {logging_mixin.py:149} INFO - [2025-09-22T01:22:33.823+0000] {dag.py:2726} INFO - Sync 1 DAGs
[2025-09-22T01:22:33.993+0000] {logging_mixin.py:149} INFO - [2025-09-22T01:22:33.992+0000] {dag.py:3490} INFO - Setting next_dagrun for example_passing_params_via_test_command to 2025-09-22T01:21:00+00:00, run_after=2025-09-22T01:22:00+00:00
[2025-09-22T01:22:34.041+0000] {processor.py:179} INFO - Processing /home/airflow/.local/lib/python3.7/site-packages/airflow/example_dags/example_passing_params_via_test_command.py took 0.454 seconds
[2025-09-22T01:23:04.778+0000] {processor.py:157} INFO - Started process (PID=4891) to work on /home/airflow/.local/lib/python3.7/site-packages/airflow/example_dags/example_passing_params_via_test_command.py
[2025-09-22T01:23:04.779+0000] {processor.py:826} INFO - Processing file /home/airflow/.local/lib/python3.7/site-packages/airflow/example_dags/example_passing_params_via_test_command.py for tasks to queue
[2025-09-22T01:23:04.780+0000] {logging_mixin.py:149} INFO - [2025-09-22T01:23:04.780+0000] {dagbag.py:541} INFO - Filling up the DagBag from /home/airflow/.local/lib/python3.7/site-packages/airflow/example_dags/example_passing_params_via_test_command.py
[2025-09-22T01:23:04.794+0000] {processor.py:836} INFO - DAG(s) dict_keys(['example_passing_params_via_test_command']) retrieved from /home/airflow/.local/lib/python3.7/site-packages/airflow/example_dags/example_passing_params_via_test_command.py
[2025-09-22T01:23:05.124+0000] {processor.py:182} ERROR - Got an exception! Propagating...
Traceback (most recent call last):
  File "/home/airflow/.local/lib/python3.7/site-packages/sqlalchemy/engine/base.py", line 3366, in _wrap_pool_connect
    return fn()
  File "/home/airflow/.local/lib/python3.7/site-packages/sqlalchemy/pool/base.py", line 327, in connect
    return _ConnectionFairy._checkout(self)
  File "/home/airflow/.local/lib/python3.7/site-packages/sqlalchemy/pool/base.py", line 894, in _checkout
    fairy = _ConnectionRecord.checkout(pool)
  File "/home/airflow/.local/lib/python3.7/site-packages/sqlalchemy/pool/base.py", line 493, in checkout
    rec = pool._do_get()
  File "/home/airflow/.local/lib/python3.7/site-packages/sqlalchemy/pool/impl.py", line 146, in _do_get
    self._dec_overflow()
  File "/home/airflow/.local/lib/python3.7/site-packages/sqlalchemy/util/langhelpers.py", line 72, in __exit__
    with_traceback=exc_tb,
  File "/home/airflow/.local/lib/python3.7/site-packages/sqlalchemy/util/compat.py", line 211, in raise_
    raise exception
  File "/home/airflow/.local/lib/python3.7/site-packages/sqlalchemy/pool/impl.py", line 143, in _do_get
    return self._create_connection()
  File "/home/airflow/.local/lib/python3.7/site-packages/sqlalchemy/pool/base.py", line 273, in _create_connection
    return _ConnectionRecord(self)
  File "/home/airflow/.local/lib/python3.7/site-packages/sqlalchemy/pool/base.py", line 388, in __init__
    self.__connect()
  File "/home/airflow/.local/lib/python3.7/site-packages/sqlalchemy/pool/base.py", line 691, in __connect
    pool.logger.debug("Error on connect(): %s", e)
  File "/home/airflow/.local/lib/python3.7/site-packages/sqlalchemy/util/langhelpers.py", line 72, in __exit__
    with_traceback=exc_tb,
  File "/home/airflow/.local/lib/python3.7/site-packages/sqlalchemy/util/compat.py", line 211, in raise_
    raise exception
  File "/home/airflow/.local/lib/python3.7/site-packages/sqlalchemy/pool/base.py", line 686, in __connect
    self.dbapi_connection = connection = pool._invoke_creator(self)
  File "/home/airflow/.local/lib/python3.7/site-packages/sqlalchemy/engine/create.py", line 574, in connect
    return dialect.connect(*cargs, **cparams)
  File "/home/airflow/.local/lib/python3.7/site-packages/sqlalchemy/engine/default.py", line 598, in connect
    return self.dbapi.connect(*cargs, **cparams)
  File "/home/airflow/.local/lib/python3.7/site-packages/psycopg2/__init__.py", line 122, in connect
    conn = _connect(dsn, connection_factory=connection_factory, **kwasync)
psycopg2.OperationalError: connection to server at "postgres" (172.22.0.8), port 5432 failed: FATAL:  password authentication failed for user "airflow"


The above exception was the direct cause of the following exception:

Traceback (most recent call last):
  File "/home/airflow/.local/lib/python3.7/site-packages/airflow/dag_processing/processor.py", line 178, in _run_file_processor
    _handle_dag_file_processing()
  File "/home/airflow/.local/lib/python3.7/site-packages/airflow/dag_processing/processor.py", line 162, in _handle_dag_file_processing
    callback_requests=callback_requests,
  File "/home/airflow/.local/lib/python3.7/site-packages/airflow/utils/session.py", line 76, in wrapper
    return func(*args, session=session, **kwargs)
  File "/home/airflow/.local/lib/python3.7/site-packages/airflow/dag_processing/processor.py", line 857, in process_file
    pickle_dags=pickle_dags,
  File "/home/airflow/.local/lib/python3.7/site-packages/airflow/api_internal/internal_api_call.py", line 112, in wrapper
    return func(*args, **kwargs)
  File "/home/airflow/.local/lib/python3.7/site-packages/airflow/utils/session.py", line 76, in wrapper
    return func(*args, session=session, **kwargs)
  File "/home/airflow/.local/lib/python3.7/site-packages/airflow/dag_processing/processor.py", line 890, in save_dag_to_db
    import_errors = DagBag._sync_to_db(dags=dags, processor_subdir=dag_directory, session=session)
  File "/home/airflow/.local/lib/python3.7/site-packages/airflow/utils/session.py", line 73, in wrapper
    return func(*args, **kwargs)
  File "/home/airflow/.local/lib/python3.7/site-packages/airflow/models/dagbag.py", line 659, in _sync_to_db
    for attempt in run_with_db_retries(logger=log):
  File "/home/airflow/.local/lib/python3.7/site-packages/tenacity/__init__.py", line 347, in __iter__
    do = self.iter(retry_state=retry_state)
  File "/home/airflow/.local/lib/python3.7/site-packages/tenacity/__init__.py", line 325, in iter
    raise retry_exc.reraise()
  File "/home/airflow/.local/lib/python3.7/site-packages/tenacity/__init__.py", line 158, in reraise
    raise self.last_attempt.result()
  File "/usr/local/lib/python3.7/concurrent/futures/_base.py", line 428, in result
    return self.__get_result()
  File "/usr/local/lib/python3.7/concurrent/futures/_base.py", line 384, in __get_result
    raise self._exception
  File "/home/airflow/.local/lib/python3.7/site-packages/airflow/models/dagbag.py", line 671, in _sync_to_db
    serialize_errors.extend(_serialize_dag_capturing_errors(dag, session))
  File "/home/airflow/.local/lib/python3.7/site-packages/airflow/models/dagbag.py", line 641, in _serialize_dag_capturing_errors
    session=session,
  File "/home/airflow/.local/lib/python3.7/site-packages/airflow/utils/session.py", line 73, in wrapper
    return func(*args, **kwargs)
  File "/home/airflow/.local/lib/python3.7/site-packages/airflow/models/serialized_dag.py", line 149, in write_dag
    (timezone.utcnow() - timedelta(seconds=min_update_interval)) < cls.last_updated,
  File "/home/airflow/.local/lib/python3.7/site-packages/sqlalchemy/orm/query.py", line 2893, in scalar
    ret = self.one()
  File "/home/airflow/.local/lib/python3.7/site-packages/sqlalchemy/orm/query.py", line 2870, in one
    return self._iter().one()
  File "/home/airflow/.local/lib/python3.7/site-packages/sqlalchemy/orm/query.py", line 2919, in _iter
    execution_options={"_sa_orm_load_options": self.load_options},
  File "/home/airflow/.local/lib/python3.7/site-packages/sqlalchemy/orm/session.py", line 1716, in execute
    conn = self._connection_for_bind(bind)
  File "/home/airflow/.local/lib/python3.7/site-packages/sqlalchemy/orm/session.py", line 1556, in _connection_for_bind
    engine, execution_options
  File "/home/airflow/.local/lib/python3.7/site-packages/sqlalchemy/orm/session.py", line 750, in _connection_for_bind
    conn = bind.connect()
  File "/home/airflow/.local/lib/python3.7/site-packages/sqlalchemy/engine/base.py", line 3320, in connect
    return self._connection_cls(self, close_with_result=close_with_result)
  File "/home/airflow/.local/lib/python3.7/site-packages/sqlalchemy/engine/base.py", line 96, in __init__
    else engine.raw_connection()
  File "/home/airflow/.local/lib/python3.7/site-packages/sqlalchemy/engine/base.py", line 3399, in raw_connection
    return self._wrap_pool_connect(self.pool.connect, _connection)
  File "/home/airflow/.local/lib/python3.7/site-packages/sqlalchemy/engine/base.py", line 3370, in _wrap_pool_connect
    e, dialect, self
  File "/home/airflow/.local/lib/python3.7/site-packages/sqlalchemy/engine/base.py", line 2204, in _handle_dbapi_exception_noconnection
    sqlalchemy_exception, with_traceback=exc_info[2], from_=e
  File "/home/airflow/.local/lib/python3.7/site-packages/sqlalchemy/util/compat.py", line 211, in raise_
    raise exception
  File "/home/airflow/.local/lib/python3.7/site-packages/sqlalchemy/engine/base.py", line 3366, in _wrap_pool_connect
    return fn()
  File "/home/airflow/.local/lib/python3.7/site-packages/sqlalchemy/pool/base.py", line 327, in connect
    return _ConnectionFairy._checkout(self)
  File "/home/airflow/.local/lib/python3.7/site-packages/sqlalchemy/pool/base.py", line 894, in _checkout
    fairy = _ConnectionRecord.checkout(pool)
  File "/home/airflow/.local/lib/python3.7/site-packages/sqlalchemy/pool/base.py", line 493, in checkout
    rec = pool._do_get()
  File "/home/airflow/.local/lib/python3.7/site-packages/sqlalchemy/pool/impl.py", line 146, in _do_get
    self._dec_overflow()
  File "/home/airflow/.local/lib/python3.7/site-packages/sqlalchemy/util/langhelpers.py", line 72, in __exit__
    with_traceback=exc_tb,
  File "/home/airflow/.local/lib/python3.7/site-packages/sqlalchemy/util/compat.py", line 211, in raise_
    raise exception
  File "/home/airflow/.local/lib/python3.7/site-packages/sqlalchemy/pool/impl.py", line 143, in _do_get
    return self._create_connection()
  File "/home/airflow/.local/lib/python3.7/site-packages/sqlalchemy/pool/base.py", line 273, in _create_connection
    return _ConnectionRecord(self)
  File "/home/airflow/.local/lib/python3.7/site-packages/sqlalchemy/pool/base.py", line 388, in __init__
    self.__connect()
  File "/home/airflow/.local/lib/python3.7/site-packages/sqlalchemy/pool/base.py", line 691, in __connect
    pool.logger.debug("Error on connect(): %s", e)
  File "/home/airflow/.local/lib/python3.7/site-packages/sqlalchemy/util/langhelpers.py", line 72, in __exit__
    with_traceback=exc_tb,
  File "/home/airflow/.local/lib/python3.7/site-packages/sqlalchemy/util/compat.py", line 211, in raise_
    raise exception
  File "/home/airflow/.local/lib/python3.7/site-packages/sqlalchemy/pool/base.py", line 686, in __connect
    self.dbapi_connection = connection = pool._invoke_creator(self)
  File "/home/airflow/.local/lib/python3.7/site-packages/sqlalchemy/engine/create.py", line 574, in connect
    return dialect.connect(*cargs, **cparams)
  File "/home/airflow/.local/lib/python3.7/site-packages/sqlalchemy/engine/default.py", line 598, in connect
    return self.dbapi.connect(*cargs, **cparams)
  File "/home/airflow/.local/lib/python3.7/site-packages/psycopg2/__init__.py", line 122, in connect
    conn = _connect(dsn, connection_factory=connection_factory, **kwasync)
sqlalchemy.exc.OperationalError: (psycopg2.OperationalError) connection to server at "postgres" (172.22.0.8), port 5432 failed: FATAL:  password authentication failed for user "airflow"

(Background on this error at: https://sqlalche.me/e/14/e3q8)
[2025-09-22T01:23:35.687+0000] {processor.py:157} INFO - Started process (PID=5172) to work on /home/airflow/.local/lib/python3.7/site-packages/airflow/example_dags/example_passing_params_via_test_command.py
[2025-09-22T01:23:35.688+0000] {processor.py:826} INFO - Processing file /home/airflow/.local/lib/python3.7/site-packages/airflow/example_dags/example_passing_params_via_test_command.py for tasks to queue
[2025-09-22T01:23:35.689+0000] {logging_mixin.py:149} INFO - [2025-09-22T01:23:35.689+0000] {dagbag.py:541} INFO - Filling up the DagBag from /home/airflow/.local/lib/python3.7/site-packages/airflow/example_dags/example_passing_params_via_test_command.py
[2025-09-22T01:23:35.702+0000] {processor.py:836} INFO - DAG(s) dict_keys(['example_passing_params_via_test_command']) retrieved from /home/airflow/.local/lib/python3.7/site-packages/airflow/example_dags/example_passing_params_via_test_command.py
[2025-09-22T01:23:35.739+0000] {logging_mixin.py:149} INFO - [2025-09-22T01:23:35.739+0000] {dag.py:2726} INFO - Sync 1 DAGs
[2025-09-22T01:23:35.779+0000] {logging_mixin.py:149} INFO - [2025-09-22T01:23:35.779+0000] {dag.py:3490} INFO - Setting next_dagrun for example_passing_params_via_test_command to 2025-09-22T01:22:00+00:00, run_after=2025-09-22T01:23:00+00:00
[2025-09-22T01:23:35.808+0000] {processor.py:179} INFO - Processing /home/airflow/.local/lib/python3.7/site-packages/airflow/example_dags/example_passing_params_via_test_command.py took 0.125 seconds
[2025-09-22T01:24:06.422+0000] {processor.py:157} INFO - Started process (PID=5447) to work on /home/airflow/.local/lib/python3.7/site-packages/airflow/example_dags/example_passing_params_via_test_command.py
[2025-09-22T01:24:06.423+0000] {processor.py:826} INFO - Processing file /home/airflow/.local/lib/python3.7/site-packages/airflow/example_dags/example_passing_params_via_test_command.py for tasks to queue
[2025-09-22T01:24:06.423+0000] {logging_mixin.py:149} INFO - [2025-09-22T01:24:06.423+0000] {dagbag.py:541} INFO - Filling up the DagBag from /home/airflow/.local/lib/python3.7/site-packages/airflow/example_dags/example_passing_params_via_test_command.py
[2025-09-22T01:24:06.436+0000] {processor.py:836} INFO - DAG(s) dict_keys(['example_passing_params_via_test_command']) retrieved from /home/airflow/.local/lib/python3.7/site-packages/airflow/example_dags/example_passing_params_via_test_command.py
[2025-09-22T01:24:06.465+0000] {logging_mixin.py:149} INFO - [2025-09-22T01:24:06.465+0000] {dag.py:2726} INFO - Sync 1 DAGs
[2025-09-22T01:24:06.499+0000] {logging_mixin.py:149} INFO - [2025-09-22T01:24:06.498+0000] {dag.py:3490} INFO - Setting next_dagrun for example_passing_params_via_test_command to 2025-09-22T01:23:00+00:00, run_after=2025-09-22T01:24:00+00:00
[2025-09-22T01:24:06.521+0000] {processor.py:179} INFO - Processing /home/airflow/.local/lib/python3.7/site-packages/airflow/example_dags/example_passing_params_via_test_command.py took 0.103 seconds
[2025-09-22T01:24:37.032+0000] {processor.py:157} INFO - Started process (PID=5723) to work on /home/airflow/.local/lib/python3.7/site-packages/airflow/example_dags/example_passing_params_via_test_command.py
[2025-09-22T01:24:37.033+0000] {processor.py:826} INFO - Processing file /home/airflow/.local/lib/python3.7/site-packages/airflow/example_dags/example_passing_params_via_test_command.py for tasks to queue
[2025-09-22T01:24:37.034+0000] {logging_mixin.py:149} INFO - [2025-09-22T01:24:37.034+0000] {dagbag.py:541} INFO - Filling up the DagBag from /home/airflow/.local/lib/python3.7/site-packages/airflow/example_dags/example_passing_params_via_test_command.py
[2025-09-22T01:24:37.046+0000] {processor.py:836} INFO - DAG(s) dict_keys(['example_passing_params_via_test_command']) retrieved from /home/airflow/.local/lib/python3.7/site-packages/airflow/example_dags/example_passing_params_via_test_command.py
[2025-09-22T01:24:37.085+0000] {logging_mixin.py:149} INFO - [2025-09-22T01:24:37.084+0000] {dag.py:2726} INFO - Sync 1 DAGs
[2025-09-22T01:24:37.124+0000] {logging_mixin.py:149} INFO - [2025-09-22T01:24:37.124+0000] {dag.py:3490} INFO - Setting next_dagrun for example_passing_params_via_test_command to 2025-09-22T01:23:00+00:00, run_after=2025-09-22T01:24:00+00:00
[2025-09-22T01:24:37.148+0000] {processor.py:179} INFO - Processing /home/airflow/.local/lib/python3.7/site-packages/airflow/example_dags/example_passing_params_via_test_command.py took 0.120 seconds
[2025-09-22T01:25:08.062+0000] {processor.py:157} INFO - Started process (PID=6006) to work on /home/airflow/.local/lib/python3.7/site-packages/airflow/example_dags/example_passing_params_via_test_command.py
[2025-09-22T01:25:08.063+0000] {processor.py:826} INFO - Processing file /home/airflow/.local/lib/python3.7/site-packages/airflow/example_dags/example_passing_params_via_test_command.py for tasks to queue
[2025-09-22T01:25:08.064+0000] {logging_mixin.py:149} INFO - [2025-09-22T01:25:08.064+0000] {dagbag.py:541} INFO - Filling up the DagBag from /home/airflow/.local/lib/python3.7/site-packages/airflow/example_dags/example_passing_params_via_test_command.py
[2025-09-22T01:25:08.077+0000] {processor.py:836} INFO - DAG(s) dict_keys(['example_passing_params_via_test_command']) retrieved from /home/airflow/.local/lib/python3.7/site-packages/airflow/example_dags/example_passing_params_via_test_command.py
[2025-09-22T01:25:09.503+0000] {logging_mixin.py:149} INFO - [2025-09-22T01:25:09.502+0000] {dag.py:2726} INFO - Sync 1 DAGs
[2025-09-22T01:25:09.545+0000] {logging_mixin.py:149} INFO - [2025-09-22T01:25:09.545+0000] {dag.py:3490} INFO - Setting next_dagrun for example_passing_params_via_test_command to 2025-09-22T01:24:00+00:00, run_after=2025-09-22T01:25:00+00:00
[2025-09-22T01:25:09.567+0000] {processor.py:179} INFO - Processing /home/airflow/.local/lib/python3.7/site-packages/airflow/example_dags/example_passing_params_via_test_command.py took 1.509 seconds
[2025-09-22T01:25:40.151+0000] {processor.py:157} INFO - Started process (PID=6292) to work on /home/airflow/.local/lib/python3.7/site-packages/airflow/example_dags/example_passing_params_via_test_command.py
[2025-09-22T01:25:40.154+0000] {processor.py:826} INFO - Processing file /home/airflow/.local/lib/python3.7/site-packages/airflow/example_dags/example_passing_params_via_test_command.py for tasks to queue
[2025-09-22T01:25:40.155+0000] {logging_mixin.py:149} INFO - [2025-09-22T01:25:40.155+0000] {dagbag.py:541} INFO - Filling up the DagBag from /home/airflow/.local/lib/python3.7/site-packages/airflow/example_dags/example_passing_params_via_test_command.py
[2025-09-22T01:25:40.172+0000] {processor.py:836} INFO - DAG(s) dict_keys(['example_passing_params_via_test_command']) retrieved from /home/airflow/.local/lib/python3.7/site-packages/airflow/example_dags/example_passing_params_via_test_command.py
[2025-09-22T01:25:40.689+0000] {logging_mixin.py:149} INFO - [2025-09-22T01:25:40.689+0000] {dag.py:2726} INFO - Sync 1 DAGs
[2025-09-22T01:25:40.729+0000] {logging_mixin.py:149} INFO - [2025-09-22T01:25:40.729+0000] {dag.py:3490} INFO - Setting next_dagrun for example_passing_params_via_test_command to 2025-09-22T01:24:00+00:00, run_after=2025-09-22T01:25:00+00:00
[2025-09-22T01:25:40.756+0000] {processor.py:179} INFO - Processing /home/airflow/.local/lib/python3.7/site-packages/airflow/example_dags/example_passing_params_via_test_command.py took 0.609 seconds
[2025-09-22T01:26:11.420+0000] {processor.py:157} INFO - Started process (PID=6578) to work on /home/airflow/.local/lib/python3.7/site-packages/airflow/example_dags/example_passing_params_via_test_command.py
[2025-09-22T01:26:11.421+0000] {processor.py:826} INFO - Processing file /home/airflow/.local/lib/python3.7/site-packages/airflow/example_dags/example_passing_params_via_test_command.py for tasks to queue
[2025-09-22T01:26:11.422+0000] {logging_mixin.py:149} INFO - [2025-09-22T01:26:11.422+0000] {dagbag.py:541} INFO - Filling up the DagBag from /home/airflow/.local/lib/python3.7/site-packages/airflow/example_dags/example_passing_params_via_test_command.py
[2025-09-22T01:26:11.434+0000] {processor.py:836} INFO - DAG(s) dict_keys(['example_passing_params_via_test_command']) retrieved from /home/airflow/.local/lib/python3.7/site-packages/airflow/example_dags/example_passing_params_via_test_command.py
[2025-09-22T01:26:11.466+0000] {logging_mixin.py:149} INFO - [2025-09-22T01:26:11.465+0000] {dag.py:2726} INFO - Sync 1 DAGs
[2025-09-22T01:26:11.503+0000] {logging_mixin.py:149} INFO - [2025-09-22T01:26:11.503+0000] {dag.py:3490} INFO - Setting next_dagrun for example_passing_params_via_test_command to 2025-09-22T01:25:00+00:00, run_after=2025-09-22T01:26:00+00:00
[2025-09-22T01:26:11.528+0000] {processor.py:179} INFO - Processing /home/airflow/.local/lib/python3.7/site-packages/airflow/example_dags/example_passing_params_via_test_command.py took 0.112 seconds
[2025-09-22T01:26:42.517+0000] {processor.py:157} INFO - Started process (PID=6861) to work on /home/airflow/.local/lib/python3.7/site-packages/airflow/example_dags/example_passing_params_via_test_command.py
[2025-09-22T01:26:42.519+0000] {processor.py:826} INFO - Processing file /home/airflow/.local/lib/python3.7/site-packages/airflow/example_dags/example_passing_params_via_test_command.py for tasks to queue
[2025-09-22T01:26:42.521+0000] {logging_mixin.py:149} INFO - [2025-09-22T01:26:42.520+0000] {dagbag.py:541} INFO - Filling up the DagBag from /home/airflow/.local/lib/python3.7/site-packages/airflow/example_dags/example_passing_params_via_test_command.py
[2025-09-22T01:26:42.540+0000] {processor.py:836} INFO - DAG(s) dict_keys(['example_passing_params_via_test_command']) retrieved from /home/airflow/.local/lib/python3.7/site-packages/airflow/example_dags/example_passing_params_via_test_command.py
[2025-09-22T01:26:42.582+0000] {logging_mixin.py:149} INFO - [2025-09-22T01:26:42.582+0000] {dag.py:2726} INFO - Sync 1 DAGs
[2025-09-22T01:26:42.628+0000] {logging_mixin.py:149} INFO - [2025-09-22T01:26:42.628+0000] {dag.py:3490} INFO - Setting next_dagrun for example_passing_params_via_test_command to 2025-09-22T01:25:00+00:00, run_after=2025-09-22T01:26:00+00:00
[2025-09-22T01:26:42.660+0000] {processor.py:179} INFO - Processing /home/airflow/.local/lib/python3.7/site-packages/airflow/example_dags/example_passing_params_via_test_command.py took 0.149 seconds
[2025-09-22T01:27:13.882+0000] {processor.py:157} INFO - Started process (PID=7145) to work on /home/airflow/.local/lib/python3.7/site-packages/airflow/example_dags/example_passing_params_via_test_command.py
[2025-09-22T01:27:13.883+0000] {processor.py:826} INFO - Processing file /home/airflow/.local/lib/python3.7/site-packages/airflow/example_dags/example_passing_params_via_test_command.py for tasks to queue
[2025-09-22T01:27:13.884+0000] {logging_mixin.py:149} INFO - [2025-09-22T01:27:13.884+0000] {dagbag.py:541} INFO - Filling up the DagBag from /home/airflow/.local/lib/python3.7/site-packages/airflow/example_dags/example_passing_params_via_test_command.py
[2025-09-22T01:27:13.897+0000] {processor.py:836} INFO - DAG(s) dict_keys(['example_passing_params_via_test_command']) retrieved from /home/airflow/.local/lib/python3.7/site-packages/airflow/example_dags/example_passing_params_via_test_command.py
[2025-09-22T01:27:13.935+0000] {logging_mixin.py:149} INFO - [2025-09-22T01:27:13.934+0000] {dag.py:2726} INFO - Sync 1 DAGs
[2025-09-22T01:27:13.979+0000] {logging_mixin.py:149} INFO - [2025-09-22T01:27:13.979+0000] {dag.py:3490} INFO - Setting next_dagrun for example_passing_params_via_test_command to 2025-09-22T01:26:00+00:00, run_after=2025-09-22T01:27:00+00:00
[2025-09-22T01:27:14.009+0000] {processor.py:179} INFO - Processing /home/airflow/.local/lib/python3.7/site-packages/airflow/example_dags/example_passing_params_via_test_command.py took 0.132 seconds
[2025-09-22T01:27:44.448+0000] {processor.py:157} INFO - Started process (PID=7421) to work on /home/airflow/.local/lib/python3.7/site-packages/airflow/example_dags/example_passing_params_via_test_command.py
[2025-09-22T01:27:44.450+0000] {processor.py:826} INFO - Processing file /home/airflow/.local/lib/python3.7/site-packages/airflow/example_dags/example_passing_params_via_test_command.py for tasks to queue
[2025-09-22T01:27:44.451+0000] {logging_mixin.py:149} INFO - [2025-09-22T01:27:44.451+0000] {dagbag.py:541} INFO - Filling up the DagBag from /home/airflow/.local/lib/python3.7/site-packages/airflow/example_dags/example_passing_params_via_test_command.py
[2025-09-22T01:27:44.467+0000] {processor.py:836} INFO - DAG(s) dict_keys(['example_passing_params_via_test_command']) retrieved from /home/airflow/.local/lib/python3.7/site-packages/airflow/example_dags/example_passing_params_via_test_command.py
[2025-09-22T01:27:45.513+0000] {logging_mixin.py:149} INFO - [2025-09-22T01:27:45.513+0000] {dag.py:2726} INFO - Sync 1 DAGs
[2025-09-22T01:27:45.563+0000] {logging_mixin.py:149} INFO - [2025-09-22T01:27:45.563+0000] {dag.py:3490} INFO - Setting next_dagrun for example_passing_params_via_test_command to 2025-09-22T01:26:00+00:00, run_after=2025-09-22T01:27:00+00:00
[2025-09-22T01:27:45.593+0000] {processor.py:179} INFO - Processing /home/airflow/.local/lib/python3.7/site-packages/airflow/example_dags/example_passing_params_via_test_command.py took 1.149 seconds
[2025-09-22T01:28:15.807+0000] {processor.py:157} INFO - Started process (PID=7702) to work on /home/airflow/.local/lib/python3.7/site-packages/airflow/example_dags/example_passing_params_via_test_command.py
[2025-09-22T01:28:15.809+0000] {processor.py:826} INFO - Processing file /home/airflow/.local/lib/python3.7/site-packages/airflow/example_dags/example_passing_params_via_test_command.py for tasks to queue
[2025-09-22T01:28:15.810+0000] {logging_mixin.py:149} INFO - [2025-09-22T01:28:15.810+0000] {dagbag.py:541} INFO - Filling up the DagBag from /home/airflow/.local/lib/python3.7/site-packages/airflow/example_dags/example_passing_params_via_test_command.py
[2025-09-22T01:28:15.825+0000] {processor.py:836} INFO - DAG(s) dict_keys(['example_passing_params_via_test_command']) retrieved from /home/airflow/.local/lib/python3.7/site-packages/airflow/example_dags/example_passing_params_via_test_command.py
[2025-09-22T01:28:16.836+0000] {logging_mixin.py:149} INFO - [2025-09-22T01:28:16.836+0000] {dag.py:2726} INFO - Sync 1 DAGs
[2025-09-22T01:28:16.887+0000] {logging_mixin.py:149} INFO - [2025-09-22T01:28:16.886+0000] {dag.py:3490} INFO - Setting next_dagrun for example_passing_params_via_test_command to 2025-09-22T01:27:00+00:00, run_after=2025-09-22T01:28:00+00:00
[2025-09-22T01:28:16.923+0000] {processor.py:179} INFO - Processing /home/airflow/.local/lib/python3.7/site-packages/airflow/example_dags/example_passing_params_via_test_command.py took 1.121 seconds
[2025-09-22T01:28:47.238+0000] {processor.py:157} INFO - Started process (PID=7988) to work on /home/airflow/.local/lib/python3.7/site-packages/airflow/example_dags/example_passing_params_via_test_command.py
[2025-09-22T01:28:47.239+0000] {processor.py:826} INFO - Processing file /home/airflow/.local/lib/python3.7/site-packages/airflow/example_dags/example_passing_params_via_test_command.py for tasks to queue
[2025-09-22T01:28:47.240+0000] {logging_mixin.py:149} INFO - [2025-09-22T01:28:47.240+0000] {dagbag.py:541} INFO - Filling up the DagBag from /home/airflow/.local/lib/python3.7/site-packages/airflow/example_dags/example_passing_params_via_test_command.py
[2025-09-22T01:28:47.253+0000] {processor.py:836} INFO - DAG(s) dict_keys(['example_passing_params_via_test_command']) retrieved from /home/airflow/.local/lib/python3.7/site-packages/airflow/example_dags/example_passing_params_via_test_command.py
[2025-09-22T01:28:47.493+0000] {logging_mixin.py:149} INFO - [2025-09-22T01:28:47.493+0000] {dag.py:2726} INFO - Sync 1 DAGs
[2025-09-22T01:28:47.532+0000] {logging_mixin.py:149} INFO - [2025-09-22T01:28:47.532+0000] {dag.py:3490} INFO - Setting next_dagrun for example_passing_params_via_test_command to 2025-09-22T01:27:00+00:00, run_after=2025-09-22T01:28:00+00:00
[2025-09-22T01:28:47.555+0000] {processor.py:179} INFO - Processing /home/airflow/.local/lib/python3.7/site-packages/airflow/example_dags/example_passing_params_via_test_command.py took 0.321 seconds
[2025-09-22T01:29:18.515+0000] {processor.py:157} INFO - Started process (PID=8264) to work on /home/airflow/.local/lib/python3.7/site-packages/airflow/example_dags/example_passing_params_via_test_command.py
[2025-09-22T01:29:18.516+0000] {processor.py:826} INFO - Processing file /home/airflow/.local/lib/python3.7/site-packages/airflow/example_dags/example_passing_params_via_test_command.py for tasks to queue
[2025-09-22T01:29:18.517+0000] {logging_mixin.py:149} INFO - [2025-09-22T01:29:18.517+0000] {dagbag.py:541} INFO - Filling up the DagBag from /home/airflow/.local/lib/python3.7/site-packages/airflow/example_dags/example_passing_params_via_test_command.py
[2025-09-22T01:29:18.532+0000] {processor.py:836} INFO - DAG(s) dict_keys(['example_passing_params_via_test_command']) retrieved from /home/airflow/.local/lib/python3.7/site-packages/airflow/example_dags/example_passing_params_via_test_command.py
[2025-09-22T01:29:19.050+0000] {logging_mixin.py:149} INFO - [2025-09-22T01:29:19.050+0000] {dag.py:2726} INFO - Sync 1 DAGs
[2025-09-22T01:29:19.097+0000] {logging_mixin.py:149} INFO - [2025-09-22T01:29:19.097+0000] {dag.py:3490} INFO - Setting next_dagrun for example_passing_params_via_test_command to 2025-09-22T01:28:00+00:00, run_after=2025-09-22T01:29:00+00:00
[2025-09-22T01:29:19.127+0000] {processor.py:179} INFO - Processing /home/airflow/.local/lib/python3.7/site-packages/airflow/example_dags/example_passing_params_via_test_command.py took 0.617 seconds
[2025-09-22T01:29:49.316+0000] {processor.py:157} INFO - Started process (PID=8550) to work on /home/airflow/.local/lib/python3.7/site-packages/airflow/example_dags/example_passing_params_via_test_command.py
[2025-09-22T01:29:49.318+0000] {processor.py:826} INFO - Processing file /home/airflow/.local/lib/python3.7/site-packages/airflow/example_dags/example_passing_params_via_test_command.py for tasks to queue
[2025-09-22T01:29:49.319+0000] {logging_mixin.py:149} INFO - [2025-09-22T01:29:49.319+0000] {dagbag.py:541} INFO - Filling up the DagBag from /home/airflow/.local/lib/python3.7/site-packages/airflow/example_dags/example_passing_params_via_test_command.py
[2025-09-22T01:29:49.336+0000] {processor.py:836} INFO - DAG(s) dict_keys(['example_passing_params_via_test_command']) retrieved from /home/airflow/.local/lib/python3.7/site-packages/airflow/example_dags/example_passing_params_via_test_command.py
[2025-09-22T01:29:49.386+0000] {logging_mixin.py:149} INFO - [2025-09-22T01:29:49.386+0000] {dag.py:2726} INFO - Sync 1 DAGs
[2025-09-22T01:29:49.442+0000] {logging_mixin.py:149} INFO - [2025-09-22T01:29:49.442+0000] {dag.py:3490} INFO - Setting next_dagrun for example_passing_params_via_test_command to 2025-09-22T01:28:00+00:00, run_after=2025-09-22T01:29:00+00:00
[2025-09-22T01:29:49.491+0000] {processor.py:179} INFO - Processing /home/airflow/.local/lib/python3.7/site-packages/airflow/example_dags/example_passing_params_via_test_command.py took 0.182 seconds
[2025-09-22T01:30:20.755+0000] {processor.py:157} INFO - Started process (PID=8831) to work on /home/airflow/.local/lib/python3.7/site-packages/airflow/example_dags/example_passing_params_via_test_command.py
[2025-09-22T01:30:20.756+0000] {processor.py:826} INFO - Processing file /home/airflow/.local/lib/python3.7/site-packages/airflow/example_dags/example_passing_params_via_test_command.py for tasks to queue
[2025-09-22T01:30:20.757+0000] {logging_mixin.py:149} INFO - [2025-09-22T01:30:20.757+0000] {dagbag.py:541} INFO - Filling up the DagBag from /home/airflow/.local/lib/python3.7/site-packages/airflow/example_dags/example_passing_params_via_test_command.py
[2025-09-22T01:30:20.769+0000] {processor.py:836} INFO - DAG(s) dict_keys(['example_passing_params_via_test_command']) retrieved from /home/airflow/.local/lib/python3.7/site-packages/airflow/example_dags/example_passing_params_via_test_command.py
[2025-09-22T01:30:21.741+0000] {logging_mixin.py:149} INFO - [2025-09-22T01:30:21.741+0000] {dag.py:2726} INFO - Sync 1 DAGs
[2025-09-22T01:30:21.785+0000] {logging_mixin.py:149} INFO - [2025-09-22T01:30:21.785+0000] {dag.py:3490} INFO - Setting next_dagrun for example_passing_params_via_test_command to 2025-09-22T01:29:00+00:00, run_after=2025-09-22T01:30:00+00:00
[2025-09-22T01:30:21.814+0000] {processor.py:179} INFO - Processing /home/airflow/.local/lib/python3.7/site-packages/airflow/example_dags/example_passing_params_via_test_command.py took 1.063 seconds
[2025-09-22T01:30:52.761+0000] {processor.py:157} INFO - Started process (PID=9127) to work on /home/airflow/.local/lib/python3.7/site-packages/airflow/example_dags/example_passing_params_via_test_command.py
[2025-09-22T01:30:52.762+0000] {processor.py:826} INFO - Processing file /home/airflow/.local/lib/python3.7/site-packages/airflow/example_dags/example_passing_params_via_test_command.py for tasks to queue
[2025-09-22T01:30:52.763+0000] {logging_mixin.py:149} INFO - [2025-09-22T01:30:52.763+0000] {dagbag.py:541} INFO - Filling up the DagBag from /home/airflow/.local/lib/python3.7/site-packages/airflow/example_dags/example_passing_params_via_test_command.py
[2025-09-22T01:30:52.775+0000] {processor.py:836} INFO - DAG(s) dict_keys(['example_passing_params_via_test_command']) retrieved from /home/airflow/.local/lib/python3.7/site-packages/airflow/example_dags/example_passing_params_via_test_command.py
[2025-09-22T01:30:54.126+0000] {processor.py:182} ERROR - Got an exception! Propagating...
Traceback (most recent call last):
  File "/home/airflow/.local/lib/python3.7/site-packages/sqlalchemy/engine/base.py", line 3366, in _wrap_pool_connect
    return fn()
  File "/home/airflow/.local/lib/python3.7/site-packages/sqlalchemy/pool/base.py", line 327, in connect
    return _ConnectionFairy._checkout(self)
  File "/home/airflow/.local/lib/python3.7/site-packages/sqlalchemy/pool/base.py", line 894, in _checkout
    fairy = _ConnectionRecord.checkout(pool)
  File "/home/airflow/.local/lib/python3.7/site-packages/sqlalchemy/pool/base.py", line 493, in checkout
    rec = pool._do_get()
  File "/home/airflow/.local/lib/python3.7/site-packages/sqlalchemy/pool/impl.py", line 146, in _do_get
    self._dec_overflow()
  File "/home/airflow/.local/lib/python3.7/site-packages/sqlalchemy/util/langhelpers.py", line 72, in __exit__
    with_traceback=exc_tb,
  File "/home/airflow/.local/lib/python3.7/site-packages/sqlalchemy/util/compat.py", line 211, in raise_
    raise exception
  File "/home/airflow/.local/lib/python3.7/site-packages/sqlalchemy/pool/impl.py", line 143, in _do_get
    return self._create_connection()
  File "/home/airflow/.local/lib/python3.7/site-packages/sqlalchemy/pool/base.py", line 273, in _create_connection
    return _ConnectionRecord(self)
  File "/home/airflow/.local/lib/python3.7/site-packages/sqlalchemy/pool/base.py", line 388, in __init__
    self.__connect()
  File "/home/airflow/.local/lib/python3.7/site-packages/sqlalchemy/pool/base.py", line 691, in __connect
    pool.logger.debug("Error on connect(): %s", e)
  File "/home/airflow/.local/lib/python3.7/site-packages/sqlalchemy/util/langhelpers.py", line 72, in __exit__
    with_traceback=exc_tb,
  File "/home/airflow/.local/lib/python3.7/site-packages/sqlalchemy/util/compat.py", line 211, in raise_
    raise exception
  File "/home/airflow/.local/lib/python3.7/site-packages/sqlalchemy/pool/base.py", line 686, in __connect
    self.dbapi_connection = connection = pool._invoke_creator(self)
  File "/home/airflow/.local/lib/python3.7/site-packages/sqlalchemy/engine/create.py", line 574, in connect
    return dialect.connect(*cargs, **cparams)
  File "/home/airflow/.local/lib/python3.7/site-packages/sqlalchemy/engine/default.py", line 598, in connect
    return self.dbapi.connect(*cargs, **cparams)
  File "/home/airflow/.local/lib/python3.7/site-packages/psycopg2/__init__.py", line 122, in connect
    conn = _connect(dsn, connection_factory=connection_factory, **kwasync)
psycopg2.OperationalError: connection to server at "postgres" (172.22.0.8), port 5432 failed: FATAL:  password authentication failed for user "airflow"


The above exception was the direct cause of the following exception:

Traceback (most recent call last):
  File "/home/airflow/.local/lib/python3.7/site-packages/airflow/dag_processing/processor.py", line 178, in _run_file_processor
    _handle_dag_file_processing()
  File "/home/airflow/.local/lib/python3.7/site-packages/airflow/dag_processing/processor.py", line 162, in _handle_dag_file_processing
    callback_requests=callback_requests,
  File "/home/airflow/.local/lib/python3.7/site-packages/airflow/utils/session.py", line 76, in wrapper
    return func(*args, session=session, **kwargs)
  File "/home/airflow/.local/lib/python3.7/site-packages/airflow/dag_processing/processor.py", line 857, in process_file
    pickle_dags=pickle_dags,
  File "/home/airflow/.local/lib/python3.7/site-packages/airflow/api_internal/internal_api_call.py", line 112, in wrapper
    return func(*args, **kwargs)
  File "/home/airflow/.local/lib/python3.7/site-packages/airflow/utils/session.py", line 76, in wrapper
    return func(*args, session=session, **kwargs)
  File "/home/airflow/.local/lib/python3.7/site-packages/airflow/dag_processing/processor.py", line 890, in save_dag_to_db
    import_errors = DagBag._sync_to_db(dags=dags, processor_subdir=dag_directory, session=session)
  File "/home/airflow/.local/lib/python3.7/site-packages/airflow/utils/session.py", line 73, in wrapper
    return func(*args, **kwargs)
  File "/home/airflow/.local/lib/python3.7/site-packages/airflow/models/dagbag.py", line 659, in _sync_to_db
    for attempt in run_with_db_retries(logger=log):
  File "/home/airflow/.local/lib/python3.7/site-packages/tenacity/__init__.py", line 347, in __iter__
    do = self.iter(retry_state=retry_state)
  File "/home/airflow/.local/lib/python3.7/site-packages/tenacity/__init__.py", line 325, in iter
    raise retry_exc.reraise()
  File "/home/airflow/.local/lib/python3.7/site-packages/tenacity/__init__.py", line 158, in reraise
    raise self.last_attempt.result()
  File "/usr/local/lib/python3.7/concurrent/futures/_base.py", line 428, in result
    return self.__get_result()
  File "/usr/local/lib/python3.7/concurrent/futures/_base.py", line 384, in __get_result
    raise self._exception
  File "/home/airflow/.local/lib/python3.7/site-packages/airflow/models/dagbag.py", line 671, in _sync_to_db
    serialize_errors.extend(_serialize_dag_capturing_errors(dag, session))
  File "/home/airflow/.local/lib/python3.7/site-packages/airflow/models/dagbag.py", line 641, in _serialize_dag_capturing_errors
    session=session,
  File "/home/airflow/.local/lib/python3.7/site-packages/airflow/utils/session.py", line 73, in wrapper
    return func(*args, **kwargs)
  File "/home/airflow/.local/lib/python3.7/site-packages/airflow/models/serialized_dag.py", line 149, in write_dag
    (timezone.utcnow() - timedelta(seconds=min_update_interval)) < cls.last_updated,
  File "/home/airflow/.local/lib/python3.7/site-packages/sqlalchemy/orm/query.py", line 2893, in scalar
    ret = self.one()
  File "/home/airflow/.local/lib/python3.7/site-packages/sqlalchemy/orm/query.py", line 2870, in one
    return self._iter().one()
  File "/home/airflow/.local/lib/python3.7/site-packages/sqlalchemy/orm/query.py", line 2919, in _iter
    execution_options={"_sa_orm_load_options": self.load_options},
  File "/home/airflow/.local/lib/python3.7/site-packages/sqlalchemy/orm/session.py", line 1716, in execute
    conn = self._connection_for_bind(bind)
  File "/home/airflow/.local/lib/python3.7/site-packages/sqlalchemy/orm/session.py", line 1556, in _connection_for_bind
    engine, execution_options
  File "/home/airflow/.local/lib/python3.7/site-packages/sqlalchemy/orm/session.py", line 750, in _connection_for_bind
    conn = bind.connect()
  File "/home/airflow/.local/lib/python3.7/site-packages/sqlalchemy/engine/base.py", line 3320, in connect
    return self._connection_cls(self, close_with_result=close_with_result)
  File "/home/airflow/.local/lib/python3.7/site-packages/sqlalchemy/engine/base.py", line 96, in __init__
    else engine.raw_connection()
  File "/home/airflow/.local/lib/python3.7/site-packages/sqlalchemy/engine/base.py", line 3399, in raw_connection
    return self._wrap_pool_connect(self.pool.connect, _connection)
  File "/home/airflow/.local/lib/python3.7/site-packages/sqlalchemy/engine/base.py", line 3370, in _wrap_pool_connect
    e, dialect, self
  File "/home/airflow/.local/lib/python3.7/site-packages/sqlalchemy/engine/base.py", line 2204, in _handle_dbapi_exception_noconnection
    sqlalchemy_exception, with_traceback=exc_info[2], from_=e
  File "/home/airflow/.local/lib/python3.7/site-packages/sqlalchemy/util/compat.py", line 211, in raise_
    raise exception
  File "/home/airflow/.local/lib/python3.7/site-packages/sqlalchemy/engine/base.py", line 3366, in _wrap_pool_connect
    return fn()
  File "/home/airflow/.local/lib/python3.7/site-packages/sqlalchemy/pool/base.py", line 327, in connect
    return _ConnectionFairy._checkout(self)
  File "/home/airflow/.local/lib/python3.7/site-packages/sqlalchemy/pool/base.py", line 894, in _checkout
    fairy = _ConnectionRecord.checkout(pool)
  File "/home/airflow/.local/lib/python3.7/site-packages/sqlalchemy/pool/base.py", line 493, in checkout
    rec = pool._do_get()
  File "/home/airflow/.local/lib/python3.7/site-packages/sqlalchemy/pool/impl.py", line 146, in _do_get
    self._dec_overflow()
  File "/home/airflow/.local/lib/python3.7/site-packages/sqlalchemy/util/langhelpers.py", line 72, in __exit__
    with_traceback=exc_tb,
  File "/home/airflow/.local/lib/python3.7/site-packages/sqlalchemy/util/compat.py", line 211, in raise_
    raise exception
  File "/home/airflow/.local/lib/python3.7/site-packages/sqlalchemy/pool/impl.py", line 143, in _do_get
    return self._create_connection()
  File "/home/airflow/.local/lib/python3.7/site-packages/sqlalchemy/pool/base.py", line 273, in _create_connection
    return _ConnectionRecord(self)
  File "/home/airflow/.local/lib/python3.7/site-packages/sqlalchemy/pool/base.py", line 388, in __init__
    self.__connect()
  File "/home/airflow/.local/lib/python3.7/site-packages/sqlalchemy/pool/base.py", line 691, in __connect
    pool.logger.debug("Error on connect(): %s", e)
  File "/home/airflow/.local/lib/python3.7/site-packages/sqlalchemy/util/langhelpers.py", line 72, in __exit__
    with_traceback=exc_tb,
  File "/home/airflow/.local/lib/python3.7/site-packages/sqlalchemy/util/compat.py", line 211, in raise_
    raise exception
  File "/home/airflow/.local/lib/python3.7/site-packages/sqlalchemy/pool/base.py", line 686, in __connect
    self.dbapi_connection = connection = pool._invoke_creator(self)
  File "/home/airflow/.local/lib/python3.7/site-packages/sqlalchemy/engine/create.py", line 574, in connect
    return dialect.connect(*cargs, **cparams)
  File "/home/airflow/.local/lib/python3.7/site-packages/sqlalchemy/engine/default.py", line 598, in connect
    return self.dbapi.connect(*cargs, **cparams)
  File "/home/airflow/.local/lib/python3.7/site-packages/psycopg2/__init__.py", line 122, in connect
    conn = _connect(dsn, connection_factory=connection_factory, **kwasync)
sqlalchemy.exc.OperationalError: (psycopg2.OperationalError) connection to server at "postgres" (172.22.0.8), port 5432 failed: FATAL:  password authentication failed for user "airflow"

(Background on this error at: https://sqlalche.me/e/14/e3q8)
[2025-09-22T01:31:24.171+0000] {processor.py:157} INFO - Started process (PID=9413) to work on /home/airflow/.local/lib/python3.7/site-packages/airflow/example_dags/example_passing_params_via_test_command.py
[2025-09-22T01:31:24.172+0000] {processor.py:826} INFO - Processing file /home/airflow/.local/lib/python3.7/site-packages/airflow/example_dags/example_passing_params_via_test_command.py for tasks to queue
[2025-09-22T01:31:24.172+0000] {logging_mixin.py:149} INFO - [2025-09-22T01:31:24.172+0000] {dagbag.py:541} INFO - Filling up the DagBag from /home/airflow/.local/lib/python3.7/site-packages/airflow/example_dags/example_passing_params_via_test_command.py
[2025-09-22T01:31:24.183+0000] {processor.py:836} INFO - DAG(s) dict_keys(['example_passing_params_via_test_command']) retrieved from /home/airflow/.local/lib/python3.7/site-packages/airflow/example_dags/example_passing_params_via_test_command.py
[2025-09-22T01:31:24.715+0000] {logging_mixin.py:149} INFO - [2025-09-22T01:31:24.714+0000] {dag.py:2726} INFO - Sync 1 DAGs
[2025-09-22T01:31:24.756+0000] {logging_mixin.py:149} INFO - [2025-09-22T01:31:24.755+0000] {dag.py:3490} INFO - Setting next_dagrun for example_passing_params_via_test_command to 2025-09-22T01:30:00+00:00, run_after=2025-09-22T01:31:00+00:00
[2025-09-22T01:31:24.779+0000] {processor.py:179} INFO - Processing /home/airflow/.local/lib/python3.7/site-packages/airflow/example_dags/example_passing_params_via_test_command.py took 0.612 seconds
[2025-09-22T01:31:54.863+0000] {processor.py:157} INFO - Started process (PID=9694) to work on /home/airflow/.local/lib/python3.7/site-packages/airflow/example_dags/example_passing_params_via_test_command.py
[2025-09-22T01:31:54.864+0000] {processor.py:826} INFO - Processing file /home/airflow/.local/lib/python3.7/site-packages/airflow/example_dags/example_passing_params_via_test_command.py for tasks to queue
[2025-09-22T01:31:54.865+0000] {logging_mixin.py:149} INFO - [2025-09-22T01:31:54.864+0000] {dagbag.py:541} INFO - Filling up the DagBag from /home/airflow/.local/lib/python3.7/site-packages/airflow/example_dags/example_passing_params_via_test_command.py
[2025-09-22T01:31:54.875+0000] {processor.py:836} INFO - DAG(s) dict_keys(['example_passing_params_via_test_command']) retrieved from /home/airflow/.local/lib/python3.7/site-packages/airflow/example_dags/example_passing_params_via_test_command.py
[2025-09-22T01:31:55.231+0000] {logging_mixin.py:149} INFO - [2025-09-22T01:31:55.231+0000] {dag.py:2726} INFO - Sync 1 DAGs
[2025-09-22T01:31:55.272+0000] {logging_mixin.py:149} INFO - [2025-09-22T01:31:55.272+0000] {dag.py:3490} INFO - Setting next_dagrun for example_passing_params_via_test_command to 2025-09-22T01:30:00+00:00, run_after=2025-09-22T01:31:00+00:00
[2025-09-22T01:31:55.313+0000] {processor.py:179} INFO - Processing /home/airflow/.local/lib/python3.7/site-packages/airflow/example_dags/example_passing_params_via_test_command.py took 0.454 seconds
[2025-09-22T01:32:26.688+0000] {processor.py:157} INFO - Started process (PID=9970) to work on /home/airflow/.local/lib/python3.7/site-packages/airflow/example_dags/example_passing_params_via_test_command.py
[2025-09-22T01:32:26.690+0000] {processor.py:826} INFO - Processing file /home/airflow/.local/lib/python3.7/site-packages/airflow/example_dags/example_passing_params_via_test_command.py for tasks to queue
[2025-09-22T01:32:26.691+0000] {logging_mixin.py:149} INFO - [2025-09-22T01:32:26.691+0000] {dagbag.py:541} INFO - Filling up the DagBag from /home/airflow/.local/lib/python3.7/site-packages/airflow/example_dags/example_passing_params_via_test_command.py
[2025-09-22T01:32:26.709+0000] {processor.py:836} INFO - DAG(s) dict_keys(['example_passing_params_via_test_command']) retrieved from /home/airflow/.local/lib/python3.7/site-packages/airflow/example_dags/example_passing_params_via_test_command.py
[2025-09-22T01:32:26.756+0000] {logging_mixin.py:149} INFO - [2025-09-22T01:32:26.756+0000] {dag.py:2726} INFO - Sync 1 DAGs
[2025-09-22T01:32:26.813+0000] {logging_mixin.py:149} INFO - [2025-09-22T01:32:26.813+0000] {dag.py:3490} INFO - Setting next_dagrun for example_passing_params_via_test_command to 2025-09-22T01:31:00+00:00, run_after=2025-09-22T01:32:00+00:00
[2025-09-22T01:32:26.855+0000] {processor.py:179} INFO - Processing /home/airflow/.local/lib/python3.7/site-packages/airflow/example_dags/example_passing_params_via_test_command.py took 0.172 seconds
[2025-09-22T01:32:57.428+0000] {processor.py:157} INFO - Started process (PID=10253) to work on /home/airflow/.local/lib/python3.7/site-packages/airflow/example_dags/example_passing_params_via_test_command.py
[2025-09-22T01:32:57.429+0000] {processor.py:826} INFO - Processing file /home/airflow/.local/lib/python3.7/site-packages/airflow/example_dags/example_passing_params_via_test_command.py for tasks to queue
[2025-09-22T01:32:57.430+0000] {logging_mixin.py:149} INFO - [2025-09-22T01:32:57.429+0000] {dagbag.py:541} INFO - Filling up the DagBag from /home/airflow/.local/lib/python3.7/site-packages/airflow/example_dags/example_passing_params_via_test_command.py
[2025-09-22T01:32:57.440+0000] {processor.py:836} INFO - DAG(s) dict_keys(['example_passing_params_via_test_command']) retrieved from /home/airflow/.local/lib/python3.7/site-packages/airflow/example_dags/example_passing_params_via_test_command.py
[2025-09-22T01:32:58.446+0000] {logging_mixin.py:149} INFO - [2025-09-22T01:32:58.445+0000] {dag.py:2726} INFO - Sync 1 DAGs
[2025-09-22T01:32:58.481+0000] {logging_mixin.py:149} INFO - [2025-09-22T01:32:58.480+0000] {dag.py:3490} INFO - Setting next_dagrun for example_passing_params_via_test_command to 2025-09-22T01:31:00+00:00, run_after=2025-09-22T01:32:00+00:00
[2025-09-22T01:32:58.505+0000] {processor.py:179} INFO - Processing /home/airflow/.local/lib/python3.7/site-packages/airflow/example_dags/example_passing_params_via_test_command.py took 1.081 seconds
[2025-09-22T01:33:28.855+0000] {processor.py:157} INFO - Started process (PID=10537) to work on /home/airflow/.local/lib/python3.7/site-packages/airflow/example_dags/example_passing_params_via_test_command.py
[2025-09-22T01:33:28.856+0000] {processor.py:826} INFO - Processing file /home/airflow/.local/lib/python3.7/site-packages/airflow/example_dags/example_passing_params_via_test_command.py for tasks to queue
[2025-09-22T01:33:28.857+0000] {logging_mixin.py:149} INFO - [2025-09-22T01:33:28.856+0000] {dagbag.py:541} INFO - Filling up the DagBag from /home/airflow/.local/lib/python3.7/site-packages/airflow/example_dags/example_passing_params_via_test_command.py
[2025-09-22T01:33:28.867+0000] {processor.py:836} INFO - DAG(s) dict_keys(['example_passing_params_via_test_command']) retrieved from /home/airflow/.local/lib/python3.7/site-packages/airflow/example_dags/example_passing_params_via_test_command.py
[2025-09-22T01:33:29.800+0000] {logging_mixin.py:149} INFO - [2025-09-22T01:33:29.800+0000] {dag.py:2726} INFO - Sync 1 DAGs
[2025-09-22T01:33:29.836+0000] {logging_mixin.py:149} INFO - [2025-09-22T01:33:29.836+0000] {dag.py:3490} INFO - Setting next_dagrun for example_passing_params_via_test_command to 2025-09-22T01:32:00+00:00, run_after=2025-09-22T01:33:00+00:00
[2025-09-22T01:33:29.870+0000] {processor.py:179} INFO - Processing /home/airflow/.local/lib/python3.7/site-packages/airflow/example_dags/example_passing_params_via_test_command.py took 1.019 seconds
[2025-09-22T01:34:00.018+0000] {processor.py:157} INFO - Started process (PID=10828) to work on /home/airflow/.local/lib/python3.7/site-packages/airflow/example_dags/example_passing_params_via_test_command.py
[2025-09-22T01:34:00.019+0000] {processor.py:826} INFO - Processing file /home/airflow/.local/lib/python3.7/site-packages/airflow/example_dags/example_passing_params_via_test_command.py for tasks to queue
[2025-09-22T01:34:00.020+0000] {logging_mixin.py:149} INFO - [2025-09-22T01:34:00.020+0000] {dagbag.py:541} INFO - Filling up the DagBag from /home/airflow/.local/lib/python3.7/site-packages/airflow/example_dags/example_passing_params_via_test_command.py
[2025-09-22T01:34:00.033+0000] {processor.py:836} INFO - DAG(s) dict_keys(['example_passing_params_via_test_command']) retrieved from /home/airflow/.local/lib/python3.7/site-packages/airflow/example_dags/example_passing_params_via_test_command.py
[2025-09-22T01:34:00.069+0000] {logging_mixin.py:149} INFO - [2025-09-22T01:34:00.068+0000] {dag.py:2726} INFO - Sync 1 DAGs
[2025-09-22T01:34:00.111+0000] {logging_mixin.py:149} INFO - [2025-09-22T01:34:00.111+0000] {dag.py:3490} INFO - Setting next_dagrun for example_passing_params_via_test_command to 2025-09-22T01:33:00+00:00, run_after=2025-09-22T01:34:00+00:00
[2025-09-22T01:34:00.139+0000] {processor.py:179} INFO - Processing /home/airflow/.local/lib/python3.7/site-packages/airflow/example_dags/example_passing_params_via_test_command.py took 0.125 seconds
[2025-09-22T01:34:30.679+0000] {processor.py:157} INFO - Started process (PID=11099) to work on /home/airflow/.local/lib/python3.7/site-packages/airflow/example_dags/example_passing_params_via_test_command.py
[2025-09-22T01:34:30.680+0000] {processor.py:826} INFO - Processing file /home/airflow/.local/lib/python3.7/site-packages/airflow/example_dags/example_passing_params_via_test_command.py for tasks to queue
[2025-09-22T01:34:30.682+0000] {logging_mixin.py:149} INFO - [2025-09-22T01:34:30.682+0000] {dagbag.py:541} INFO - Filling up the DagBag from /home/airflow/.local/lib/python3.7/site-packages/airflow/example_dags/example_passing_params_via_test_command.py
[2025-09-22T01:34:30.694+0000] {processor.py:836} INFO - DAG(s) dict_keys(['example_passing_params_via_test_command']) retrieved from /home/airflow/.local/lib/python3.7/site-packages/airflow/example_dags/example_passing_params_via_test_command.py
[2025-09-22T01:34:31.711+0000] {logging_mixin.py:149} INFO - [2025-09-22T01:34:31.711+0000] {dag.py:2726} INFO - Sync 1 DAGs
[2025-09-22T01:34:31.744+0000] {logging_mixin.py:149} INFO - [2025-09-22T01:34:31.744+0000] {dag.py:3490} INFO - Setting next_dagrun for example_passing_params_via_test_command to 2025-09-22T01:33:00+00:00, run_after=2025-09-22T01:34:00+00:00
[2025-09-22T01:34:31.768+0000] {processor.py:179} INFO - Processing /home/airflow/.local/lib/python3.7/site-packages/airflow/example_dags/example_passing_params_via_test_command.py took 1.093 seconds
[2025-09-22T01:35:02.301+0000] {processor.py:157} INFO - Started process (PID=11386) to work on /home/airflow/.local/lib/python3.7/site-packages/airflow/example_dags/example_passing_params_via_test_command.py
[2025-09-22T01:35:02.302+0000] {processor.py:826} INFO - Processing file /home/airflow/.local/lib/python3.7/site-packages/airflow/example_dags/example_passing_params_via_test_command.py for tasks to queue
[2025-09-22T01:35:02.304+0000] {logging_mixin.py:149} INFO - [2025-09-22T01:35:02.304+0000] {dagbag.py:541} INFO - Filling up the DagBag from /home/airflow/.local/lib/python3.7/site-packages/airflow/example_dags/example_passing_params_via_test_command.py
[2025-09-22T01:35:02.317+0000] {processor.py:836} INFO - DAG(s) dict_keys(['example_passing_params_via_test_command']) retrieved from /home/airflow/.local/lib/python3.7/site-packages/airflow/example_dags/example_passing_params_via_test_command.py
[2025-09-22T01:35:02.351+0000] {logging_mixin.py:149} INFO - [2025-09-22T01:35:02.351+0000] {dag.py:2726} INFO - Sync 1 DAGs
[2025-09-22T01:35:02.386+0000] {logging_mixin.py:149} INFO - [2025-09-22T01:35:02.386+0000] {dag.py:3490} INFO - Setting next_dagrun for example_passing_params_via_test_command to 2025-09-22T01:34:00+00:00, run_after=2025-09-22T01:35:00+00:00
[2025-09-22T01:35:02.408+0000] {processor.py:179} INFO - Processing /home/airflow/.local/lib/python3.7/site-packages/airflow/example_dags/example_passing_params_via_test_command.py took 0.112 seconds
[2025-09-22T01:35:32.721+0000] {processor.py:157} INFO - Started process (PID=11665) to work on /home/airflow/.local/lib/python3.7/site-packages/airflow/example_dags/example_passing_params_via_test_command.py
[2025-09-22T01:35:32.722+0000] {processor.py:826} INFO - Processing file /home/airflow/.local/lib/python3.7/site-packages/airflow/example_dags/example_passing_params_via_test_command.py for tasks to queue
[2025-09-22T01:35:32.723+0000] {logging_mixin.py:149} INFO - [2025-09-22T01:35:32.723+0000] {dagbag.py:541} INFO - Filling up the DagBag from /home/airflow/.local/lib/python3.7/site-packages/airflow/example_dags/example_passing_params_via_test_command.py
[2025-09-22T01:35:32.735+0000] {processor.py:836} INFO - DAG(s) dict_keys(['example_passing_params_via_test_command']) retrieved from /home/airflow/.local/lib/python3.7/site-packages/airflow/example_dags/example_passing_params_via_test_command.py
[2025-09-22T01:35:32.811+0000] {logging_mixin.py:149} INFO - [2025-09-22T01:35:32.811+0000] {dag.py:2726} INFO - Sync 1 DAGs
[2025-09-22T01:35:32.858+0000] {logging_mixin.py:149} INFO - [2025-09-22T01:35:32.858+0000] {dag.py:3490} INFO - Setting next_dagrun for example_passing_params_via_test_command to 2025-09-22T01:34:00+00:00, run_after=2025-09-22T01:35:00+00:00
[2025-09-22T01:35:32.886+0000] {processor.py:179} INFO - Processing /home/airflow/.local/lib/python3.7/site-packages/airflow/example_dags/example_passing_params_via_test_command.py took 0.170 seconds
[2025-09-22T01:36:03.153+0000] {processor.py:157} INFO - Started process (PID=11941) to work on /home/airflow/.local/lib/python3.7/site-packages/airflow/example_dags/example_passing_params_via_test_command.py
[2025-09-22T01:36:03.155+0000] {processor.py:826} INFO - Processing file /home/airflow/.local/lib/python3.7/site-packages/airflow/example_dags/example_passing_params_via_test_command.py for tasks to queue
[2025-09-22T01:36:03.156+0000] {logging_mixin.py:149} INFO - [2025-09-22T01:36:03.156+0000] {dagbag.py:541} INFO - Filling up the DagBag from /home/airflow/.local/lib/python3.7/site-packages/airflow/example_dags/example_passing_params_via_test_command.py
[2025-09-22T01:36:03.167+0000] {processor.py:836} INFO - DAG(s) dict_keys(['example_passing_params_via_test_command']) retrieved from /home/airflow/.local/lib/python3.7/site-packages/airflow/example_dags/example_passing_params_via_test_command.py
[2025-09-22T01:36:03.197+0000] {logging_mixin.py:149} INFO - [2025-09-22T01:36:03.197+0000] {dag.py:2726} INFO - Sync 1 DAGs
[2025-09-22T01:36:03.230+0000] {logging_mixin.py:149} INFO - [2025-09-22T01:36:03.230+0000] {dag.py:3490} INFO - Setting next_dagrun for example_passing_params_via_test_command to 2025-09-22T01:35:00+00:00, run_after=2025-09-22T01:36:00+00:00
[2025-09-22T01:36:03.252+0000] {processor.py:179} INFO - Processing /home/airflow/.local/lib/python3.7/site-packages/airflow/example_dags/example_passing_params_via_test_command.py took 0.102 seconds
[2025-09-22T01:36:34.572+0000] {processor.py:157} INFO - Started process (PID=12212) to work on /home/airflow/.local/lib/python3.7/site-packages/airflow/example_dags/example_passing_params_via_test_command.py
[2025-09-22T01:36:34.573+0000] {processor.py:826} INFO - Processing file /home/airflow/.local/lib/python3.7/site-packages/airflow/example_dags/example_passing_params_via_test_command.py for tasks to queue
[2025-09-22T01:36:34.574+0000] {logging_mixin.py:149} INFO - [2025-09-22T01:36:34.574+0000] {dagbag.py:541} INFO - Filling up the DagBag from /home/airflow/.local/lib/python3.7/site-packages/airflow/example_dags/example_passing_params_via_test_command.py
[2025-09-22T01:36:34.587+0000] {processor.py:836} INFO - DAG(s) dict_keys(['example_passing_params_via_test_command']) retrieved from /home/airflow/.local/lib/python3.7/site-packages/airflow/example_dags/example_passing_params_via_test_command.py
[2025-09-22T01:36:34.625+0000] {logging_mixin.py:149} INFO - [2025-09-22T01:36:34.625+0000] {dag.py:2726} INFO - Sync 1 DAGs
[2025-09-22T01:36:34.674+0000] {logging_mixin.py:149} INFO - [2025-09-22T01:36:34.674+0000] {dag.py:3490} INFO - Setting next_dagrun for example_passing_params_via_test_command to 2025-09-22T01:35:00+00:00, run_after=2025-09-22T01:36:00+00:00
[2025-09-22T01:36:34.699+0000] {processor.py:179} INFO - Processing /home/airflow/.local/lib/python3.7/site-packages/airflow/example_dags/example_passing_params_via_test_command.py took 0.131 seconds
[2025-09-22T01:37:05.954+0000] {processor.py:157} INFO - Started process (PID=12494) to work on /home/airflow/.local/lib/python3.7/site-packages/airflow/example_dags/example_passing_params_via_test_command.py
[2025-09-22T01:37:05.957+0000] {processor.py:826} INFO - Processing file /home/airflow/.local/lib/python3.7/site-packages/airflow/example_dags/example_passing_params_via_test_command.py for tasks to queue
[2025-09-22T01:37:05.960+0000] {logging_mixin.py:149} INFO - [2025-09-22T01:37:05.959+0000] {dagbag.py:541} INFO - Filling up the DagBag from /home/airflow/.local/lib/python3.7/site-packages/airflow/example_dags/example_passing_params_via_test_command.py
[2025-09-22T01:37:05.996+0000] {processor.py:836} INFO - DAG(s) dict_keys(['example_passing_params_via_test_command']) retrieved from /home/airflow/.local/lib/python3.7/site-packages/airflow/example_dags/example_passing_params_via_test_command.py
[2025-09-22T01:37:06.132+0000] {logging_mixin.py:149} INFO - [2025-09-22T01:37:06.132+0000] {dag.py:2726} INFO - Sync 1 DAGs
[2025-09-22T01:37:06.291+0000] {logging_mixin.py:149} INFO - [2025-09-22T01:37:06.291+0000] {dag.py:3490} INFO - Setting next_dagrun for example_passing_params_via_test_command to 2025-09-22T01:36:00+00:00, run_after=2025-09-22T01:37:00+00:00
[2025-09-22T01:37:06.400+0000] {processor.py:179} INFO - Processing /home/airflow/.local/lib/python3.7/site-packages/airflow/example_dags/example_passing_params_via_test_command.py took 0.457 seconds
[2025-09-22T01:37:37.694+0000] {processor.py:157} INFO - Started process (PID=12775) to work on /home/airflow/.local/lib/python3.7/site-packages/airflow/example_dags/example_passing_params_via_test_command.py
[2025-09-22T01:37:37.695+0000] {processor.py:826} INFO - Processing file /home/airflow/.local/lib/python3.7/site-packages/airflow/example_dags/example_passing_params_via_test_command.py for tasks to queue
[2025-09-22T01:37:37.696+0000] {logging_mixin.py:149} INFO - [2025-09-22T01:37:37.696+0000] {dagbag.py:541} INFO - Filling up the DagBag from /home/airflow/.local/lib/python3.7/site-packages/airflow/example_dags/example_passing_params_via_test_command.py
[2025-09-22T01:37:37.711+0000] {processor.py:836} INFO - DAG(s) dict_keys(['example_passing_params_via_test_command']) retrieved from /home/airflow/.local/lib/python3.7/site-packages/airflow/example_dags/example_passing_params_via_test_command.py
[2025-09-22T01:37:37.753+0000] {logging_mixin.py:149} INFO - [2025-09-22T01:37:37.752+0000] {dag.py:2726} INFO - Sync 1 DAGs
[2025-09-22T01:37:37.801+0000] {logging_mixin.py:149} INFO - [2025-09-22T01:37:37.801+0000] {dag.py:3490} INFO - Setting next_dagrun for example_passing_params_via_test_command to 2025-09-22T01:36:00+00:00, run_after=2025-09-22T01:37:00+00:00
[2025-09-22T01:37:37.829+0000] {processor.py:179} INFO - Processing /home/airflow/.local/lib/python3.7/site-packages/airflow/example_dags/example_passing_params_via_test_command.py took 0.140 seconds
[2025-09-22T01:38:08.239+0000] {processor.py:157} INFO - Started process (PID=13051) to work on /home/airflow/.local/lib/python3.7/site-packages/airflow/example_dags/example_passing_params_via_test_command.py
[2025-09-22T01:38:08.240+0000] {processor.py:826} INFO - Processing file /home/airflow/.local/lib/python3.7/site-packages/airflow/example_dags/example_passing_params_via_test_command.py for tasks to queue
[2025-09-22T01:38:08.241+0000] {logging_mixin.py:149} INFO - [2025-09-22T01:38:08.241+0000] {dagbag.py:541} INFO - Filling up the DagBag from /home/airflow/.local/lib/python3.7/site-packages/airflow/example_dags/example_passing_params_via_test_command.py
[2025-09-22T01:38:08.252+0000] {processor.py:836} INFO - DAG(s) dict_keys(['example_passing_params_via_test_command']) retrieved from /home/airflow/.local/lib/python3.7/site-packages/airflow/example_dags/example_passing_params_via_test_command.py
[2025-09-22T01:38:08.284+0000] {logging_mixin.py:149} INFO - [2025-09-22T01:38:08.284+0000] {dag.py:2726} INFO - Sync 1 DAGs
[2025-09-22T01:38:08.323+0000] {logging_mixin.py:149} INFO - [2025-09-22T01:38:08.323+0000] {dag.py:3490} INFO - Setting next_dagrun for example_passing_params_via_test_command to 2025-09-22T01:37:00+00:00, run_after=2025-09-22T01:38:00+00:00
[2025-09-22T01:38:08.345+0000] {processor.py:179} INFO - Processing /home/airflow/.local/lib/python3.7/site-packages/airflow/example_dags/example_passing_params_via_test_command.py took 0.110 seconds
[2025-09-22T01:38:39.969+0000] {processor.py:157} INFO - Started process (PID=13332) to work on /home/airflow/.local/lib/python3.7/site-packages/airflow/example_dags/example_passing_params_via_test_command.py
[2025-09-22T01:38:39.970+0000] {processor.py:826} INFO - Processing file /home/airflow/.local/lib/python3.7/site-packages/airflow/example_dags/example_passing_params_via_test_command.py for tasks to queue
[2025-09-22T01:38:39.971+0000] {logging_mixin.py:149} INFO - [2025-09-22T01:38:39.971+0000] {dagbag.py:541} INFO - Filling up the DagBag from /home/airflow/.local/lib/python3.7/site-packages/airflow/example_dags/example_passing_params_via_test_command.py
[2025-09-22T01:38:39.984+0000] {processor.py:836} INFO - DAG(s) dict_keys(['example_passing_params_via_test_command']) retrieved from /home/airflow/.local/lib/python3.7/site-packages/airflow/example_dags/example_passing_params_via_test_command.py
[2025-09-22T01:38:40.113+0000] {logging_mixin.py:149} INFO - [2025-09-22T01:38:40.113+0000] {dag.py:2726} INFO - Sync 1 DAGs
[2025-09-22T01:38:40.156+0000] {logging_mixin.py:149} INFO - [2025-09-22T01:38:40.155+0000] {dag.py:3490} INFO - Setting next_dagrun for example_passing_params_via_test_command to 2025-09-22T01:37:00+00:00, run_after=2025-09-22T01:38:00+00:00
[2025-09-22T01:38:40.181+0000] {processor.py:179} INFO - Processing /home/airflow/.local/lib/python3.7/site-packages/airflow/example_dags/example_passing_params_via_test_command.py took 0.217 seconds
[2025-09-22T01:39:10.305+0000] {processor.py:157} INFO - Started process (PID=13608) to work on /home/airflow/.local/lib/python3.7/site-packages/airflow/example_dags/example_passing_params_via_test_command.py
[2025-09-22T01:39:10.306+0000] {processor.py:826} INFO - Processing file /home/airflow/.local/lib/python3.7/site-packages/airflow/example_dags/example_passing_params_via_test_command.py for tasks to queue
[2025-09-22T01:39:10.308+0000] {logging_mixin.py:149} INFO - [2025-09-22T01:39:10.307+0000] {dagbag.py:541} INFO - Filling up the DagBag from /home/airflow/.local/lib/python3.7/site-packages/airflow/example_dags/example_passing_params_via_test_command.py
[2025-09-22T01:39:10.321+0000] {processor.py:836} INFO - DAG(s) dict_keys(['example_passing_params_via_test_command']) retrieved from /home/airflow/.local/lib/python3.7/site-packages/airflow/example_dags/example_passing_params_via_test_command.py
[2025-09-22T01:39:10.355+0000] {logging_mixin.py:149} INFO - [2025-09-22T01:39:10.355+0000] {dag.py:2726} INFO - Sync 1 DAGs
[2025-09-22T01:39:10.395+0000] {logging_mixin.py:149} INFO - [2025-09-22T01:39:10.395+0000] {dag.py:3490} INFO - Setting next_dagrun for example_passing_params_via_test_command to 2025-09-22T01:38:00+00:00, run_after=2025-09-22T01:39:00+00:00
[2025-09-22T01:39:10.421+0000] {processor.py:179} INFO - Processing /home/airflow/.local/lib/python3.7/site-packages/airflow/example_dags/example_passing_params_via_test_command.py took 0.121 seconds
[2025-09-22T01:39:41.776+0000] {processor.py:157} INFO - Started process (PID=13897) to work on /home/airflow/.local/lib/python3.7/site-packages/airflow/example_dags/example_passing_params_via_test_command.py
[2025-09-22T01:39:41.779+0000] {processor.py:826} INFO - Processing file /home/airflow/.local/lib/python3.7/site-packages/airflow/example_dags/example_passing_params_via_test_command.py for tasks to queue
[2025-09-22T01:39:41.780+0000] {logging_mixin.py:149} INFO - [2025-09-22T01:39:41.780+0000] {dagbag.py:541} INFO - Filling up the DagBag from /home/airflow/.local/lib/python3.7/site-packages/airflow/example_dags/example_passing_params_via_test_command.py
[2025-09-22T01:39:41.802+0000] {processor.py:836} INFO - DAG(s) dict_keys(['example_passing_params_via_test_command']) retrieved from /home/airflow/.local/lib/python3.7/site-packages/airflow/example_dags/example_passing_params_via_test_command.py
[2025-09-22T01:39:41.861+0000] {logging_mixin.py:149} INFO - [2025-09-22T01:39:41.861+0000] {dag.py:2726} INFO - Sync 1 DAGs
[2025-09-22T01:39:41.928+0000] {logging_mixin.py:149} INFO - [2025-09-22T01:39:41.928+0000] {dag.py:3490} INFO - Setting next_dagrun for example_passing_params_via_test_command to 2025-09-22T01:38:00+00:00, run_after=2025-09-22T01:39:00+00:00
[2025-09-22T01:39:41.968+0000] {processor.py:179} INFO - Processing /home/airflow/.local/lib/python3.7/site-packages/airflow/example_dags/example_passing_params_via_test_command.py took 0.198 seconds
[2025-09-22T01:40:12.045+0000] {processor.py:157} INFO - Started process (PID=14172) to work on /home/airflow/.local/lib/python3.7/site-packages/airflow/example_dags/example_passing_params_via_test_command.py
[2025-09-22T01:40:12.046+0000] {processor.py:826} INFO - Processing file /home/airflow/.local/lib/python3.7/site-packages/airflow/example_dags/example_passing_params_via_test_command.py for tasks to queue
[2025-09-22T01:40:12.047+0000] {logging_mixin.py:149} INFO - [2025-09-22T01:40:12.047+0000] {dagbag.py:541} INFO - Filling up the DagBag from /home/airflow/.local/lib/python3.7/site-packages/airflow/example_dags/example_passing_params_via_test_command.py
[2025-09-22T01:40:12.057+0000] {processor.py:836} INFO - DAG(s) dict_keys(['example_passing_params_via_test_command']) retrieved from /home/airflow/.local/lib/python3.7/site-packages/airflow/example_dags/example_passing_params_via_test_command.py
[2025-09-22T01:40:13.102+0000] {logging_mixin.py:149} INFO - [2025-09-22T01:40:13.101+0000] {dag.py:2726} INFO - Sync 1 DAGs
[2025-09-22T01:40:13.135+0000] {logging_mixin.py:149} INFO - [2025-09-22T01:40:13.135+0000] {dag.py:3490} INFO - Setting next_dagrun for example_passing_params_via_test_command to 2025-09-22T01:39:00+00:00, run_after=2025-09-22T01:40:00+00:00
[2025-09-22T01:40:13.159+0000] {processor.py:179} INFO - Processing /home/airflow/.local/lib/python3.7/site-packages/airflow/example_dags/example_passing_params_via_test_command.py took 1.118 seconds
[2025-09-22T01:40:43.761+0000] {processor.py:157} INFO - Started process (PID=14469) to work on /home/airflow/.local/lib/python3.7/site-packages/airflow/example_dags/example_passing_params_via_test_command.py
[2025-09-22T01:40:43.763+0000] {processor.py:826} INFO - Processing file /home/airflow/.local/lib/python3.7/site-packages/airflow/example_dags/example_passing_params_via_test_command.py for tasks to queue
[2025-09-22T01:40:43.764+0000] {logging_mixin.py:149} INFO - [2025-09-22T01:40:43.764+0000] {dagbag.py:541} INFO - Filling up the DagBag from /home/airflow/.local/lib/python3.7/site-packages/airflow/example_dags/example_passing_params_via_test_command.py
[2025-09-22T01:40:43.777+0000] {processor.py:836} INFO - DAG(s) dict_keys(['example_passing_params_via_test_command']) retrieved from /home/airflow/.local/lib/python3.7/site-packages/airflow/example_dags/example_passing_params_via_test_command.py
[2025-09-22T01:40:45.180+0000] {processor.py:182} ERROR - Got an exception! Propagating...
Traceback (most recent call last):
  File "/home/airflow/.local/lib/python3.7/site-packages/sqlalchemy/engine/base.py", line 3366, in _wrap_pool_connect
    return fn()
  File "/home/airflow/.local/lib/python3.7/site-packages/sqlalchemy/pool/base.py", line 327, in connect
    return _ConnectionFairy._checkout(self)
  File "/home/airflow/.local/lib/python3.7/site-packages/sqlalchemy/pool/base.py", line 894, in _checkout
    fairy = _ConnectionRecord.checkout(pool)
  File "/home/airflow/.local/lib/python3.7/site-packages/sqlalchemy/pool/base.py", line 493, in checkout
    rec = pool._do_get()
  File "/home/airflow/.local/lib/python3.7/site-packages/sqlalchemy/pool/impl.py", line 146, in _do_get
    self._dec_overflow()
  File "/home/airflow/.local/lib/python3.7/site-packages/sqlalchemy/util/langhelpers.py", line 72, in __exit__
    with_traceback=exc_tb,
  File "/home/airflow/.local/lib/python3.7/site-packages/sqlalchemy/util/compat.py", line 211, in raise_
    raise exception
  File "/home/airflow/.local/lib/python3.7/site-packages/sqlalchemy/pool/impl.py", line 143, in _do_get
    return self._create_connection()
  File "/home/airflow/.local/lib/python3.7/site-packages/sqlalchemy/pool/base.py", line 273, in _create_connection
    return _ConnectionRecord(self)
  File "/home/airflow/.local/lib/python3.7/site-packages/sqlalchemy/pool/base.py", line 388, in __init__
    self.__connect()
  File "/home/airflow/.local/lib/python3.7/site-packages/sqlalchemy/pool/base.py", line 691, in __connect
    pool.logger.debug("Error on connect(): %s", e)
  File "/home/airflow/.local/lib/python3.7/site-packages/sqlalchemy/util/langhelpers.py", line 72, in __exit__
    with_traceback=exc_tb,
  File "/home/airflow/.local/lib/python3.7/site-packages/sqlalchemy/util/compat.py", line 211, in raise_
    raise exception
  File "/home/airflow/.local/lib/python3.7/site-packages/sqlalchemy/pool/base.py", line 686, in __connect
    self.dbapi_connection = connection = pool._invoke_creator(self)
  File "/home/airflow/.local/lib/python3.7/site-packages/sqlalchemy/engine/create.py", line 574, in connect
    return dialect.connect(*cargs, **cparams)
  File "/home/airflow/.local/lib/python3.7/site-packages/sqlalchemy/engine/default.py", line 598, in connect
    return self.dbapi.connect(*cargs, **cparams)
  File "/home/airflow/.local/lib/python3.7/site-packages/psycopg2/__init__.py", line 122, in connect
    conn = _connect(dsn, connection_factory=connection_factory, **kwasync)
psycopg2.OperationalError: connection to server at "postgres" (172.22.0.8), port 5432 failed: FATAL:  password authentication failed for user "airflow"


The above exception was the direct cause of the following exception:

Traceback (most recent call last):
  File "/home/airflow/.local/lib/python3.7/site-packages/airflow/dag_processing/processor.py", line 178, in _run_file_processor
    _handle_dag_file_processing()
  File "/home/airflow/.local/lib/python3.7/site-packages/airflow/dag_processing/processor.py", line 162, in _handle_dag_file_processing
    callback_requests=callback_requests,
  File "/home/airflow/.local/lib/python3.7/site-packages/airflow/utils/session.py", line 76, in wrapper
    return func(*args, session=session, **kwargs)
  File "/home/airflow/.local/lib/python3.7/site-packages/airflow/dag_processing/processor.py", line 857, in process_file
    pickle_dags=pickle_dags,
  File "/home/airflow/.local/lib/python3.7/site-packages/airflow/api_internal/internal_api_call.py", line 112, in wrapper
    return func(*args, **kwargs)
  File "/home/airflow/.local/lib/python3.7/site-packages/airflow/utils/session.py", line 76, in wrapper
    return func(*args, session=session, **kwargs)
  File "/home/airflow/.local/lib/python3.7/site-packages/airflow/dag_processing/processor.py", line 890, in save_dag_to_db
    import_errors = DagBag._sync_to_db(dags=dags, processor_subdir=dag_directory, session=session)
  File "/home/airflow/.local/lib/python3.7/site-packages/airflow/utils/session.py", line 73, in wrapper
    return func(*args, **kwargs)
  File "/home/airflow/.local/lib/python3.7/site-packages/airflow/models/dagbag.py", line 659, in _sync_to_db
    for attempt in run_with_db_retries(logger=log):
  File "/home/airflow/.local/lib/python3.7/site-packages/tenacity/__init__.py", line 347, in __iter__
    do = self.iter(retry_state=retry_state)
  File "/home/airflow/.local/lib/python3.7/site-packages/tenacity/__init__.py", line 325, in iter
    raise retry_exc.reraise()
  File "/home/airflow/.local/lib/python3.7/site-packages/tenacity/__init__.py", line 158, in reraise
    raise self.last_attempt.result()
  File "/usr/local/lib/python3.7/concurrent/futures/_base.py", line 428, in result
    return self.__get_result()
  File "/usr/local/lib/python3.7/concurrent/futures/_base.py", line 384, in __get_result
    raise self._exception
  File "/home/airflow/.local/lib/python3.7/site-packages/airflow/models/dagbag.py", line 671, in _sync_to_db
    serialize_errors.extend(_serialize_dag_capturing_errors(dag, session))
  File "/home/airflow/.local/lib/python3.7/site-packages/airflow/models/dagbag.py", line 641, in _serialize_dag_capturing_errors
    session=session,
  File "/home/airflow/.local/lib/python3.7/site-packages/airflow/utils/session.py", line 73, in wrapper
    return func(*args, **kwargs)
  File "/home/airflow/.local/lib/python3.7/site-packages/airflow/models/serialized_dag.py", line 149, in write_dag
    (timezone.utcnow() - timedelta(seconds=min_update_interval)) < cls.last_updated,
  File "/home/airflow/.local/lib/python3.7/site-packages/sqlalchemy/orm/query.py", line 2893, in scalar
    ret = self.one()
  File "/home/airflow/.local/lib/python3.7/site-packages/sqlalchemy/orm/query.py", line 2870, in one
    return self._iter().one()
  File "/home/airflow/.local/lib/python3.7/site-packages/sqlalchemy/orm/query.py", line 2919, in _iter
    execution_options={"_sa_orm_load_options": self.load_options},
  File "/home/airflow/.local/lib/python3.7/site-packages/sqlalchemy/orm/session.py", line 1716, in execute
    conn = self._connection_for_bind(bind)
  File "/home/airflow/.local/lib/python3.7/site-packages/sqlalchemy/orm/session.py", line 1556, in _connection_for_bind
    engine, execution_options
  File "/home/airflow/.local/lib/python3.7/site-packages/sqlalchemy/orm/session.py", line 750, in _connection_for_bind
    conn = bind.connect()
  File "/home/airflow/.local/lib/python3.7/site-packages/sqlalchemy/engine/base.py", line 3320, in connect
    return self._connection_cls(self, close_with_result=close_with_result)
  File "/home/airflow/.local/lib/python3.7/site-packages/sqlalchemy/engine/base.py", line 96, in __init__
    else engine.raw_connection()
  File "/home/airflow/.local/lib/python3.7/site-packages/sqlalchemy/engine/base.py", line 3399, in raw_connection
    return self._wrap_pool_connect(self.pool.connect, _connection)
  File "/home/airflow/.local/lib/python3.7/site-packages/sqlalchemy/engine/base.py", line 3370, in _wrap_pool_connect
    e, dialect, self
  File "/home/airflow/.local/lib/python3.7/site-packages/sqlalchemy/engine/base.py", line 2204, in _handle_dbapi_exception_noconnection
    sqlalchemy_exception, with_traceback=exc_info[2], from_=e
  File "/home/airflow/.local/lib/python3.7/site-packages/sqlalchemy/util/compat.py", line 211, in raise_
    raise exception
  File "/home/airflow/.local/lib/python3.7/site-packages/sqlalchemy/engine/base.py", line 3366, in _wrap_pool_connect
    return fn()
  File "/home/airflow/.local/lib/python3.7/site-packages/sqlalchemy/pool/base.py", line 327, in connect
    return _ConnectionFairy._checkout(self)
  File "/home/airflow/.local/lib/python3.7/site-packages/sqlalchemy/pool/base.py", line 894, in _checkout
    fairy = _ConnectionRecord.checkout(pool)
  File "/home/airflow/.local/lib/python3.7/site-packages/sqlalchemy/pool/base.py", line 493, in checkout
    rec = pool._do_get()
  File "/home/airflow/.local/lib/python3.7/site-packages/sqlalchemy/pool/impl.py", line 146, in _do_get
    self._dec_overflow()
  File "/home/airflow/.local/lib/python3.7/site-packages/sqlalchemy/util/langhelpers.py", line 72, in __exit__
    with_traceback=exc_tb,
  File "/home/airflow/.local/lib/python3.7/site-packages/sqlalchemy/util/compat.py", line 211, in raise_
    raise exception
  File "/home/airflow/.local/lib/python3.7/site-packages/sqlalchemy/pool/impl.py", line 143, in _do_get
    return self._create_connection()
  File "/home/airflow/.local/lib/python3.7/site-packages/sqlalchemy/pool/base.py", line 273, in _create_connection
    return _ConnectionRecord(self)
  File "/home/airflow/.local/lib/python3.7/site-packages/sqlalchemy/pool/base.py", line 388, in __init__
    self.__connect()
  File "/home/airflow/.local/lib/python3.7/site-packages/sqlalchemy/pool/base.py", line 691, in __connect
    pool.logger.debug("Error on connect(): %s", e)
  File "/home/airflow/.local/lib/python3.7/site-packages/sqlalchemy/util/langhelpers.py", line 72, in __exit__
    with_traceback=exc_tb,
  File "/home/airflow/.local/lib/python3.7/site-packages/sqlalchemy/util/compat.py", line 211, in raise_
    raise exception
  File "/home/airflow/.local/lib/python3.7/site-packages/sqlalchemy/pool/base.py", line 686, in __connect
    self.dbapi_connection = connection = pool._invoke_creator(self)
  File "/home/airflow/.local/lib/python3.7/site-packages/sqlalchemy/engine/create.py", line 574, in connect
    return dialect.connect(*cargs, **cparams)
  File "/home/airflow/.local/lib/python3.7/site-packages/sqlalchemy/engine/default.py", line 598, in connect
    return self.dbapi.connect(*cargs, **cparams)
  File "/home/airflow/.local/lib/python3.7/site-packages/psycopg2/__init__.py", line 122, in connect
    conn = _connect(dsn, connection_factory=connection_factory, **kwasync)
sqlalchemy.exc.OperationalError: (psycopg2.OperationalError) connection to server at "postgres" (172.22.0.8), port 5432 failed: FATAL:  password authentication failed for user "airflow"

(Background on this error at: https://sqlalche.me/e/14/e3q8)
[2025-09-22T01:41:15.632+0000] {processor.py:157} INFO - Started process (PID=14777) to work on /home/airflow/.local/lib/python3.7/site-packages/airflow/example_dags/example_passing_params_via_test_command.py
[2025-09-22T01:41:15.633+0000] {processor.py:826} INFO - Processing file /home/airflow/.local/lib/python3.7/site-packages/airflow/example_dags/example_passing_params_via_test_command.py for tasks to queue
[2025-09-22T01:41:15.634+0000] {logging_mixin.py:149} INFO - [2025-09-22T01:41:15.634+0000] {dagbag.py:541} INFO - Filling up the DagBag from /home/airflow/.local/lib/python3.7/site-packages/airflow/example_dags/example_passing_params_via_test_command.py
[2025-09-22T01:41:15.645+0000] {processor.py:836} INFO - DAG(s) dict_keys(['example_passing_params_via_test_command']) retrieved from /home/airflow/.local/lib/python3.7/site-packages/airflow/example_dags/example_passing_params_via_test_command.py
[2025-09-22T01:41:15.676+0000] {logging_mixin.py:149} INFO - [2025-09-22T01:41:15.676+0000] {dag.py:2726} INFO - Sync 1 DAGs
[2025-09-22T01:41:15.714+0000] {logging_mixin.py:149} INFO - [2025-09-22T01:41:15.714+0000] {dag.py:3490} INFO - Setting next_dagrun for example_passing_params_via_test_command to 2025-09-22T01:40:00+00:00, run_after=2025-09-22T01:41:00+00:00
[2025-09-22T01:41:15.739+0000] {processor.py:179} INFO - Processing /home/airflow/.local/lib/python3.7/site-packages/airflow/example_dags/example_passing_params_via_test_command.py took 0.110 seconds
[2025-09-22T01:41:47.280+0000] {processor.py:157} INFO - Started process (PID=15061) to work on /home/airflow/.local/lib/python3.7/site-packages/airflow/example_dags/example_passing_params_via_test_command.py
[2025-09-22T01:41:47.281+0000] {processor.py:826} INFO - Processing file /home/airflow/.local/lib/python3.7/site-packages/airflow/example_dags/example_passing_params_via_test_command.py for tasks to queue
[2025-09-22T01:41:47.281+0000] {logging_mixin.py:149} INFO - [2025-09-22T01:41:47.281+0000] {dagbag.py:541} INFO - Filling up the DagBag from /home/airflow/.local/lib/python3.7/site-packages/airflow/example_dags/example_passing_params_via_test_command.py
[2025-09-22T01:41:47.293+0000] {processor.py:836} INFO - DAG(s) dict_keys(['example_passing_params_via_test_command']) retrieved from /home/airflow/.local/lib/python3.7/site-packages/airflow/example_dags/example_passing_params_via_test_command.py
[2025-09-22T01:41:47.758+0000] {logging_mixin.py:149} INFO - [2025-09-22T01:41:47.758+0000] {dag.py:2726} INFO - Sync 1 DAGs
[2025-09-22T01:41:47.799+0000] {logging_mixin.py:149} INFO - [2025-09-22T01:41:47.799+0000] {dag.py:3490} INFO - Setting next_dagrun for example_passing_params_via_test_command to 2025-09-22T01:40:00+00:00, run_after=2025-09-22T01:41:00+00:00
[2025-09-22T01:41:47.821+0000] {processor.py:179} INFO - Processing /home/airflow/.local/lib/python3.7/site-packages/airflow/example_dags/example_passing_params_via_test_command.py took 0.545 seconds
[2025-09-22T01:42:18.288+0000] {processor.py:157} INFO - Started process (PID=15339) to work on /home/airflow/.local/lib/python3.7/site-packages/airflow/example_dags/example_passing_params_via_test_command.py
[2025-09-22T01:42:18.290+0000] {processor.py:826} INFO - Processing file /home/airflow/.local/lib/python3.7/site-packages/airflow/example_dags/example_passing_params_via_test_command.py for tasks to queue
[2025-09-22T01:42:18.291+0000] {logging_mixin.py:149} INFO - [2025-09-22T01:42:18.291+0000] {dagbag.py:541} INFO - Filling up the DagBag from /home/airflow/.local/lib/python3.7/site-packages/airflow/example_dags/example_passing_params_via_test_command.py
[2025-09-22T01:42:18.308+0000] {processor.py:836} INFO - DAG(s) dict_keys(['example_passing_params_via_test_command']) retrieved from /home/airflow/.local/lib/python3.7/site-packages/airflow/example_dags/example_passing_params_via_test_command.py
[2025-09-22T01:42:18.347+0000] {logging_mixin.py:149} INFO - [2025-09-22T01:42:18.347+0000] {dag.py:2726} INFO - Sync 1 DAGs
[2025-09-22T01:42:18.383+0000] {logging_mixin.py:149} INFO - [2025-09-22T01:42:18.383+0000] {dag.py:3490} INFO - Setting next_dagrun for example_passing_params_via_test_command to 2025-09-22T01:41:00+00:00, run_after=2025-09-22T01:42:00+00:00
[2025-09-22T01:42:18.406+0000] {processor.py:179} INFO - Processing /home/airflow/.local/lib/python3.7/site-packages/airflow/example_dags/example_passing_params_via_test_command.py took 0.123 seconds
[2025-09-22T01:42:48.846+0000] {processor.py:157} INFO - Started process (PID=15600) to work on /home/airflow/.local/lib/python3.7/site-packages/airflow/example_dags/example_passing_params_via_test_command.py
[2025-09-22T01:42:48.847+0000] {processor.py:826} INFO - Processing file /home/airflow/.local/lib/python3.7/site-packages/airflow/example_dags/example_passing_params_via_test_command.py for tasks to queue
[2025-09-22T01:42:48.847+0000] {logging_mixin.py:149} INFO - [2025-09-22T01:42:48.847+0000] {dagbag.py:541} INFO - Filling up the DagBag from /home/airflow/.local/lib/python3.7/site-packages/airflow/example_dags/example_passing_params_via_test_command.py
[2025-09-22T01:42:48.860+0000] {processor.py:836} INFO - DAG(s) dict_keys(['example_passing_params_via_test_command']) retrieved from /home/airflow/.local/lib/python3.7/site-packages/airflow/example_dags/example_passing_params_via_test_command.py
[2025-09-22T01:42:49.002+0000] {logging_mixin.py:149} INFO - [2025-09-22T01:42:49.002+0000] {dag.py:2726} INFO - Sync 1 DAGs
[2025-09-22T01:42:49.042+0000] {logging_mixin.py:149} INFO - [2025-09-22T01:42:49.041+0000] {dag.py:3490} INFO - Setting next_dagrun for example_passing_params_via_test_command to 2025-09-22T01:41:00+00:00, run_after=2025-09-22T01:42:00+00:00
[2025-09-22T01:42:49.062+0000] {processor.py:179} INFO - Processing /home/airflow/.local/lib/python3.7/site-packages/airflow/example_dags/example_passing_params_via_test_command.py took 0.220 seconds
[2025-09-22T01:43:19.814+0000] {processor.py:157} INFO - Started process (PID=15881) to work on /home/airflow/.local/lib/python3.7/site-packages/airflow/example_dags/example_passing_params_via_test_command.py
[2025-09-22T01:43:19.815+0000] {processor.py:826} INFO - Processing file /home/airflow/.local/lib/python3.7/site-packages/airflow/example_dags/example_passing_params_via_test_command.py for tasks to queue
[2025-09-22T01:43:19.816+0000] {logging_mixin.py:149} INFO - [2025-09-22T01:43:19.816+0000] {dagbag.py:541} INFO - Filling up the DagBag from /home/airflow/.local/lib/python3.7/site-packages/airflow/example_dags/example_passing_params_via_test_command.py
[2025-09-22T01:43:19.828+0000] {processor.py:836} INFO - DAG(s) dict_keys(['example_passing_params_via_test_command']) retrieved from /home/airflow/.local/lib/python3.7/site-packages/airflow/example_dags/example_passing_params_via_test_command.py
[2025-09-22T01:43:19.861+0000] {logging_mixin.py:149} INFO - [2025-09-22T01:43:19.861+0000] {dag.py:2726} INFO - Sync 1 DAGs
[2025-09-22T01:43:19.897+0000] {logging_mixin.py:149} INFO - [2025-09-22T01:43:19.897+0000] {dag.py:3490} INFO - Setting next_dagrun for example_passing_params_via_test_command to 2025-09-22T01:42:00+00:00, run_after=2025-09-22T01:43:00+00:00
[2025-09-22T01:43:19.926+0000] {processor.py:179} INFO - Processing /home/airflow/.local/lib/python3.7/site-packages/airflow/example_dags/example_passing_params_via_test_command.py took 0.116 seconds
[2025-09-22T01:43:50.346+0000] {processor.py:157} INFO - Started process (PID=16160) to work on /home/airflow/.local/lib/python3.7/site-packages/airflow/example_dags/example_passing_params_via_test_command.py
[2025-09-22T01:43:50.347+0000] {processor.py:826} INFO - Processing file /home/airflow/.local/lib/python3.7/site-packages/airflow/example_dags/example_passing_params_via_test_command.py for tasks to queue
[2025-09-22T01:43:50.348+0000] {logging_mixin.py:149} INFO - [2025-09-22T01:43:50.348+0000] {dagbag.py:541} INFO - Filling up the DagBag from /home/airflow/.local/lib/python3.7/site-packages/airflow/example_dags/example_passing_params_via_test_command.py
[2025-09-22T01:43:50.358+0000] {processor.py:836} INFO - DAG(s) dict_keys(['example_passing_params_via_test_command']) retrieved from /home/airflow/.local/lib/python3.7/site-packages/airflow/example_dags/example_passing_params_via_test_command.py
[2025-09-22T01:43:50.461+0000] {logging_mixin.py:149} INFO - [2025-09-22T01:43:50.461+0000] {dag.py:2726} INFO - Sync 1 DAGs
[2025-09-22T01:43:50.499+0000] {logging_mixin.py:149} INFO - [2025-09-22T01:43:50.499+0000] {dag.py:3490} INFO - Setting next_dagrun for example_passing_params_via_test_command to 2025-09-22T01:42:00+00:00, run_after=2025-09-22T01:43:00+00:00
[2025-09-22T01:43:50.521+0000] {processor.py:179} INFO - Processing /home/airflow/.local/lib/python3.7/site-packages/airflow/example_dags/example_passing_params_via_test_command.py took 0.179 seconds
[2025-09-22T01:44:21.338+0000] {processor.py:157} INFO - Started process (PID=16446) to work on /home/airflow/.local/lib/python3.7/site-packages/airflow/example_dags/example_passing_params_via_test_command.py
[2025-09-22T01:44:21.339+0000] {processor.py:826} INFO - Processing file /home/airflow/.local/lib/python3.7/site-packages/airflow/example_dags/example_passing_params_via_test_command.py for tasks to queue
[2025-09-22T01:44:21.340+0000] {logging_mixin.py:149} INFO - [2025-09-22T01:44:21.340+0000] {dagbag.py:541} INFO - Filling up the DagBag from /home/airflow/.local/lib/python3.7/site-packages/airflow/example_dags/example_passing_params_via_test_command.py
[2025-09-22T01:44:21.353+0000] {processor.py:836} INFO - DAG(s) dict_keys(['example_passing_params_via_test_command']) retrieved from /home/airflow/.local/lib/python3.7/site-packages/airflow/example_dags/example_passing_params_via_test_command.py
[2025-09-22T01:44:21.385+0000] {logging_mixin.py:149} INFO - [2025-09-22T01:44:21.385+0000] {dag.py:2726} INFO - Sync 1 DAGs
[2025-09-22T01:44:21.418+0000] {logging_mixin.py:149} INFO - [2025-09-22T01:44:21.417+0000] {dag.py:3490} INFO - Setting next_dagrun for example_passing_params_via_test_command to 2025-09-22T01:43:00+00:00, run_after=2025-09-22T01:44:00+00:00
[2025-09-22T01:44:21.440+0000] {processor.py:179} INFO - Processing /home/airflow/.local/lib/python3.7/site-packages/airflow/example_dags/example_passing_params_via_test_command.py took 0.106 seconds
