[2025-10-09T08:00:15.904+0000] {processor.py:157} INFO - Started process (PID=420) to work on /home/airflow/.local/lib/python3.7/site-packages/airflow/example_dags/example_passing_params_via_test_command.py
[2025-10-09T08:00:15.905+0000] {processor.py:826} INFO - Processing file /home/airflow/.local/lib/python3.7/site-packages/airflow/example_dags/example_passing_params_via_test_command.py for tasks to queue
[2025-10-09T08:00:15.908+0000] {logging_mixin.py:149} INFO - [2025-10-09T08:00:15.907+0000] {dagbag.py:541} INFO - Filling up the DagBag from /home/airflow/.local/lib/python3.7/site-packages/airflow/example_dags/example_passing_params_via_test_command.py
[2025-10-09T08:00:15.921+0000] {processor.py:836} INFO - DAG(s) dict_keys(['example_passing_params_via_test_command']) retrieved from /home/airflow/.local/lib/python3.7/site-packages/airflow/example_dags/example_passing_params_via_test_command.py
[2025-10-09T08:00:15.973+0000] {logging_mixin.py:149} INFO - [2025-10-09T08:00:15.973+0000] {dag.py:2726} INFO - Sync 1 DAGs
[2025-10-09T08:00:16.018+0000] {logging_mixin.py:149} INFO - [2025-10-09T08:00:16.017+0000] {dag.py:3490} INFO - Setting next_dagrun for example_passing_params_via_test_command to 2025-10-09T07:59:00+00:00, run_after=2025-10-09T08:00:00+00:00
[2025-10-09T08:00:16.044+0000] {processor.py:179} INFO - Processing /home/airflow/.local/lib/python3.7/site-packages/airflow/example_dags/example_passing_params_via_test_command.py took 0.145 seconds
[2025-10-09T08:00:46.585+0000] {processor.py:157} INFO - Started process (PID=727) to work on /home/airflow/.local/lib/python3.7/site-packages/airflow/example_dags/example_passing_params_via_test_command.py
[2025-10-09T08:00:46.587+0000] {processor.py:826} INFO - Processing file /home/airflow/.local/lib/python3.7/site-packages/airflow/example_dags/example_passing_params_via_test_command.py for tasks to queue
[2025-10-09T08:00:46.588+0000] {logging_mixin.py:149} INFO - [2025-10-09T08:00:46.588+0000] {dagbag.py:541} INFO - Filling up the DagBag from /home/airflow/.local/lib/python3.7/site-packages/airflow/example_dags/example_passing_params_via_test_command.py
[2025-10-09T08:00:46.599+0000] {processor.py:836} INFO - DAG(s) dict_keys(['example_passing_params_via_test_command']) retrieved from /home/airflow/.local/lib/python3.7/site-packages/airflow/example_dags/example_passing_params_via_test_command.py
[2025-10-09T08:00:46.636+0000] {logging_mixin.py:149} INFO - [2025-10-09T08:00:46.636+0000] {dag.py:2726} INFO - Sync 1 DAGs
[2025-10-09T08:00:46.678+0000] {logging_mixin.py:149} INFO - [2025-10-09T08:00:46.678+0000] {dag.py:3490} INFO - Setting next_dagrun for example_passing_params_via_test_command to 2025-10-09T07:59:00+00:00, run_after=2025-10-09T08:00:00+00:00
[2025-10-09T08:00:46.725+0000] {processor.py:179} INFO - Processing /home/airflow/.local/lib/python3.7/site-packages/airflow/example_dags/example_passing_params_via_test_command.py took 0.143 seconds
[2025-10-09T08:01:17.080+0000] {processor.py:157} INFO - Started process (PID=1034) to work on /home/airflow/.local/lib/python3.7/site-packages/airflow/example_dags/example_passing_params_via_test_command.py
[2025-10-09T08:01:17.081+0000] {processor.py:826} INFO - Processing file /home/airflow/.local/lib/python3.7/site-packages/airflow/example_dags/example_passing_params_via_test_command.py for tasks to queue
[2025-10-09T08:01:17.082+0000] {logging_mixin.py:149} INFO - [2025-10-09T08:01:17.082+0000] {dagbag.py:541} INFO - Filling up the DagBag from /home/airflow/.local/lib/python3.7/site-packages/airflow/example_dags/example_passing_params_via_test_command.py
[2025-10-09T08:01:17.094+0000] {processor.py:836} INFO - DAG(s) dict_keys(['example_passing_params_via_test_command']) retrieved from /home/airflow/.local/lib/python3.7/site-packages/airflow/example_dags/example_passing_params_via_test_command.py
[2025-10-09T08:01:17.123+0000] {logging_mixin.py:149} INFO - [2025-10-09T08:01:17.123+0000] {dag.py:2726} INFO - Sync 1 DAGs
[2025-10-09T08:01:17.158+0000] {logging_mixin.py:149} INFO - [2025-10-09T08:01:17.158+0000] {dag.py:3490} INFO - Setting next_dagrun for example_passing_params_via_test_command to 2025-10-09T08:00:00+00:00, run_after=2025-10-09T08:01:00+00:00
[2025-10-09T08:01:17.182+0000] {processor.py:179} INFO - Processing /home/airflow/.local/lib/python3.7/site-packages/airflow/example_dags/example_passing_params_via_test_command.py took 0.106 seconds
[2025-10-09T08:01:47.519+0000] {processor.py:157} INFO - Started process (PID=1340) to work on /home/airflow/.local/lib/python3.7/site-packages/airflow/example_dags/example_passing_params_via_test_command.py
[2025-10-09T08:01:47.520+0000] {processor.py:826} INFO - Processing file /home/airflow/.local/lib/python3.7/site-packages/airflow/example_dags/example_passing_params_via_test_command.py for tasks to queue
[2025-10-09T08:01:47.521+0000] {logging_mixin.py:149} INFO - [2025-10-09T08:01:47.521+0000] {dagbag.py:541} INFO - Filling up the DagBag from /home/airflow/.local/lib/python3.7/site-packages/airflow/example_dags/example_passing_params_via_test_command.py
[2025-10-09T08:01:47.532+0000] {processor.py:836} INFO - DAG(s) dict_keys(['example_passing_params_via_test_command']) retrieved from /home/airflow/.local/lib/python3.7/site-packages/airflow/example_dags/example_passing_params_via_test_command.py
[2025-10-09T08:01:47.562+0000] {logging_mixin.py:149} INFO - [2025-10-09T08:01:47.561+0000] {dag.py:2726} INFO - Sync 1 DAGs
[2025-10-09T08:01:47.594+0000] {logging_mixin.py:149} INFO - [2025-10-09T08:01:47.594+0000] {dag.py:3490} INFO - Setting next_dagrun for example_passing_params_via_test_command to 2025-10-09T08:00:00+00:00, run_after=2025-10-09T08:01:00+00:00
[2025-10-09T08:01:47.614+0000] {processor.py:179} INFO - Processing /home/airflow/.local/lib/python3.7/site-packages/airflow/example_dags/example_passing_params_via_test_command.py took 0.099 seconds
[2025-10-09T08:02:18.180+0000] {processor.py:157} INFO - Started process (PID=1647) to work on /home/airflow/.local/lib/python3.7/site-packages/airflow/example_dags/example_passing_params_via_test_command.py
[2025-10-09T08:02:18.181+0000] {processor.py:826} INFO - Processing file /home/airflow/.local/lib/python3.7/site-packages/airflow/example_dags/example_passing_params_via_test_command.py for tasks to queue
[2025-10-09T08:02:18.182+0000] {logging_mixin.py:149} INFO - [2025-10-09T08:02:18.182+0000] {dagbag.py:541} INFO - Filling up the DagBag from /home/airflow/.local/lib/python3.7/site-packages/airflow/example_dags/example_passing_params_via_test_command.py
[2025-10-09T08:02:18.196+0000] {processor.py:836} INFO - DAG(s) dict_keys(['example_passing_params_via_test_command']) retrieved from /home/airflow/.local/lib/python3.7/site-packages/airflow/example_dags/example_passing_params_via_test_command.py
[2025-10-09T08:02:18.229+0000] {logging_mixin.py:149} INFO - [2025-10-09T08:02:18.229+0000] {dag.py:2726} INFO - Sync 1 DAGs
[2025-10-09T08:02:18.263+0000] {logging_mixin.py:149} INFO - [2025-10-09T08:02:18.263+0000] {dag.py:3490} INFO - Setting next_dagrun for example_passing_params_via_test_command to 2025-10-09T08:01:00+00:00, run_after=2025-10-09T08:02:00+00:00
[2025-10-09T08:02:18.286+0000] {processor.py:179} INFO - Processing /home/airflow/.local/lib/python3.7/site-packages/airflow/example_dags/example_passing_params_via_test_command.py took 0.109 seconds
[2025-10-09T08:02:48.825+0000] {processor.py:157} INFO - Started process (PID=1954) to work on /home/airflow/.local/lib/python3.7/site-packages/airflow/example_dags/example_passing_params_via_test_command.py
[2025-10-09T08:02:48.826+0000] {processor.py:826} INFO - Processing file /home/airflow/.local/lib/python3.7/site-packages/airflow/example_dags/example_passing_params_via_test_command.py for tasks to queue
[2025-10-09T08:02:48.827+0000] {logging_mixin.py:149} INFO - [2025-10-09T08:02:48.827+0000] {dagbag.py:541} INFO - Filling up the DagBag from /home/airflow/.local/lib/python3.7/site-packages/airflow/example_dags/example_passing_params_via_test_command.py
[2025-10-09T08:02:48.837+0000] {processor.py:836} INFO - DAG(s) dict_keys(['example_passing_params_via_test_command']) retrieved from /home/airflow/.local/lib/python3.7/site-packages/airflow/example_dags/example_passing_params_via_test_command.py
[2025-10-09T08:02:48.867+0000] {logging_mixin.py:149} INFO - [2025-10-09T08:02:48.867+0000] {dag.py:2726} INFO - Sync 1 DAGs
[2025-10-09T08:02:48.900+0000] {logging_mixin.py:149} INFO - [2025-10-09T08:02:48.900+0000] {dag.py:3490} INFO - Setting next_dagrun for example_passing_params_via_test_command to 2025-10-09T08:01:00+00:00, run_after=2025-10-09T08:02:00+00:00
[2025-10-09T08:02:48.922+0000] {processor.py:179} INFO - Processing /home/airflow/.local/lib/python3.7/site-packages/airflow/example_dags/example_passing_params_via_test_command.py took 0.101 seconds
[2025-10-09T08:03:19.560+0000] {processor.py:157} INFO - Started process (PID=2261) to work on /home/airflow/.local/lib/python3.7/site-packages/airflow/example_dags/example_passing_params_via_test_command.py
[2025-10-09T08:03:19.561+0000] {processor.py:826} INFO - Processing file /home/airflow/.local/lib/python3.7/site-packages/airflow/example_dags/example_passing_params_via_test_command.py for tasks to queue
[2025-10-09T08:03:19.562+0000] {logging_mixin.py:149} INFO - [2025-10-09T08:03:19.562+0000] {dagbag.py:541} INFO - Filling up the DagBag from /home/airflow/.local/lib/python3.7/site-packages/airflow/example_dags/example_passing_params_via_test_command.py
[2025-10-09T08:03:19.573+0000] {processor.py:836} INFO - DAG(s) dict_keys(['example_passing_params_via_test_command']) retrieved from /home/airflow/.local/lib/python3.7/site-packages/airflow/example_dags/example_passing_params_via_test_command.py
[2025-10-09T08:03:19.599+0000] {logging_mixin.py:149} INFO - [2025-10-09T08:03:19.599+0000] {dag.py:2726} INFO - Sync 1 DAGs
[2025-10-09T08:03:19.634+0000] {logging_mixin.py:149} INFO - [2025-10-09T08:03:19.633+0000] {dag.py:3490} INFO - Setting next_dagrun for example_passing_params_via_test_command to 2025-10-09T08:02:00+00:00, run_after=2025-10-09T08:03:00+00:00
[2025-10-09T08:03:19.657+0000] {processor.py:179} INFO - Processing /home/airflow/.local/lib/python3.7/site-packages/airflow/example_dags/example_passing_params_via_test_command.py took 0.100 seconds
[2025-10-09T08:03:50.338+0000] {processor.py:157} INFO - Started process (PID=2563) to work on /home/airflow/.local/lib/python3.7/site-packages/airflow/example_dags/example_passing_params_via_test_command.py
[2025-10-09T08:03:50.339+0000] {processor.py:826} INFO - Processing file /home/airflow/.local/lib/python3.7/site-packages/airflow/example_dags/example_passing_params_via_test_command.py for tasks to queue
[2025-10-09T08:03:50.340+0000] {logging_mixin.py:149} INFO - [2025-10-09T08:03:50.339+0000] {dagbag.py:541} INFO - Filling up the DagBag from /home/airflow/.local/lib/python3.7/site-packages/airflow/example_dags/example_passing_params_via_test_command.py
[2025-10-09T08:03:50.350+0000] {processor.py:836} INFO - DAG(s) dict_keys(['example_passing_params_via_test_command']) retrieved from /home/airflow/.local/lib/python3.7/site-packages/airflow/example_dags/example_passing_params_via_test_command.py
[2025-10-09T08:03:50.380+0000] {logging_mixin.py:149} INFO - [2025-10-09T08:03:50.380+0000] {dag.py:2726} INFO - Sync 1 DAGs
[2025-10-09T08:03:50.414+0000] {logging_mixin.py:149} INFO - [2025-10-09T08:03:50.414+0000] {dag.py:3490} INFO - Setting next_dagrun for example_passing_params_via_test_command to 2025-10-09T08:02:00+00:00, run_after=2025-10-09T08:03:00+00:00
[2025-10-09T08:03:50.436+0000] {processor.py:179} INFO - Processing /home/airflow/.local/lib/python3.7/site-packages/airflow/example_dags/example_passing_params_via_test_command.py took 0.102 seconds
[2025-10-09T08:04:21.343+0000] {processor.py:157} INFO - Started process (PID=2877) to work on /home/airflow/.local/lib/python3.7/site-packages/airflow/example_dags/example_passing_params_via_test_command.py
[2025-10-09T08:04:21.344+0000] {processor.py:826} INFO - Processing file /home/airflow/.local/lib/python3.7/site-packages/airflow/example_dags/example_passing_params_via_test_command.py for tasks to queue
[2025-10-09T08:04:21.345+0000] {logging_mixin.py:149} INFO - [2025-10-09T08:04:21.345+0000] {dagbag.py:541} INFO - Filling up the DagBag from /home/airflow/.local/lib/python3.7/site-packages/airflow/example_dags/example_passing_params_via_test_command.py
[2025-10-09T08:04:21.356+0000] {processor.py:836} INFO - DAG(s) dict_keys(['example_passing_params_via_test_command']) retrieved from /home/airflow/.local/lib/python3.7/site-packages/airflow/example_dags/example_passing_params_via_test_command.py
[2025-10-09T08:04:21.390+0000] {logging_mixin.py:149} INFO - [2025-10-09T08:04:21.390+0000] {dag.py:2726} INFO - Sync 1 DAGs
[2025-10-09T08:04:21.424+0000] {logging_mixin.py:149} INFO - [2025-10-09T08:04:21.424+0000] {dag.py:3490} INFO - Setting next_dagrun for example_passing_params_via_test_command to 2025-10-09T08:03:00+00:00, run_after=2025-10-09T08:04:00+00:00
[2025-10-09T08:04:21.450+0000] {processor.py:179} INFO - Processing /home/airflow/.local/lib/python3.7/site-packages/airflow/example_dags/example_passing_params_via_test_command.py took 0.111 seconds
[2025-10-09T08:04:51.693+0000] {processor.py:157} INFO - Started process (PID=3184) to work on /home/airflow/.local/lib/python3.7/site-packages/airflow/example_dags/example_passing_params_via_test_command.py
[2025-10-09T08:04:51.696+0000] {processor.py:826} INFO - Processing file /home/airflow/.local/lib/python3.7/site-packages/airflow/example_dags/example_passing_params_via_test_command.py for tasks to queue
[2025-10-09T08:04:51.697+0000] {logging_mixin.py:149} INFO - [2025-10-09T08:04:51.697+0000] {dagbag.py:541} INFO - Filling up the DagBag from /home/airflow/.local/lib/python3.7/site-packages/airflow/example_dags/example_passing_params_via_test_command.py
[2025-10-09T08:04:51.710+0000] {processor.py:836} INFO - DAG(s) dict_keys(['example_passing_params_via_test_command']) retrieved from /home/airflow/.local/lib/python3.7/site-packages/airflow/example_dags/example_passing_params_via_test_command.py
[2025-10-09T08:04:51.741+0000] {logging_mixin.py:149} INFO - [2025-10-09T08:04:51.741+0000] {dag.py:2726} INFO - Sync 1 DAGs
[2025-10-09T08:04:51.775+0000] {logging_mixin.py:149} INFO - [2025-10-09T08:04:51.775+0000] {dag.py:3490} INFO - Setting next_dagrun for example_passing_params_via_test_command to 2025-10-09T08:03:00+00:00, run_after=2025-10-09T08:04:00+00:00
[2025-10-09T08:04:51.797+0000] {processor.py:179} INFO - Processing /home/airflow/.local/lib/python3.7/site-packages/airflow/example_dags/example_passing_params_via_test_command.py took 0.108 seconds
[2025-10-09T08:05:22.071+0000] {processor.py:157} INFO - Started process (PID=3489) to work on /home/airflow/.local/lib/python3.7/site-packages/airflow/example_dags/example_passing_params_via_test_command.py
[2025-10-09T08:05:22.072+0000] {processor.py:826} INFO - Processing file /home/airflow/.local/lib/python3.7/site-packages/airflow/example_dags/example_passing_params_via_test_command.py for tasks to queue
[2025-10-09T08:05:22.074+0000] {logging_mixin.py:149} INFO - [2025-10-09T08:05:22.074+0000] {dagbag.py:541} INFO - Filling up the DagBag from /home/airflow/.local/lib/python3.7/site-packages/airflow/example_dags/example_passing_params_via_test_command.py
[2025-10-09T08:05:22.086+0000] {processor.py:836} INFO - DAG(s) dict_keys(['example_passing_params_via_test_command']) retrieved from /home/airflow/.local/lib/python3.7/site-packages/airflow/example_dags/example_passing_params_via_test_command.py
[2025-10-09T08:05:22.124+0000] {logging_mixin.py:149} INFO - [2025-10-09T08:05:22.123+0000] {dag.py:2726} INFO - Sync 1 DAGs
[2025-10-09T08:05:22.160+0000] {logging_mixin.py:149} INFO - [2025-10-09T08:05:22.160+0000] {dag.py:3490} INFO - Setting next_dagrun for example_passing_params_via_test_command to 2025-10-09T08:04:00+00:00, run_after=2025-10-09T08:05:00+00:00
[2025-10-09T08:05:22.182+0000] {processor.py:179} INFO - Processing /home/airflow/.local/lib/python3.7/site-packages/airflow/example_dags/example_passing_params_via_test_command.py took 0.114 seconds
[2025-10-09T08:05:52.669+0000] {processor.py:157} INFO - Started process (PID=3796) to work on /home/airflow/.local/lib/python3.7/site-packages/airflow/example_dags/example_passing_params_via_test_command.py
[2025-10-09T08:05:52.671+0000] {processor.py:826} INFO - Processing file /home/airflow/.local/lib/python3.7/site-packages/airflow/example_dags/example_passing_params_via_test_command.py for tasks to queue
[2025-10-09T08:05:52.672+0000] {logging_mixin.py:149} INFO - [2025-10-09T08:05:52.672+0000] {dagbag.py:541} INFO - Filling up the DagBag from /home/airflow/.local/lib/python3.7/site-packages/airflow/example_dags/example_passing_params_via_test_command.py
[2025-10-09T08:05:52.685+0000] {processor.py:836} INFO - DAG(s) dict_keys(['example_passing_params_via_test_command']) retrieved from /home/airflow/.local/lib/python3.7/site-packages/airflow/example_dags/example_passing_params_via_test_command.py
[2025-10-09T08:05:52.718+0000] {logging_mixin.py:149} INFO - [2025-10-09T08:05:52.718+0000] {dag.py:2726} INFO - Sync 1 DAGs
[2025-10-09T08:05:52.751+0000] {logging_mixin.py:149} INFO - [2025-10-09T08:05:52.751+0000] {dag.py:3490} INFO - Setting next_dagrun for example_passing_params_via_test_command to 2025-10-09T08:04:00+00:00, run_after=2025-10-09T08:05:00+00:00
[2025-10-09T08:05:52.775+0000] {processor.py:179} INFO - Processing /home/airflow/.local/lib/python3.7/site-packages/airflow/example_dags/example_passing_params_via_test_command.py took 0.109 seconds
[2025-10-09T08:06:23.276+0000] {processor.py:157} INFO - Started process (PID=4105) to work on /home/airflow/.local/lib/python3.7/site-packages/airflow/example_dags/example_passing_params_via_test_command.py
[2025-10-09T08:06:23.277+0000] {processor.py:826} INFO - Processing file /home/airflow/.local/lib/python3.7/site-packages/airflow/example_dags/example_passing_params_via_test_command.py for tasks to queue
[2025-10-09T08:06:23.278+0000] {logging_mixin.py:149} INFO - [2025-10-09T08:06:23.278+0000] {dagbag.py:541} INFO - Filling up the DagBag from /home/airflow/.local/lib/python3.7/site-packages/airflow/example_dags/example_passing_params_via_test_command.py
[2025-10-09T08:06:23.289+0000] {processor.py:836} INFO - DAG(s) dict_keys(['example_passing_params_via_test_command']) retrieved from /home/airflow/.local/lib/python3.7/site-packages/airflow/example_dags/example_passing_params_via_test_command.py
[2025-10-09T08:06:23.319+0000] {logging_mixin.py:149} INFO - [2025-10-09T08:06:23.318+0000] {dag.py:2726} INFO - Sync 1 DAGs
[2025-10-09T08:06:23.355+0000] {logging_mixin.py:149} INFO - [2025-10-09T08:06:23.355+0000] {dag.py:3490} INFO - Setting next_dagrun for example_passing_params_via_test_command to 2025-10-09T08:05:00+00:00, run_after=2025-10-09T08:06:00+00:00
[2025-10-09T08:06:23.376+0000] {processor.py:179} INFO - Processing /home/airflow/.local/lib/python3.7/site-packages/airflow/example_dags/example_passing_params_via_test_command.py took 0.103 seconds
[2025-10-09T08:06:54.792+0000] {processor.py:157} INFO - Started process (PID=4420) to work on /home/airflow/.local/lib/python3.7/site-packages/airflow/example_dags/example_passing_params_via_test_command.py
[2025-10-09T08:06:54.794+0000] {processor.py:826} INFO - Processing file /home/airflow/.local/lib/python3.7/site-packages/airflow/example_dags/example_passing_params_via_test_command.py for tasks to queue
[2025-10-09T08:06:54.795+0000] {logging_mixin.py:149} INFO - [2025-10-09T08:06:54.794+0000] {dagbag.py:541} INFO - Filling up the DagBag from /home/airflow/.local/lib/python3.7/site-packages/airflow/example_dags/example_passing_params_via_test_command.py
[2025-10-09T08:06:54.806+0000] {processor.py:836} INFO - DAG(s) dict_keys(['example_passing_params_via_test_command']) retrieved from /home/airflow/.local/lib/python3.7/site-packages/airflow/example_dags/example_passing_params_via_test_command.py
[2025-10-09T08:06:54.843+0000] {logging_mixin.py:149} INFO - [2025-10-09T08:06:54.843+0000] {dag.py:2726} INFO - Sync 1 DAGs
[2025-10-09T08:06:54.880+0000] {logging_mixin.py:149} INFO - [2025-10-09T08:06:54.879+0000] {dag.py:3490} INFO - Setting next_dagrun for example_passing_params_via_test_command to 2025-10-09T08:05:00+00:00, run_after=2025-10-09T08:06:00+00:00
[2025-10-09T08:06:54.905+0000] {processor.py:179} INFO - Processing /home/airflow/.local/lib/python3.7/site-packages/airflow/example_dags/example_passing_params_via_test_command.py took 0.118 seconds
[2025-10-09T08:07:26.104+0000] {processor.py:157} INFO - Started process (PID=4727) to work on /home/airflow/.local/lib/python3.7/site-packages/airflow/example_dags/example_passing_params_via_test_command.py
[2025-10-09T08:07:26.108+0000] {processor.py:826} INFO - Processing file /home/airflow/.local/lib/python3.7/site-packages/airflow/example_dags/example_passing_params_via_test_command.py for tasks to queue
[2025-10-09T08:07:26.109+0000] {logging_mixin.py:149} INFO - [2025-10-09T08:07:26.109+0000] {dagbag.py:541} INFO - Filling up the DagBag from /home/airflow/.local/lib/python3.7/site-packages/airflow/example_dags/example_passing_params_via_test_command.py
[2025-10-09T08:07:26.120+0000] {processor.py:836} INFO - DAG(s) dict_keys(['example_passing_params_via_test_command']) retrieved from /home/airflow/.local/lib/python3.7/site-packages/airflow/example_dags/example_passing_params_via_test_command.py
[2025-10-09T08:07:26.152+0000] {logging_mixin.py:149} INFO - [2025-10-09T08:07:26.152+0000] {dag.py:2726} INFO - Sync 1 DAGs
[2025-10-09T08:07:26.186+0000] {logging_mixin.py:149} INFO - [2025-10-09T08:07:26.185+0000] {dag.py:3490} INFO - Setting next_dagrun for example_passing_params_via_test_command to 2025-10-09T08:06:00+00:00, run_after=2025-10-09T08:07:00+00:00
[2025-10-09T08:07:26.209+0000] {processor.py:179} INFO - Processing /home/airflow/.local/lib/python3.7/site-packages/airflow/example_dags/example_passing_params_via_test_command.py took 0.108 seconds
[2025-10-09T08:07:57.605+0000] {processor.py:157} INFO - Started process (PID=5034) to work on /home/airflow/.local/lib/python3.7/site-packages/airflow/example_dags/example_passing_params_via_test_command.py
[2025-10-09T08:07:57.608+0000] {processor.py:826} INFO - Processing file /home/airflow/.local/lib/python3.7/site-packages/airflow/example_dags/example_passing_params_via_test_command.py for tasks to queue
[2025-10-09T08:07:57.609+0000] {logging_mixin.py:149} INFO - [2025-10-09T08:07:57.608+0000] {dagbag.py:541} INFO - Filling up the DagBag from /home/airflow/.local/lib/python3.7/site-packages/airflow/example_dags/example_passing_params_via_test_command.py
[2025-10-09T08:07:57.624+0000] {processor.py:836} INFO - DAG(s) dict_keys(['example_passing_params_via_test_command']) retrieved from /home/airflow/.local/lib/python3.7/site-packages/airflow/example_dags/example_passing_params_via_test_command.py
[2025-10-09T08:07:57.657+0000] {logging_mixin.py:149} INFO - [2025-10-09T08:07:57.657+0000] {dag.py:2726} INFO - Sync 1 DAGs
[2025-10-09T08:07:57.690+0000] {logging_mixin.py:149} INFO - [2025-10-09T08:07:57.690+0000] {dag.py:3490} INFO - Setting next_dagrun for example_passing_params_via_test_command to 2025-10-09T08:06:00+00:00, run_after=2025-10-09T08:07:00+00:00
[2025-10-09T08:07:57.710+0000] {processor.py:179} INFO - Processing /home/airflow/.local/lib/python3.7/site-packages/airflow/example_dags/example_passing_params_via_test_command.py took 0.109 seconds
[2025-10-09T08:08:28.714+0000] {processor.py:157} INFO - Started process (PID=5343) to work on /home/airflow/.local/lib/python3.7/site-packages/airflow/example_dags/example_passing_params_via_test_command.py
[2025-10-09T08:08:28.715+0000] {processor.py:826} INFO - Processing file /home/airflow/.local/lib/python3.7/site-packages/airflow/example_dags/example_passing_params_via_test_command.py for tasks to queue
[2025-10-09T08:08:28.716+0000] {logging_mixin.py:149} INFO - [2025-10-09T08:08:28.716+0000] {dagbag.py:541} INFO - Filling up the DagBag from /home/airflow/.local/lib/python3.7/site-packages/airflow/example_dags/example_passing_params_via_test_command.py
[2025-10-09T08:08:28.727+0000] {processor.py:836} INFO - DAG(s) dict_keys(['example_passing_params_via_test_command']) retrieved from /home/airflow/.local/lib/python3.7/site-packages/airflow/example_dags/example_passing_params_via_test_command.py
[2025-10-09T08:08:28.755+0000] {logging_mixin.py:149} INFO - [2025-10-09T08:08:28.755+0000] {dag.py:2726} INFO - Sync 1 DAGs
[2025-10-09T08:08:28.788+0000] {logging_mixin.py:149} INFO - [2025-10-09T08:08:28.788+0000] {dag.py:3490} INFO - Setting next_dagrun for example_passing_params_via_test_command to 2025-10-09T08:07:00+00:00, run_after=2025-10-09T08:08:00+00:00
[2025-10-09T08:08:28.807+0000] {processor.py:179} INFO - Processing /home/airflow/.local/lib/python3.7/site-packages/airflow/example_dags/example_passing_params_via_test_command.py took 0.096 seconds
[2025-10-09T08:08:59.215+0000] {processor.py:157} INFO - Started process (PID=5648) to work on /home/airflow/.local/lib/python3.7/site-packages/airflow/example_dags/example_passing_params_via_test_command.py
[2025-10-09T08:08:59.216+0000] {processor.py:826} INFO - Processing file /home/airflow/.local/lib/python3.7/site-packages/airflow/example_dags/example_passing_params_via_test_command.py for tasks to queue
[2025-10-09T08:08:59.217+0000] {logging_mixin.py:149} INFO - [2025-10-09T08:08:59.217+0000] {dagbag.py:541} INFO - Filling up the DagBag from /home/airflow/.local/lib/python3.7/site-packages/airflow/example_dags/example_passing_params_via_test_command.py
[2025-10-09T08:08:59.233+0000] {processor.py:836} INFO - DAG(s) dict_keys(['example_passing_params_via_test_command']) retrieved from /home/airflow/.local/lib/python3.7/site-packages/airflow/example_dags/example_passing_params_via_test_command.py
[2025-10-09T08:08:59.263+0000] {logging_mixin.py:149} INFO - [2025-10-09T08:08:59.263+0000] {dag.py:2726} INFO - Sync 1 DAGs
[2025-10-09T08:08:59.296+0000] {logging_mixin.py:149} INFO - [2025-10-09T08:08:59.296+0000] {dag.py:3490} INFO - Setting next_dagrun for example_passing_params_via_test_command to 2025-10-09T08:07:00+00:00, run_after=2025-10-09T08:08:00+00:00
[2025-10-09T08:08:59.319+0000] {processor.py:179} INFO - Processing /home/airflow/.local/lib/python3.7/site-packages/airflow/example_dags/example_passing_params_via_test_command.py took 0.107 seconds
[2025-10-09T08:09:30.909+0000] {processor.py:157} INFO - Started process (PID=5955) to work on /home/airflow/.local/lib/python3.7/site-packages/airflow/example_dags/example_passing_params_via_test_command.py
[2025-10-09T08:09:30.910+0000] {processor.py:826} INFO - Processing file /home/airflow/.local/lib/python3.7/site-packages/airflow/example_dags/example_passing_params_via_test_command.py for tasks to queue
[2025-10-09T08:09:30.911+0000] {logging_mixin.py:149} INFO - [2025-10-09T08:09:30.911+0000] {dagbag.py:541} INFO - Filling up the DagBag from /home/airflow/.local/lib/python3.7/site-packages/airflow/example_dags/example_passing_params_via_test_command.py
[2025-10-09T08:09:30.922+0000] {processor.py:836} INFO - DAG(s) dict_keys(['example_passing_params_via_test_command']) retrieved from /home/airflow/.local/lib/python3.7/site-packages/airflow/example_dags/example_passing_params_via_test_command.py
[2025-10-09T08:09:30.952+0000] {logging_mixin.py:149} INFO - [2025-10-09T08:09:30.952+0000] {dag.py:2726} INFO - Sync 1 DAGs
[2025-10-09T08:09:30.986+0000] {logging_mixin.py:149} INFO - [2025-10-09T08:09:30.986+0000] {dag.py:3490} INFO - Setting next_dagrun for example_passing_params_via_test_command to 2025-10-09T08:08:00+00:00, run_after=2025-10-09T08:09:00+00:00
[2025-10-09T08:09:31.006+0000] {processor.py:179} INFO - Processing /home/airflow/.local/lib/python3.7/site-packages/airflow/example_dags/example_passing_params_via_test_command.py took 0.101 seconds
[2025-10-09T08:10:02.146+0000] {processor.py:157} INFO - Started process (PID=6262) to work on /home/airflow/.local/lib/python3.7/site-packages/airflow/example_dags/example_passing_params_via_test_command.py
[2025-10-09T08:10:02.147+0000] {processor.py:826} INFO - Processing file /home/airflow/.local/lib/python3.7/site-packages/airflow/example_dags/example_passing_params_via_test_command.py for tasks to queue
[2025-10-09T08:10:02.148+0000] {logging_mixin.py:149} INFO - [2025-10-09T08:10:02.148+0000] {dagbag.py:541} INFO - Filling up the DagBag from /home/airflow/.local/lib/python3.7/site-packages/airflow/example_dags/example_passing_params_via_test_command.py
[2025-10-09T08:10:02.159+0000] {processor.py:836} INFO - DAG(s) dict_keys(['example_passing_params_via_test_command']) retrieved from /home/airflow/.local/lib/python3.7/site-packages/airflow/example_dags/example_passing_params_via_test_command.py
[2025-10-09T08:10:02.189+0000] {logging_mixin.py:149} INFO - [2025-10-09T08:10:02.188+0000] {dag.py:2726} INFO - Sync 1 DAGs
[2025-10-09T08:10:02.223+0000] {logging_mixin.py:149} INFO - [2025-10-09T08:10:02.223+0000] {dag.py:3490} INFO - Setting next_dagrun for example_passing_params_via_test_command to 2025-10-09T08:09:00+00:00, run_after=2025-10-09T08:10:00+00:00
[2025-10-09T08:10:02.245+0000] {processor.py:179} INFO - Processing /home/airflow/.local/lib/python3.7/site-packages/airflow/example_dags/example_passing_params_via_test_command.py took 0.103 seconds
[2025-10-09T08:10:33.628+0000] {processor.py:157} INFO - Started process (PID=6569) to work on /home/airflow/.local/lib/python3.7/site-packages/airflow/example_dags/example_passing_params_via_test_command.py
[2025-10-09T08:10:33.629+0000] {processor.py:826} INFO - Processing file /home/airflow/.local/lib/python3.7/site-packages/airflow/example_dags/example_passing_params_via_test_command.py for tasks to queue
[2025-10-09T08:10:33.630+0000] {logging_mixin.py:149} INFO - [2025-10-09T08:10:33.630+0000] {dagbag.py:541} INFO - Filling up the DagBag from /home/airflow/.local/lib/python3.7/site-packages/airflow/example_dags/example_passing_params_via_test_command.py
[2025-10-09T08:10:33.641+0000] {processor.py:836} INFO - DAG(s) dict_keys(['example_passing_params_via_test_command']) retrieved from /home/airflow/.local/lib/python3.7/site-packages/airflow/example_dags/example_passing_params_via_test_command.py
[2025-10-09T08:10:33.673+0000] {logging_mixin.py:149} INFO - [2025-10-09T08:10:33.672+0000] {dag.py:2726} INFO - Sync 1 DAGs
[2025-10-09T08:10:33.706+0000] {logging_mixin.py:149} INFO - [2025-10-09T08:10:33.706+0000] {dag.py:3490} INFO - Setting next_dagrun for example_passing_params_via_test_command to 2025-10-09T08:09:00+00:00, run_after=2025-10-09T08:10:00+00:00
[2025-10-09T08:10:33.728+0000] {processor.py:179} INFO - Processing /home/airflow/.local/lib/python3.7/site-packages/airflow/example_dags/example_passing_params_via_test_command.py took 0.103 seconds
[2025-10-09T08:11:05.033+0000] {processor.py:157} INFO - Started process (PID=6876) to work on /home/airflow/.local/lib/python3.7/site-packages/airflow/example_dags/example_passing_params_via_test_command.py
[2025-10-09T08:11:05.034+0000] {processor.py:826} INFO - Processing file /home/airflow/.local/lib/python3.7/site-packages/airflow/example_dags/example_passing_params_via_test_command.py for tasks to queue
[2025-10-09T08:11:05.035+0000] {logging_mixin.py:149} INFO - [2025-10-09T08:11:05.035+0000] {dagbag.py:541} INFO - Filling up the DagBag from /home/airflow/.local/lib/python3.7/site-packages/airflow/example_dags/example_passing_params_via_test_command.py
[2025-10-09T08:11:05.047+0000] {processor.py:836} INFO - DAG(s) dict_keys(['example_passing_params_via_test_command']) retrieved from /home/airflow/.local/lib/python3.7/site-packages/airflow/example_dags/example_passing_params_via_test_command.py
[2025-10-09T08:11:05.081+0000] {logging_mixin.py:149} INFO - [2025-10-09T08:11:05.081+0000] {dag.py:2726} INFO - Sync 1 DAGs
[2025-10-09T08:11:05.114+0000] {logging_mixin.py:149} INFO - [2025-10-09T08:11:05.114+0000] {dag.py:3490} INFO - Setting next_dagrun for example_passing_params_via_test_command to 2025-10-09T08:10:00+00:00, run_after=2025-10-09T08:11:00+00:00
[2025-10-09T08:11:05.136+0000] {processor.py:179} INFO - Processing /home/airflow/.local/lib/python3.7/site-packages/airflow/example_dags/example_passing_params_via_test_command.py took 0.107 seconds
[2025-10-09T08:11:36.412+0000] {processor.py:157} INFO - Started process (PID=7184) to work on /home/airflow/.local/lib/python3.7/site-packages/airflow/example_dags/example_passing_params_via_test_command.py
[2025-10-09T08:11:36.416+0000] {processor.py:826} INFO - Processing file /home/airflow/.local/lib/python3.7/site-packages/airflow/example_dags/example_passing_params_via_test_command.py for tasks to queue
[2025-10-09T08:11:36.417+0000] {logging_mixin.py:149} INFO - [2025-10-09T08:11:36.417+0000] {dagbag.py:541} INFO - Filling up the DagBag from /home/airflow/.local/lib/python3.7/site-packages/airflow/example_dags/example_passing_params_via_test_command.py
[2025-10-09T08:11:36.427+0000] {processor.py:836} INFO - DAG(s) dict_keys(['example_passing_params_via_test_command']) retrieved from /home/airflow/.local/lib/python3.7/site-packages/airflow/example_dags/example_passing_params_via_test_command.py
[2025-10-09T08:11:36.456+0000] {logging_mixin.py:149} INFO - [2025-10-09T08:11:36.456+0000] {dag.py:2726} INFO - Sync 1 DAGs
[2025-10-09T08:11:36.490+0000] {logging_mixin.py:149} INFO - [2025-10-09T08:11:36.490+0000] {dag.py:3490} INFO - Setting next_dagrun for example_passing_params_via_test_command to 2025-10-09T08:10:00+00:00, run_after=2025-10-09T08:11:00+00:00
[2025-10-09T08:11:36.513+0000] {processor.py:179} INFO - Processing /home/airflow/.local/lib/python3.7/site-packages/airflow/example_dags/example_passing_params_via_test_command.py took 0.104 seconds
[2025-10-09T08:12:07.969+0000] {processor.py:157} INFO - Started process (PID=7500) to work on /home/airflow/.local/lib/python3.7/site-packages/airflow/example_dags/example_passing_params_via_test_command.py
[2025-10-09T08:12:07.970+0000] {processor.py:826} INFO - Processing file /home/airflow/.local/lib/python3.7/site-packages/airflow/example_dags/example_passing_params_via_test_command.py for tasks to queue
[2025-10-09T08:12:07.971+0000] {logging_mixin.py:149} INFO - [2025-10-09T08:12:07.971+0000] {dagbag.py:541} INFO - Filling up the DagBag from /home/airflow/.local/lib/python3.7/site-packages/airflow/example_dags/example_passing_params_via_test_command.py
[2025-10-09T08:12:07.983+0000] {processor.py:836} INFO - DAG(s) dict_keys(['example_passing_params_via_test_command']) retrieved from /home/airflow/.local/lib/python3.7/site-packages/airflow/example_dags/example_passing_params_via_test_command.py
[2025-10-09T08:12:08.017+0000] {logging_mixin.py:149} INFO - [2025-10-09T08:12:08.017+0000] {dag.py:2726} INFO - Sync 1 DAGs
[2025-10-09T08:12:08.052+0000] {logging_mixin.py:149} INFO - [2025-10-09T08:12:08.052+0000] {dag.py:3490} INFO - Setting next_dagrun for example_passing_params_via_test_command to 2025-10-09T08:11:00+00:00, run_after=2025-10-09T08:12:00+00:00
[2025-10-09T08:12:08.077+0000] {processor.py:179} INFO - Processing /home/airflow/.local/lib/python3.7/site-packages/airflow/example_dags/example_passing_params_via_test_command.py took 0.111 seconds
[2025-10-09T08:12:39.931+0000] {processor.py:157} INFO - Started process (PID=7807) to work on /home/airflow/.local/lib/python3.7/site-packages/airflow/example_dags/example_passing_params_via_test_command.py
[2025-10-09T08:12:39.932+0000] {processor.py:826} INFO - Processing file /home/airflow/.local/lib/python3.7/site-packages/airflow/example_dags/example_passing_params_via_test_command.py for tasks to queue
[2025-10-09T08:12:39.934+0000] {logging_mixin.py:149} INFO - [2025-10-09T08:12:39.934+0000] {dagbag.py:541} INFO - Filling up the DagBag from /home/airflow/.local/lib/python3.7/site-packages/airflow/example_dags/example_passing_params_via_test_command.py
[2025-10-09T08:12:39.948+0000] {processor.py:836} INFO - DAG(s) dict_keys(['example_passing_params_via_test_command']) retrieved from /home/airflow/.local/lib/python3.7/site-packages/airflow/example_dags/example_passing_params_via_test_command.py
[2025-10-09T08:12:39.979+0000] {logging_mixin.py:149} INFO - [2025-10-09T08:12:39.979+0000] {dag.py:2726} INFO - Sync 1 DAGs
[2025-10-09T08:12:40.015+0000] {logging_mixin.py:149} INFO - [2025-10-09T08:12:40.014+0000] {dag.py:3490} INFO - Setting next_dagrun for example_passing_params_via_test_command to 2025-10-09T08:11:00+00:00, run_after=2025-10-09T08:12:00+00:00
[2025-10-09T08:12:40.037+0000] {processor.py:179} INFO - Processing /home/airflow/.local/lib/python3.7/site-packages/airflow/example_dags/example_passing_params_via_test_command.py took 0.109 seconds
[2025-10-09T08:13:11.357+0000] {processor.py:157} INFO - Started process (PID=8114) to work on /home/airflow/.local/lib/python3.7/site-packages/airflow/example_dags/example_passing_params_via_test_command.py
[2025-10-09T08:13:11.359+0000] {processor.py:826} INFO - Processing file /home/airflow/.local/lib/python3.7/site-packages/airflow/example_dags/example_passing_params_via_test_command.py for tasks to queue
[2025-10-09T08:13:11.359+0000] {logging_mixin.py:149} INFO - [2025-10-09T08:13:11.359+0000] {dagbag.py:541} INFO - Filling up the DagBag from /home/airflow/.local/lib/python3.7/site-packages/airflow/example_dags/example_passing_params_via_test_command.py
[2025-10-09T08:13:11.370+0000] {processor.py:836} INFO - DAG(s) dict_keys(['example_passing_params_via_test_command']) retrieved from /home/airflow/.local/lib/python3.7/site-packages/airflow/example_dags/example_passing_params_via_test_command.py
[2025-10-09T08:13:11.399+0000] {logging_mixin.py:149} INFO - [2025-10-09T08:13:11.399+0000] {dag.py:2726} INFO - Sync 1 DAGs
[2025-10-09T08:13:11.433+0000] {logging_mixin.py:149} INFO - [2025-10-09T08:13:11.433+0000] {dag.py:3490} INFO - Setting next_dagrun for example_passing_params_via_test_command to 2025-10-09T08:12:00+00:00, run_after=2025-10-09T08:13:00+00:00
[2025-10-09T08:13:11.455+0000] {processor.py:179} INFO - Processing /home/airflow/.local/lib/python3.7/site-packages/airflow/example_dags/example_passing_params_via_test_command.py took 0.102 seconds
[2025-10-09T08:13:43.502+0000] {processor.py:157} INFO - Started process (PID=8428) to work on /home/airflow/.local/lib/python3.7/site-packages/airflow/example_dags/example_passing_params_via_test_command.py
[2025-10-09T08:13:43.503+0000] {processor.py:826} INFO - Processing file /home/airflow/.local/lib/python3.7/site-packages/airflow/example_dags/example_passing_params_via_test_command.py for tasks to queue
[2025-10-09T08:13:43.504+0000] {logging_mixin.py:149} INFO - [2025-10-09T08:13:43.504+0000] {dagbag.py:541} INFO - Filling up the DagBag from /home/airflow/.local/lib/python3.7/site-packages/airflow/example_dags/example_passing_params_via_test_command.py
[2025-10-09T08:13:43.516+0000] {processor.py:836} INFO - DAG(s) dict_keys(['example_passing_params_via_test_command']) retrieved from /home/airflow/.local/lib/python3.7/site-packages/airflow/example_dags/example_passing_params_via_test_command.py
[2025-10-09T08:13:43.548+0000] {logging_mixin.py:149} INFO - [2025-10-09T08:13:43.548+0000] {dag.py:2726} INFO - Sync 1 DAGs
[2025-10-09T08:13:43.584+0000] {logging_mixin.py:149} INFO - [2025-10-09T08:13:43.584+0000] {dag.py:3490} INFO - Setting next_dagrun for example_passing_params_via_test_command to 2025-10-09T08:12:00+00:00, run_after=2025-10-09T08:13:00+00:00
[2025-10-09T08:13:43.605+0000] {processor.py:179} INFO - Processing /home/airflow/.local/lib/python3.7/site-packages/airflow/example_dags/example_passing_params_via_test_command.py took 0.107 seconds
[2025-10-09T08:14:13.986+0000] {processor.py:157} INFO - Started process (PID=8735) to work on /home/airflow/.local/lib/python3.7/site-packages/airflow/example_dags/example_passing_params_via_test_command.py
[2025-10-09T08:14:13.987+0000] {processor.py:826} INFO - Processing file /home/airflow/.local/lib/python3.7/site-packages/airflow/example_dags/example_passing_params_via_test_command.py for tasks to queue
[2025-10-09T08:14:13.988+0000] {logging_mixin.py:149} INFO - [2025-10-09T08:14:13.988+0000] {dagbag.py:541} INFO - Filling up the DagBag from /home/airflow/.local/lib/python3.7/site-packages/airflow/example_dags/example_passing_params_via_test_command.py
[2025-10-09T08:14:14.002+0000] {processor.py:836} INFO - DAG(s) dict_keys(['example_passing_params_via_test_command']) retrieved from /home/airflow/.local/lib/python3.7/site-packages/airflow/example_dags/example_passing_params_via_test_command.py
[2025-10-09T08:14:14.038+0000] {logging_mixin.py:149} INFO - [2025-10-09T08:14:14.038+0000] {dag.py:2726} INFO - Sync 1 DAGs
[2025-10-09T08:14:14.076+0000] {logging_mixin.py:149} INFO - [2025-10-09T08:14:14.076+0000] {dag.py:3490} INFO - Setting next_dagrun for example_passing_params_via_test_command to 2025-10-09T08:13:00+00:00, run_after=2025-10-09T08:14:00+00:00
[2025-10-09T08:14:14.098+0000] {processor.py:179} INFO - Processing /home/airflow/.local/lib/python3.7/site-packages/airflow/example_dags/example_passing_params_via_test_command.py took 0.116 seconds
[2025-10-09T08:14:46.505+0000] {processor.py:157} INFO - Started process (PID=9042) to work on /home/airflow/.local/lib/python3.7/site-packages/airflow/example_dags/example_passing_params_via_test_command.py
[2025-10-09T08:14:46.506+0000] {processor.py:826} INFO - Processing file /home/airflow/.local/lib/python3.7/site-packages/airflow/example_dags/example_passing_params_via_test_command.py for tasks to queue
[2025-10-09T08:14:46.507+0000] {logging_mixin.py:149} INFO - [2025-10-09T08:14:46.507+0000] {dagbag.py:541} INFO - Filling up the DagBag from /home/airflow/.local/lib/python3.7/site-packages/airflow/example_dags/example_passing_params_via_test_command.py
[2025-10-09T08:14:46.519+0000] {processor.py:836} INFO - DAG(s) dict_keys(['example_passing_params_via_test_command']) retrieved from /home/airflow/.local/lib/python3.7/site-packages/airflow/example_dags/example_passing_params_via_test_command.py
[2025-10-09T08:14:46.550+0000] {logging_mixin.py:149} INFO - [2025-10-09T08:14:46.550+0000] {dag.py:2726} INFO - Sync 1 DAGs
[2025-10-09T08:14:46.703+0000] {logging_mixin.py:149} INFO - [2025-10-09T08:14:46.703+0000] {dag.py:3490} INFO - Setting next_dagrun for example_passing_params_via_test_command to 2025-10-09T08:13:00+00:00, run_after=2025-10-09T08:14:00+00:00
[2025-10-09T08:14:46.724+0000] {processor.py:179} INFO - Processing /home/airflow/.local/lib/python3.7/site-packages/airflow/example_dags/example_passing_params_via_test_command.py took 0.223 seconds
[2025-10-09T08:15:20.004+0000] {processor.py:157} INFO - Started process (PID=9349) to work on /home/airflow/.local/lib/python3.7/site-packages/airflow/example_dags/example_passing_params_via_test_command.py
[2025-10-09T08:15:20.005+0000] {processor.py:826} INFO - Processing file /home/airflow/.local/lib/python3.7/site-packages/airflow/example_dags/example_passing_params_via_test_command.py for tasks to queue
[2025-10-09T08:15:20.006+0000] {logging_mixin.py:149} INFO - [2025-10-09T08:15:20.005+0000] {dagbag.py:541} INFO - Filling up the DagBag from /home/airflow/.local/lib/python3.7/site-packages/airflow/example_dags/example_passing_params_via_test_command.py
[2025-10-09T08:15:20.018+0000] {processor.py:836} INFO - DAG(s) dict_keys(['example_passing_params_via_test_command']) retrieved from /home/airflow/.local/lib/python3.7/site-packages/airflow/example_dags/example_passing_params_via_test_command.py
[2025-10-09T08:15:20.056+0000] {logging_mixin.py:149} INFO - [2025-10-09T08:15:20.056+0000] {dag.py:2726} INFO - Sync 1 DAGs
[2025-10-09T08:15:20.100+0000] {logging_mixin.py:149} INFO - [2025-10-09T08:15:20.099+0000] {dag.py:3490} INFO - Setting next_dagrun for example_passing_params_via_test_command to 2025-10-09T08:14:00+00:00, run_after=2025-10-09T08:15:00+00:00
[2025-10-09T08:15:20.131+0000] {processor.py:179} INFO - Processing /home/airflow/.local/lib/python3.7/site-packages/airflow/example_dags/example_passing_params_via_test_command.py took 0.132 seconds
[2025-10-09T08:15:51.978+0000] {processor.py:157} INFO - Started process (PID=9656) to work on /home/airflow/.local/lib/python3.7/site-packages/airflow/example_dags/example_passing_params_via_test_command.py
[2025-10-09T08:15:51.979+0000] {processor.py:826} INFO - Processing file /home/airflow/.local/lib/python3.7/site-packages/airflow/example_dags/example_passing_params_via_test_command.py for tasks to queue
[2025-10-09T08:15:51.980+0000] {logging_mixin.py:149} INFO - [2025-10-09T08:15:51.980+0000] {dagbag.py:541} INFO - Filling up the DagBag from /home/airflow/.local/lib/python3.7/site-packages/airflow/example_dags/example_passing_params_via_test_command.py
[2025-10-09T08:15:51.993+0000] {processor.py:836} INFO - DAG(s) dict_keys(['example_passing_params_via_test_command']) retrieved from /home/airflow/.local/lib/python3.7/site-packages/airflow/example_dags/example_passing_params_via_test_command.py
[2025-10-09T08:15:52.615+0000] {logging_mixin.py:149} INFO - [2025-10-09T08:15:52.615+0000] {dag.py:2726} INFO - Sync 1 DAGs
[2025-10-09T08:15:52.652+0000] {logging_mixin.py:149} INFO - [2025-10-09T08:15:52.652+0000] {dag.py:3490} INFO - Setting next_dagrun for example_passing_params_via_test_command to 2025-10-09T08:14:00+00:00, run_after=2025-10-09T08:15:00+00:00
[2025-10-09T08:15:52.675+0000] {processor.py:179} INFO - Processing /home/airflow/.local/lib/python3.7/site-packages/airflow/example_dags/example_passing_params_via_test_command.py took 0.701 seconds
[2025-10-09T08:16:25.107+0000] {processor.py:157} INFO - Started process (PID=9963) to work on /home/airflow/.local/lib/python3.7/site-packages/airflow/example_dags/example_passing_params_via_test_command.py
[2025-10-09T08:16:25.108+0000] {processor.py:826} INFO - Processing file /home/airflow/.local/lib/python3.7/site-packages/airflow/example_dags/example_passing_params_via_test_command.py for tasks to queue
[2025-10-09T08:16:25.109+0000] {logging_mixin.py:149} INFO - [2025-10-09T08:16:25.109+0000] {dagbag.py:541} INFO - Filling up the DagBag from /home/airflow/.local/lib/python3.7/site-packages/airflow/example_dags/example_passing_params_via_test_command.py
[2025-10-09T08:16:25.120+0000] {processor.py:836} INFO - DAG(s) dict_keys(['example_passing_params_via_test_command']) retrieved from /home/airflow/.local/lib/python3.7/site-packages/airflow/example_dags/example_passing_params_via_test_command.py
[2025-10-09T08:16:25.156+0000] {logging_mixin.py:149} INFO - [2025-10-09T08:16:25.156+0000] {dag.py:2726} INFO - Sync 1 DAGs
[2025-10-09T08:16:25.198+0000] {logging_mixin.py:149} INFO - [2025-10-09T08:16:25.197+0000] {dag.py:3490} INFO - Setting next_dagrun for example_passing_params_via_test_command to 2025-10-09T08:15:00+00:00, run_after=2025-10-09T08:16:00+00:00
[2025-10-09T08:16:25.222+0000] {processor.py:179} INFO - Processing /home/airflow/.local/lib/python3.7/site-packages/airflow/example_dags/example_passing_params_via_test_command.py took 0.118 seconds
[2025-10-09T08:16:56.374+0000] {processor.py:157} INFO - Started process (PID=10279) to work on /home/airflow/.local/lib/python3.7/site-packages/airflow/example_dags/example_passing_params_via_test_command.py
[2025-10-09T08:16:56.375+0000] {processor.py:826} INFO - Processing file /home/airflow/.local/lib/python3.7/site-packages/airflow/example_dags/example_passing_params_via_test_command.py for tasks to queue
[2025-10-09T08:16:56.375+0000] {logging_mixin.py:149} INFO - [2025-10-09T08:16:56.375+0000] {dagbag.py:541} INFO - Filling up the DagBag from /home/airflow/.local/lib/python3.7/site-packages/airflow/example_dags/example_passing_params_via_test_command.py
[2025-10-09T08:16:56.386+0000] {processor.py:836} INFO - DAG(s) dict_keys(['example_passing_params_via_test_command']) retrieved from /home/airflow/.local/lib/python3.7/site-packages/airflow/example_dags/example_passing_params_via_test_command.py
[2025-10-09T08:16:56.416+0000] {logging_mixin.py:149} INFO - [2025-10-09T08:16:56.416+0000] {dag.py:2726} INFO - Sync 1 DAGs
[2025-10-09T08:16:56.448+0000] {logging_mixin.py:149} INFO - [2025-10-09T08:16:56.448+0000] {dag.py:3490} INFO - Setting next_dagrun for example_passing_params_via_test_command to 2025-10-09T08:15:00+00:00, run_after=2025-10-09T08:16:00+00:00
[2025-10-09T08:16:56.472+0000] {processor.py:179} INFO - Processing /home/airflow/.local/lib/python3.7/site-packages/airflow/example_dags/example_passing_params_via_test_command.py took 0.102 seconds
[2025-10-09T08:17:27.258+0000] {processor.py:157} INFO - Started process (PID=10595) to work on /home/airflow/.local/lib/python3.7/site-packages/airflow/example_dags/example_passing_params_via_test_command.py
[2025-10-09T08:17:27.259+0000] {processor.py:826} INFO - Processing file /home/airflow/.local/lib/python3.7/site-packages/airflow/example_dags/example_passing_params_via_test_command.py for tasks to queue
[2025-10-09T08:17:27.260+0000] {logging_mixin.py:149} INFO - [2025-10-09T08:17:27.260+0000] {dagbag.py:541} INFO - Filling up the DagBag from /home/airflow/.local/lib/python3.7/site-packages/airflow/example_dags/example_passing_params_via_test_command.py
[2025-10-09T08:17:27.271+0000] {processor.py:836} INFO - DAG(s) dict_keys(['example_passing_params_via_test_command']) retrieved from /home/airflow/.local/lib/python3.7/site-packages/airflow/example_dags/example_passing_params_via_test_command.py
[2025-10-09T08:17:27.744+0000] {logging_mixin.py:149} INFO - [2025-10-09T08:17:27.743+0000] {dag.py:2726} INFO - Sync 1 DAGs
[2025-10-09T08:17:27.777+0000] {logging_mixin.py:149} INFO - [2025-10-09T08:17:27.777+0000] {dag.py:3490} INFO - Setting next_dagrun for example_passing_params_via_test_command to 2025-10-09T08:16:00+00:00, run_after=2025-10-09T08:17:00+00:00
[2025-10-09T08:17:27.801+0000] {processor.py:179} INFO - Processing /home/airflow/.local/lib/python3.7/site-packages/airflow/example_dags/example_passing_params_via_test_command.py took 0.547 seconds
[2025-10-09T08:17:58.420+0000] {processor.py:157} INFO - Started process (PID=10907) to work on /home/airflow/.local/lib/python3.7/site-packages/airflow/example_dags/example_passing_params_via_test_command.py
[2025-10-09T08:17:58.421+0000] {processor.py:826} INFO - Processing file /home/airflow/.local/lib/python3.7/site-packages/airflow/example_dags/example_passing_params_via_test_command.py for tasks to queue
[2025-10-09T08:17:58.422+0000] {logging_mixin.py:149} INFO - [2025-10-09T08:17:58.422+0000] {dagbag.py:541} INFO - Filling up the DagBag from /home/airflow/.local/lib/python3.7/site-packages/airflow/example_dags/example_passing_params_via_test_command.py
[2025-10-09T08:17:58.434+0000] {processor.py:836} INFO - DAG(s) dict_keys(['example_passing_params_via_test_command']) retrieved from /home/airflow/.local/lib/python3.7/site-packages/airflow/example_dags/example_passing_params_via_test_command.py
[2025-10-09T08:17:58.796+0000] {logging_mixin.py:149} INFO - [2025-10-09T08:17:58.796+0000] {dag.py:2726} INFO - Sync 1 DAGs
[2025-10-09T08:17:58.834+0000] {logging_mixin.py:149} INFO - [2025-10-09T08:17:58.833+0000] {dag.py:3490} INFO - Setting next_dagrun for example_passing_params_via_test_command to 2025-10-09T08:16:00+00:00, run_after=2025-10-09T08:17:00+00:00
[2025-10-09T08:17:58.856+0000] {processor.py:179} INFO - Processing /home/airflow/.local/lib/python3.7/site-packages/airflow/example_dags/example_passing_params_via_test_command.py took 0.439 seconds
[2025-10-09T08:18:30.521+0000] {processor.py:157} INFO - Started process (PID=11224) to work on /home/airflow/.local/lib/python3.7/site-packages/airflow/example_dags/example_passing_params_via_test_command.py
[2025-10-09T08:18:30.522+0000] {processor.py:826} INFO - Processing file /home/airflow/.local/lib/python3.7/site-packages/airflow/example_dags/example_passing_params_via_test_command.py for tasks to queue
[2025-10-09T08:18:30.523+0000] {logging_mixin.py:149} INFO - [2025-10-09T08:18:30.522+0000] {dagbag.py:541} INFO - Filling up the DagBag from /home/airflow/.local/lib/python3.7/site-packages/airflow/example_dags/example_passing_params_via_test_command.py
[2025-10-09T08:18:30.533+0000] {processor.py:836} INFO - DAG(s) dict_keys(['example_passing_params_via_test_command']) retrieved from /home/airflow/.local/lib/python3.7/site-packages/airflow/example_dags/example_passing_params_via_test_command.py
[2025-10-09T08:18:31.346+0000] {logging_mixin.py:149} INFO - [2025-10-09T08:18:31.346+0000] {dag.py:2726} INFO - Sync 1 DAGs
[2025-10-09T08:18:31.380+0000] {logging_mixin.py:149} INFO - [2025-10-09T08:18:31.380+0000] {dag.py:3490} INFO - Setting next_dagrun for example_passing_params_via_test_command to 2025-10-09T08:17:00+00:00, run_after=2025-10-09T08:18:00+00:00
[2025-10-09T08:18:31.403+0000] {processor.py:179} INFO - Processing /home/airflow/.local/lib/python3.7/site-packages/airflow/example_dags/example_passing_params_via_test_command.py took 0.885 seconds
[2025-10-09T08:19:02.302+0000] {processor.py:157} INFO - Started process (PID=11536) to work on /home/airflow/.local/lib/python3.7/site-packages/airflow/example_dags/example_passing_params_via_test_command.py
[2025-10-09T08:19:02.303+0000] {processor.py:826} INFO - Processing file /home/airflow/.local/lib/python3.7/site-packages/airflow/example_dags/example_passing_params_via_test_command.py for tasks to queue
[2025-10-09T08:19:02.304+0000] {logging_mixin.py:149} INFO - [2025-10-09T08:19:02.304+0000] {dagbag.py:541} INFO - Filling up the DagBag from /home/airflow/.local/lib/python3.7/site-packages/airflow/example_dags/example_passing_params_via_test_command.py
[2025-10-09T08:19:02.317+0000] {processor.py:836} INFO - DAG(s) dict_keys(['example_passing_params_via_test_command']) retrieved from /home/airflow/.local/lib/python3.7/site-packages/airflow/example_dags/example_passing_params_via_test_command.py
[2025-10-09T08:19:02.351+0000] {logging_mixin.py:149} INFO - [2025-10-09T08:19:02.351+0000] {dag.py:2726} INFO - Sync 1 DAGs
[2025-10-09T08:19:02.385+0000] {logging_mixin.py:149} INFO - [2025-10-09T08:19:02.385+0000] {dag.py:3490} INFO - Setting next_dagrun for example_passing_params_via_test_command to 2025-10-09T08:18:00+00:00, run_after=2025-10-09T08:19:00+00:00
[2025-10-09T08:19:02.408+0000] {processor.py:179} INFO - Processing /home/airflow/.local/lib/python3.7/site-packages/airflow/example_dags/example_passing_params_via_test_command.py took 0.111 seconds
[2025-10-09T08:19:33.447+0000] {processor.py:157} INFO - Started process (PID=11843) to work on /home/airflow/.local/lib/python3.7/site-packages/airflow/example_dags/example_passing_params_via_test_command.py
[2025-10-09T08:19:33.448+0000] {processor.py:826} INFO - Processing file /home/airflow/.local/lib/python3.7/site-packages/airflow/example_dags/example_passing_params_via_test_command.py for tasks to queue
[2025-10-09T08:19:33.448+0000] {logging_mixin.py:149} INFO - [2025-10-09T08:19:33.448+0000] {dagbag.py:541} INFO - Filling up the DagBag from /home/airflow/.local/lib/python3.7/site-packages/airflow/example_dags/example_passing_params_via_test_command.py
[2025-10-09T08:19:33.459+0000] {processor.py:836} INFO - DAG(s) dict_keys(['example_passing_params_via_test_command']) retrieved from /home/airflow/.local/lib/python3.7/site-packages/airflow/example_dags/example_passing_params_via_test_command.py
[2025-10-09T08:19:33.809+0000] {processor.py:182} ERROR - Got an exception! Propagating...
Traceback (most recent call last):
  File "/home/airflow/.local/lib/python3.7/site-packages/sqlalchemy/engine/base.py", line 3366, in _wrap_pool_connect
    return fn()
  File "/home/airflow/.local/lib/python3.7/site-packages/sqlalchemy/pool/base.py", line 327, in connect
    return _ConnectionFairy._checkout(self)
  File "/home/airflow/.local/lib/python3.7/site-packages/sqlalchemy/pool/base.py", line 894, in _checkout
    fairy = _ConnectionRecord.checkout(pool)
  File "/home/airflow/.local/lib/python3.7/site-packages/sqlalchemy/pool/base.py", line 493, in checkout
    rec = pool._do_get()
  File "/home/airflow/.local/lib/python3.7/site-packages/sqlalchemy/pool/impl.py", line 146, in _do_get
    self._dec_overflow()
  File "/home/airflow/.local/lib/python3.7/site-packages/sqlalchemy/util/langhelpers.py", line 72, in __exit__
    with_traceback=exc_tb,
  File "/home/airflow/.local/lib/python3.7/site-packages/sqlalchemy/util/compat.py", line 211, in raise_
    raise exception
  File "/home/airflow/.local/lib/python3.7/site-packages/sqlalchemy/pool/impl.py", line 143, in _do_get
    return self._create_connection()
  File "/home/airflow/.local/lib/python3.7/site-packages/sqlalchemy/pool/base.py", line 273, in _create_connection
    return _ConnectionRecord(self)
  File "/home/airflow/.local/lib/python3.7/site-packages/sqlalchemy/pool/base.py", line 388, in __init__
    self.__connect()
  File "/home/airflow/.local/lib/python3.7/site-packages/sqlalchemy/pool/base.py", line 691, in __connect
    pool.logger.debug("Error on connect(): %s", e)
  File "/home/airflow/.local/lib/python3.7/site-packages/sqlalchemy/util/langhelpers.py", line 72, in __exit__
    with_traceback=exc_tb,
  File "/home/airflow/.local/lib/python3.7/site-packages/sqlalchemy/util/compat.py", line 211, in raise_
    raise exception
  File "/home/airflow/.local/lib/python3.7/site-packages/sqlalchemy/pool/base.py", line 686, in __connect
    self.dbapi_connection = connection = pool._invoke_creator(self)
  File "/home/airflow/.local/lib/python3.7/site-packages/sqlalchemy/engine/create.py", line 574, in connect
    return dialect.connect(*cargs, **cparams)
  File "/home/airflow/.local/lib/python3.7/site-packages/sqlalchemy/engine/default.py", line 598, in connect
    return self.dbapi.connect(*cargs, **cparams)
  File "/home/airflow/.local/lib/python3.7/site-packages/psycopg2/__init__.py", line 122, in connect
    conn = _connect(dsn, connection_factory=connection_factory, **kwasync)
psycopg2.OperationalError: connection to server at "postgres" (172.22.0.7), port 5432 failed: FATAL:  password authentication failed for user "airflow"


The above exception was the direct cause of the following exception:

Traceback (most recent call last):
  File "/home/airflow/.local/lib/python3.7/site-packages/airflow/dag_processing/processor.py", line 178, in _run_file_processor
    _handle_dag_file_processing()
  File "/home/airflow/.local/lib/python3.7/site-packages/airflow/dag_processing/processor.py", line 162, in _handle_dag_file_processing
    callback_requests=callback_requests,
  File "/home/airflow/.local/lib/python3.7/site-packages/airflow/utils/session.py", line 76, in wrapper
    return func(*args, session=session, **kwargs)
  File "/home/airflow/.local/lib/python3.7/site-packages/airflow/dag_processing/processor.py", line 857, in process_file
    pickle_dags=pickle_dags,
  File "/home/airflow/.local/lib/python3.7/site-packages/airflow/api_internal/internal_api_call.py", line 112, in wrapper
    return func(*args, **kwargs)
  File "/home/airflow/.local/lib/python3.7/site-packages/airflow/utils/session.py", line 76, in wrapper
    return func(*args, session=session, **kwargs)
  File "/home/airflow/.local/lib/python3.7/site-packages/airflow/dag_processing/processor.py", line 890, in save_dag_to_db
    import_errors = DagBag._sync_to_db(dags=dags, processor_subdir=dag_directory, session=session)
  File "/home/airflow/.local/lib/python3.7/site-packages/airflow/utils/session.py", line 73, in wrapper
    return func(*args, **kwargs)
  File "/home/airflow/.local/lib/python3.7/site-packages/airflow/models/dagbag.py", line 659, in _sync_to_db
    for attempt in run_with_db_retries(logger=log):
  File "/home/airflow/.local/lib/python3.7/site-packages/tenacity/__init__.py", line 347, in __iter__
    do = self.iter(retry_state=retry_state)
  File "/home/airflow/.local/lib/python3.7/site-packages/tenacity/__init__.py", line 325, in iter
    raise retry_exc.reraise()
  File "/home/airflow/.local/lib/python3.7/site-packages/tenacity/__init__.py", line 158, in reraise
    raise self.last_attempt.result()
  File "/usr/local/lib/python3.7/concurrent/futures/_base.py", line 428, in result
    return self.__get_result()
  File "/usr/local/lib/python3.7/concurrent/futures/_base.py", line 384, in __get_result
    raise self._exception
  File "/home/airflow/.local/lib/python3.7/site-packages/airflow/models/dagbag.py", line 671, in _sync_to_db
    serialize_errors.extend(_serialize_dag_capturing_errors(dag, session))
  File "/home/airflow/.local/lib/python3.7/site-packages/airflow/models/dagbag.py", line 641, in _serialize_dag_capturing_errors
    session=session,
  File "/home/airflow/.local/lib/python3.7/site-packages/airflow/utils/session.py", line 73, in wrapper
    return func(*args, **kwargs)
  File "/home/airflow/.local/lib/python3.7/site-packages/airflow/models/serialized_dag.py", line 149, in write_dag
    (timezone.utcnow() - timedelta(seconds=min_update_interval)) < cls.last_updated,
  File "/home/airflow/.local/lib/python3.7/site-packages/sqlalchemy/orm/query.py", line 2893, in scalar
    ret = self.one()
  File "/home/airflow/.local/lib/python3.7/site-packages/sqlalchemy/orm/query.py", line 2870, in one
    return self._iter().one()
  File "/home/airflow/.local/lib/python3.7/site-packages/sqlalchemy/orm/query.py", line 2919, in _iter
    execution_options={"_sa_orm_load_options": self.load_options},
  File "/home/airflow/.local/lib/python3.7/site-packages/sqlalchemy/orm/session.py", line 1716, in execute
    conn = self._connection_for_bind(bind)
  File "/home/airflow/.local/lib/python3.7/site-packages/sqlalchemy/orm/session.py", line 1556, in _connection_for_bind
    engine, execution_options
  File "/home/airflow/.local/lib/python3.7/site-packages/sqlalchemy/orm/session.py", line 750, in _connection_for_bind
    conn = bind.connect()
  File "/home/airflow/.local/lib/python3.7/site-packages/sqlalchemy/engine/base.py", line 3320, in connect
    return self._connection_cls(self, close_with_result=close_with_result)
  File "/home/airflow/.local/lib/python3.7/site-packages/sqlalchemy/engine/base.py", line 96, in __init__
    else engine.raw_connection()
  File "/home/airflow/.local/lib/python3.7/site-packages/sqlalchemy/engine/base.py", line 3399, in raw_connection
    return self._wrap_pool_connect(self.pool.connect, _connection)
  File "/home/airflow/.local/lib/python3.7/site-packages/sqlalchemy/engine/base.py", line 3370, in _wrap_pool_connect
    e, dialect, self
  File "/home/airflow/.local/lib/python3.7/site-packages/sqlalchemy/engine/base.py", line 2204, in _handle_dbapi_exception_noconnection
    sqlalchemy_exception, with_traceback=exc_info[2], from_=e
  File "/home/airflow/.local/lib/python3.7/site-packages/sqlalchemy/util/compat.py", line 211, in raise_
    raise exception
  File "/home/airflow/.local/lib/python3.7/site-packages/sqlalchemy/engine/base.py", line 3366, in _wrap_pool_connect
    return fn()
  File "/home/airflow/.local/lib/python3.7/site-packages/sqlalchemy/pool/base.py", line 327, in connect
    return _ConnectionFairy._checkout(self)
  File "/home/airflow/.local/lib/python3.7/site-packages/sqlalchemy/pool/base.py", line 894, in _checkout
    fairy = _ConnectionRecord.checkout(pool)
  File "/home/airflow/.local/lib/python3.7/site-packages/sqlalchemy/pool/base.py", line 493, in checkout
    rec = pool._do_get()
  File "/home/airflow/.local/lib/python3.7/site-packages/sqlalchemy/pool/impl.py", line 146, in _do_get
    self._dec_overflow()
  File "/home/airflow/.local/lib/python3.7/site-packages/sqlalchemy/util/langhelpers.py", line 72, in __exit__
    with_traceback=exc_tb,
  File "/home/airflow/.local/lib/python3.7/site-packages/sqlalchemy/util/compat.py", line 211, in raise_
    raise exception
  File "/home/airflow/.local/lib/python3.7/site-packages/sqlalchemy/pool/impl.py", line 143, in _do_get
    return self._create_connection()
  File "/home/airflow/.local/lib/python3.7/site-packages/sqlalchemy/pool/base.py", line 273, in _create_connection
    return _ConnectionRecord(self)
  File "/home/airflow/.local/lib/python3.7/site-packages/sqlalchemy/pool/base.py", line 388, in __init__
    self.__connect()
  File "/home/airflow/.local/lib/python3.7/site-packages/sqlalchemy/pool/base.py", line 691, in __connect
    pool.logger.debug("Error on connect(): %s", e)
  File "/home/airflow/.local/lib/python3.7/site-packages/sqlalchemy/util/langhelpers.py", line 72, in __exit__
    with_traceback=exc_tb,
  File "/home/airflow/.local/lib/python3.7/site-packages/sqlalchemy/util/compat.py", line 211, in raise_
    raise exception
  File "/home/airflow/.local/lib/python3.7/site-packages/sqlalchemy/pool/base.py", line 686, in __connect
    self.dbapi_connection = connection = pool._invoke_creator(self)
  File "/home/airflow/.local/lib/python3.7/site-packages/sqlalchemy/engine/create.py", line 574, in connect
    return dialect.connect(*cargs, **cparams)
  File "/home/airflow/.local/lib/python3.7/site-packages/sqlalchemy/engine/default.py", line 598, in connect
    return self.dbapi.connect(*cargs, **cparams)
  File "/home/airflow/.local/lib/python3.7/site-packages/psycopg2/__init__.py", line 122, in connect
    conn = _connect(dsn, connection_factory=connection_factory, **kwasync)
sqlalchemy.exc.OperationalError: (psycopg2.OperationalError) connection to server at "postgres" (172.22.0.7), port 5432 failed: FATAL:  password authentication failed for user "airflow"

(Background on this error at: https://sqlalche.me/e/14/e3q8)
[2025-10-09T08:20:04.048+0000] {processor.py:157} INFO - Started process (PID=12150) to work on /home/airflow/.local/lib/python3.7/site-packages/airflow/example_dags/example_passing_params_via_test_command.py
[2025-10-09T08:20:04.049+0000] {processor.py:826} INFO - Processing file /home/airflow/.local/lib/python3.7/site-packages/airflow/example_dags/example_passing_params_via_test_command.py for tasks to queue
[2025-10-09T08:20:04.050+0000] {logging_mixin.py:149} INFO - [2025-10-09T08:20:04.050+0000] {dagbag.py:541} INFO - Filling up the DagBag from /home/airflow/.local/lib/python3.7/site-packages/airflow/example_dags/example_passing_params_via_test_command.py
[2025-10-09T08:20:04.060+0000] {processor.py:836} INFO - DAG(s) dict_keys(['example_passing_params_via_test_command']) retrieved from /home/airflow/.local/lib/python3.7/site-packages/airflow/example_dags/example_passing_params_via_test_command.py
[2025-10-09T08:20:04.091+0000] {logging_mixin.py:149} INFO - [2025-10-09T08:20:04.091+0000] {dag.py:2726} INFO - Sync 1 DAGs
[2025-10-09T08:20:04.124+0000] {logging_mixin.py:149} INFO - [2025-10-09T08:20:04.124+0000] {dag.py:3490} INFO - Setting next_dagrun for example_passing_params_via_test_command to 2025-10-09T08:19:00+00:00, run_after=2025-10-09T08:20:00+00:00
[2025-10-09T08:20:04.147+0000] {processor.py:179} INFO - Processing /home/airflow/.local/lib/python3.7/site-packages/airflow/example_dags/example_passing_params_via_test_command.py took 0.102 seconds
[2025-10-09T08:20:35.324+0000] {processor.py:157} INFO - Started process (PID=12457) to work on /home/airflow/.local/lib/python3.7/site-packages/airflow/example_dags/example_passing_params_via_test_command.py
[2025-10-09T08:20:35.326+0000] {processor.py:826} INFO - Processing file /home/airflow/.local/lib/python3.7/site-packages/airflow/example_dags/example_passing_params_via_test_command.py for tasks to queue
[2025-10-09T08:20:35.327+0000] {logging_mixin.py:149} INFO - [2025-10-09T08:20:35.327+0000] {dagbag.py:541} INFO - Filling up the DagBag from /home/airflow/.local/lib/python3.7/site-packages/airflow/example_dags/example_passing_params_via_test_command.py
[2025-10-09T08:20:35.341+0000] {processor.py:836} INFO - DAG(s) dict_keys(['example_passing_params_via_test_command']) retrieved from /home/airflow/.local/lib/python3.7/site-packages/airflow/example_dags/example_passing_params_via_test_command.py
[2025-10-09T08:20:36.459+0000] {logging_mixin.py:149} INFO - [2025-10-09T08:20:36.458+0000] {dag.py:2726} INFO - Sync 1 DAGs
[2025-10-09T08:20:36.500+0000] {logging_mixin.py:149} INFO - [2025-10-09T08:20:36.500+0000] {dag.py:3490} INFO - Setting next_dagrun for example_passing_params_via_test_command to 2025-10-09T08:19:00+00:00, run_after=2025-10-09T08:20:00+00:00
[2025-10-09T08:20:36.522+0000] {processor.py:179} INFO - Processing /home/airflow/.local/lib/python3.7/site-packages/airflow/example_dags/example_passing_params_via_test_command.py took 1.202 seconds
[2025-10-09T08:21:07.141+0000] {processor.py:157} INFO - Started process (PID=12774) to work on /home/airflow/.local/lib/python3.7/site-packages/airflow/example_dags/example_passing_params_via_test_command.py
[2025-10-09T08:21:07.142+0000] {processor.py:826} INFO - Processing file /home/airflow/.local/lib/python3.7/site-packages/airflow/example_dags/example_passing_params_via_test_command.py for tasks to queue
[2025-10-09T08:21:07.143+0000] {logging_mixin.py:149} INFO - [2025-10-09T08:21:07.143+0000] {dagbag.py:541} INFO - Filling up the DagBag from /home/airflow/.local/lib/python3.7/site-packages/airflow/example_dags/example_passing_params_via_test_command.py
[2025-10-09T08:21:07.157+0000] {processor.py:836} INFO - DAG(s) dict_keys(['example_passing_params_via_test_command']) retrieved from /home/airflow/.local/lib/python3.7/site-packages/airflow/example_dags/example_passing_params_via_test_command.py
[2025-10-09T08:21:07.353+0000] {logging_mixin.py:149} INFO - [2025-10-09T08:21:07.353+0000] {dag.py:2726} INFO - Sync 1 DAGs
[2025-10-09T08:21:07.387+0000] {logging_mixin.py:149} INFO - [2025-10-09T08:21:07.387+0000] {dag.py:3490} INFO - Setting next_dagrun for example_passing_params_via_test_command to 2025-10-09T08:20:00+00:00, run_after=2025-10-09T08:21:00+00:00
[2025-10-09T08:21:07.411+0000] {processor.py:179} INFO - Processing /home/airflow/.local/lib/python3.7/site-packages/airflow/example_dags/example_passing_params_via_test_command.py took 0.275 seconds
[2025-10-09T08:21:37.615+0000] {processor.py:157} INFO - Started process (PID=13063) to work on /home/airflow/.local/lib/python3.7/site-packages/airflow/example_dags/example_passing_params_via_test_command.py
[2025-10-09T08:21:37.617+0000] {processor.py:826} INFO - Processing file /home/airflow/.local/lib/python3.7/site-packages/airflow/example_dags/example_passing_params_via_test_command.py for tasks to queue
[2025-10-09T08:21:37.618+0000] {logging_mixin.py:149} INFO - [2025-10-09T08:21:37.618+0000] {dagbag.py:541} INFO - Filling up the DagBag from /home/airflow/.local/lib/python3.7/site-packages/airflow/example_dags/example_passing_params_via_test_command.py
[2025-10-09T08:21:37.630+0000] {processor.py:836} INFO - DAG(s) dict_keys(['example_passing_params_via_test_command']) retrieved from /home/airflow/.local/lib/python3.7/site-packages/airflow/example_dags/example_passing_params_via_test_command.py
[2025-10-09T08:21:37.663+0000] {logging_mixin.py:149} INFO - [2025-10-09T08:21:37.663+0000] {dag.py:2726} INFO - Sync 1 DAGs
[2025-10-09T08:21:37.699+0000] {logging_mixin.py:149} INFO - [2025-10-09T08:21:37.698+0000] {dag.py:3490} INFO - Setting next_dagrun for example_passing_params_via_test_command to 2025-10-09T08:20:00+00:00, run_after=2025-10-09T08:21:00+00:00
[2025-10-09T08:21:37.723+0000] {processor.py:179} INFO - Processing /home/airflow/.local/lib/python3.7/site-packages/airflow/example_dags/example_passing_params_via_test_command.py took 0.113 seconds
[2025-10-09T08:22:08.290+0000] {processor.py:157} INFO - Started process (PID=13379) to work on /home/airflow/.local/lib/python3.7/site-packages/airflow/example_dags/example_passing_params_via_test_command.py
[2025-10-09T08:22:08.291+0000] {processor.py:826} INFO - Processing file /home/airflow/.local/lib/python3.7/site-packages/airflow/example_dags/example_passing_params_via_test_command.py for tasks to queue
[2025-10-09T08:22:08.292+0000] {logging_mixin.py:149} INFO - [2025-10-09T08:22:08.292+0000] {dagbag.py:541} INFO - Filling up the DagBag from /home/airflow/.local/lib/python3.7/site-packages/airflow/example_dags/example_passing_params_via_test_command.py
[2025-10-09T08:22:08.304+0000] {processor.py:836} INFO - DAG(s) dict_keys(['example_passing_params_via_test_command']) retrieved from /home/airflow/.local/lib/python3.7/site-packages/airflow/example_dags/example_passing_params_via_test_command.py
[2025-10-09T08:22:08.340+0000] {logging_mixin.py:149} INFO - [2025-10-09T08:22:08.340+0000] {dag.py:2726} INFO - Sync 1 DAGs
[2025-10-09T08:22:08.376+0000] {logging_mixin.py:149} INFO - [2025-10-09T08:22:08.376+0000] {dag.py:3490} INFO - Setting next_dagrun for example_passing_params_via_test_command to 2025-10-09T08:21:00+00:00, run_after=2025-10-09T08:22:00+00:00
[2025-10-09T08:22:08.398+0000] {processor.py:179} INFO - Processing /home/airflow/.local/lib/python3.7/site-packages/airflow/example_dags/example_passing_params_via_test_command.py took 0.113 seconds
[2025-10-09T08:22:38.814+0000] {processor.py:157} INFO - Started process (PID=13686) to work on /home/airflow/.local/lib/python3.7/site-packages/airflow/example_dags/example_passing_params_via_test_command.py
[2025-10-09T08:22:38.815+0000] {processor.py:826} INFO - Processing file /home/airflow/.local/lib/python3.7/site-packages/airflow/example_dags/example_passing_params_via_test_command.py for tasks to queue
[2025-10-09T08:22:38.816+0000] {logging_mixin.py:149} INFO - [2025-10-09T08:22:38.816+0000] {dagbag.py:541} INFO - Filling up the DagBag from /home/airflow/.local/lib/python3.7/site-packages/airflow/example_dags/example_passing_params_via_test_command.py
[2025-10-09T08:22:38.829+0000] {processor.py:836} INFO - DAG(s) dict_keys(['example_passing_params_via_test_command']) retrieved from /home/airflow/.local/lib/python3.7/site-packages/airflow/example_dags/example_passing_params_via_test_command.py
[2025-10-09T08:22:39.333+0000] {logging_mixin.py:149} INFO - [2025-10-09T08:22:39.333+0000] {dag.py:2726} INFO - Sync 1 DAGs
[2025-10-09T08:22:39.368+0000] {logging_mixin.py:149} INFO - [2025-10-09T08:22:39.367+0000] {dag.py:3490} INFO - Setting next_dagrun for example_passing_params_via_test_command to 2025-10-09T08:21:00+00:00, run_after=2025-10-09T08:22:00+00:00
[2025-10-09T08:22:39.390+0000] {processor.py:179} INFO - Processing /home/airflow/.local/lib/python3.7/site-packages/airflow/example_dags/example_passing_params_via_test_command.py took 0.580 seconds
[2025-10-09T08:23:10.310+0000] {processor.py:157} INFO - Started process (PID=13991) to work on /home/airflow/.local/lib/python3.7/site-packages/airflow/example_dags/example_passing_params_via_test_command.py
[2025-10-09T08:23:10.311+0000] {processor.py:826} INFO - Processing file /home/airflow/.local/lib/python3.7/site-packages/airflow/example_dags/example_passing_params_via_test_command.py for tasks to queue
[2025-10-09T08:23:10.312+0000] {logging_mixin.py:149} INFO - [2025-10-09T08:23:10.312+0000] {dagbag.py:541} INFO - Filling up the DagBag from /home/airflow/.local/lib/python3.7/site-packages/airflow/example_dags/example_passing_params_via_test_command.py
[2025-10-09T08:23:10.325+0000] {processor.py:836} INFO - DAG(s) dict_keys(['example_passing_params_via_test_command']) retrieved from /home/airflow/.local/lib/python3.7/site-packages/airflow/example_dags/example_passing_params_via_test_command.py
[2025-10-09T08:23:10.707+0000] {logging_mixin.py:149} INFO - [2025-10-09T08:23:10.707+0000] {dag.py:2726} INFO - Sync 1 DAGs
[2025-10-09T08:23:10.742+0000] {logging_mixin.py:149} INFO - [2025-10-09T08:23:10.742+0000] {dag.py:3490} INFO - Setting next_dagrun for example_passing_params_via_test_command to 2025-10-09T08:22:00+00:00, run_after=2025-10-09T08:23:00+00:00
[2025-10-09T08:23:10.763+0000] {processor.py:179} INFO - Processing /home/airflow/.local/lib/python3.7/site-packages/airflow/example_dags/example_passing_params_via_test_command.py took 0.456 seconds
[2025-10-09T08:23:41.238+0000] {processor.py:157} INFO - Started process (PID=14298) to work on /home/airflow/.local/lib/python3.7/site-packages/airflow/example_dags/example_passing_params_via_test_command.py
[2025-10-09T08:23:41.241+0000] {processor.py:826} INFO - Processing file /home/airflow/.local/lib/python3.7/site-packages/airflow/example_dags/example_passing_params_via_test_command.py for tasks to queue
[2025-10-09T08:23:41.242+0000] {logging_mixin.py:149} INFO - [2025-10-09T08:23:41.242+0000] {dagbag.py:541} INFO - Filling up the DagBag from /home/airflow/.local/lib/python3.7/site-packages/airflow/example_dags/example_passing_params_via_test_command.py
[2025-10-09T08:23:41.252+0000] {processor.py:836} INFO - DAG(s) dict_keys(['example_passing_params_via_test_command']) retrieved from /home/airflow/.local/lib/python3.7/site-packages/airflow/example_dags/example_passing_params_via_test_command.py
[2025-10-09T08:23:41.283+0000] {logging_mixin.py:149} INFO - [2025-10-09T08:23:41.283+0000] {dag.py:2726} INFO - Sync 1 DAGs
[2025-10-09T08:23:41.317+0000] {logging_mixin.py:149} INFO - [2025-10-09T08:23:41.317+0000] {dag.py:3490} INFO - Setting next_dagrun for example_passing_params_via_test_command to 2025-10-09T08:22:00+00:00, run_after=2025-10-09T08:23:00+00:00
[2025-10-09T08:23:41.340+0000] {processor.py:179} INFO - Processing /home/airflow/.local/lib/python3.7/site-packages/airflow/example_dags/example_passing_params_via_test_command.py took 0.106 seconds
[2025-10-09T08:24:12.003+0000] {processor.py:157} INFO - Started process (PID=14610) to work on /home/airflow/.local/lib/python3.7/site-packages/airflow/example_dags/example_passing_params_via_test_command.py
[2025-10-09T08:24:12.004+0000] {processor.py:826} INFO - Processing file /home/airflow/.local/lib/python3.7/site-packages/airflow/example_dags/example_passing_params_via_test_command.py for tasks to queue
[2025-10-09T08:24:12.005+0000] {logging_mixin.py:149} INFO - [2025-10-09T08:24:12.005+0000] {dagbag.py:541} INFO - Filling up the DagBag from /home/airflow/.local/lib/python3.7/site-packages/airflow/example_dags/example_passing_params_via_test_command.py
[2025-10-09T08:24:12.015+0000] {processor.py:836} INFO - DAG(s) dict_keys(['example_passing_params_via_test_command']) retrieved from /home/airflow/.local/lib/python3.7/site-packages/airflow/example_dags/example_passing_params_via_test_command.py
[2025-10-09T08:24:12.052+0000] {logging_mixin.py:149} INFO - [2025-10-09T08:24:12.051+0000] {dag.py:2726} INFO - Sync 1 DAGs
[2025-10-09T08:24:12.090+0000] {logging_mixin.py:149} INFO - [2025-10-09T08:24:12.090+0000] {dag.py:3490} INFO - Setting next_dagrun for example_passing_params_via_test_command to 2025-10-09T08:23:00+00:00, run_after=2025-10-09T08:24:00+00:00
[2025-10-09T08:24:12.116+0000] {processor.py:179} INFO - Processing /home/airflow/.local/lib/python3.7/site-packages/airflow/example_dags/example_passing_params_via_test_command.py took 0.117 seconds
[2025-10-09T08:24:42.751+0000] {processor.py:157} INFO - Started process (PID=14917) to work on /home/airflow/.local/lib/python3.7/site-packages/airflow/example_dags/example_passing_params_via_test_command.py
[2025-10-09T08:24:42.752+0000] {processor.py:826} INFO - Processing file /home/airflow/.local/lib/python3.7/site-packages/airflow/example_dags/example_passing_params_via_test_command.py for tasks to queue
[2025-10-09T08:24:42.754+0000] {logging_mixin.py:149} INFO - [2025-10-09T08:24:42.753+0000] {dagbag.py:541} INFO - Filling up the DagBag from /home/airflow/.local/lib/python3.7/site-packages/airflow/example_dags/example_passing_params_via_test_command.py
[2025-10-09T08:24:42.766+0000] {processor.py:836} INFO - DAG(s) dict_keys(['example_passing_params_via_test_command']) retrieved from /home/airflow/.local/lib/python3.7/site-packages/airflow/example_dags/example_passing_params_via_test_command.py
[2025-10-09T08:24:42.803+0000] {logging_mixin.py:149} INFO - [2025-10-09T08:24:42.803+0000] {dag.py:2726} INFO - Sync 1 DAGs
[2025-10-09T08:24:42.841+0000] {logging_mixin.py:149} INFO - [2025-10-09T08:24:42.841+0000] {dag.py:3490} INFO - Setting next_dagrun for example_passing_params_via_test_command to 2025-10-09T08:23:00+00:00, run_after=2025-10-09T08:24:00+00:00
[2025-10-09T08:24:42.864+0000] {processor.py:179} INFO - Processing /home/airflow/.local/lib/python3.7/site-packages/airflow/example_dags/example_passing_params_via_test_command.py took 0.117 seconds
[2025-10-09T08:25:13.279+0000] {processor.py:157} INFO - Started process (PID=15219) to work on /home/airflow/.local/lib/python3.7/site-packages/airflow/example_dags/example_passing_params_via_test_command.py
[2025-10-09T08:25:13.280+0000] {processor.py:826} INFO - Processing file /home/airflow/.local/lib/python3.7/site-packages/airflow/example_dags/example_passing_params_via_test_command.py for tasks to queue
[2025-10-09T08:25:13.281+0000] {logging_mixin.py:149} INFO - [2025-10-09T08:25:13.280+0000] {dagbag.py:541} INFO - Filling up the DagBag from /home/airflow/.local/lib/python3.7/site-packages/airflow/example_dags/example_passing_params_via_test_command.py
[2025-10-09T08:25:13.291+0000] {processor.py:836} INFO - DAG(s) dict_keys(['example_passing_params_via_test_command']) retrieved from /home/airflow/.local/lib/python3.7/site-packages/airflow/example_dags/example_passing_params_via_test_command.py
[2025-10-09T08:25:13.321+0000] {logging_mixin.py:149} INFO - [2025-10-09T08:25:13.321+0000] {dag.py:2726} INFO - Sync 1 DAGs
[2025-10-09T08:25:13.355+0000] {logging_mixin.py:149} INFO - [2025-10-09T08:25:13.355+0000] {dag.py:3490} INFO - Setting next_dagrun for example_passing_params_via_test_command to 2025-10-09T08:24:00+00:00, run_after=2025-10-09T08:25:00+00:00
[2025-10-09T08:25:13.376+0000] {processor.py:179} INFO - Processing /home/airflow/.local/lib/python3.7/site-packages/airflow/example_dags/example_passing_params_via_test_command.py took 0.101 seconds
[2025-10-09T08:25:45.052+0000] {processor.py:157} INFO - Started process (PID=15528) to work on /home/airflow/.local/lib/python3.7/site-packages/airflow/example_dags/example_passing_params_via_test_command.py
[2025-10-09T08:25:45.053+0000] {processor.py:826} INFO - Processing file /home/airflow/.local/lib/python3.7/site-packages/airflow/example_dags/example_passing_params_via_test_command.py for tasks to queue
[2025-10-09T08:25:45.054+0000] {logging_mixin.py:149} INFO - [2025-10-09T08:25:45.054+0000] {dagbag.py:541} INFO - Filling up the DagBag from /home/airflow/.local/lib/python3.7/site-packages/airflow/example_dags/example_passing_params_via_test_command.py
[2025-10-09T08:25:45.067+0000] {processor.py:836} INFO - DAG(s) dict_keys(['example_passing_params_via_test_command']) retrieved from /home/airflow/.local/lib/python3.7/site-packages/airflow/example_dags/example_passing_params_via_test_command.py
[2025-10-09T08:25:45.112+0000] {logging_mixin.py:149} INFO - [2025-10-09T08:25:45.112+0000] {dag.py:2726} INFO - Sync 1 DAGs
[2025-10-09T08:25:45.156+0000] {logging_mixin.py:149} INFO - [2025-10-09T08:25:45.156+0000] {dag.py:3490} INFO - Setting next_dagrun for example_passing_params_via_test_command to 2025-10-09T08:24:00+00:00, run_after=2025-10-09T08:25:00+00:00
[2025-10-09T08:25:45.178+0000] {processor.py:179} INFO - Processing /home/airflow/.local/lib/python3.7/site-packages/airflow/example_dags/example_passing_params_via_test_command.py took 0.130 seconds
[2025-10-09T08:26:15.440+0000] {processor.py:157} INFO - Started process (PID=15835) to work on /home/airflow/.local/lib/python3.7/site-packages/airflow/example_dags/example_passing_params_via_test_command.py
[2025-10-09T08:26:15.441+0000] {processor.py:826} INFO - Processing file /home/airflow/.local/lib/python3.7/site-packages/airflow/example_dags/example_passing_params_via_test_command.py for tasks to queue
[2025-10-09T08:26:15.442+0000] {logging_mixin.py:149} INFO - [2025-10-09T08:26:15.442+0000] {dagbag.py:541} INFO - Filling up the DagBag from /home/airflow/.local/lib/python3.7/site-packages/airflow/example_dags/example_passing_params_via_test_command.py
[2025-10-09T08:26:15.453+0000] {processor.py:836} INFO - DAG(s) dict_keys(['example_passing_params_via_test_command']) retrieved from /home/airflow/.local/lib/python3.7/site-packages/airflow/example_dags/example_passing_params_via_test_command.py
[2025-10-09T08:26:15.486+0000] {logging_mixin.py:149} INFO - [2025-10-09T08:26:15.486+0000] {dag.py:2726} INFO - Sync 1 DAGs
[2025-10-09T08:26:15.525+0000] {logging_mixin.py:149} INFO - [2025-10-09T08:26:15.525+0000] {dag.py:3490} INFO - Setting next_dagrun for example_passing_params_via_test_command to 2025-10-09T08:25:00+00:00, run_after=2025-10-09T08:26:00+00:00
[2025-10-09T08:26:15.550+0000] {processor.py:179} INFO - Processing /home/airflow/.local/lib/python3.7/site-packages/airflow/example_dags/example_passing_params_via_test_command.py took 0.113 seconds
[2025-10-09T08:26:49.108+0000] {processor.py:157} INFO - Started process (PID=16137) to work on /home/airflow/.local/lib/python3.7/site-packages/airflow/example_dags/example_passing_params_via_test_command.py
[2025-10-09T08:26:49.109+0000] {processor.py:826} INFO - Processing file /home/airflow/.local/lib/python3.7/site-packages/airflow/example_dags/example_passing_params_via_test_command.py for tasks to queue
[2025-10-09T08:26:49.110+0000] {logging_mixin.py:149} INFO - [2025-10-09T08:26:49.110+0000] {dagbag.py:541} INFO - Filling up the DagBag from /home/airflow/.local/lib/python3.7/site-packages/airflow/example_dags/example_passing_params_via_test_command.py
[2025-10-09T08:26:49.121+0000] {processor.py:836} INFO - DAG(s) dict_keys(['example_passing_params_via_test_command']) retrieved from /home/airflow/.local/lib/python3.7/site-packages/airflow/example_dags/example_passing_params_via_test_command.py
[2025-10-09T08:26:49.649+0000] {logging_mixin.py:149} INFO - [2025-10-09T08:26:49.648+0000] {dag.py:2726} INFO - Sync 1 DAGs
[2025-10-09T08:26:49.691+0000] {logging_mixin.py:149} INFO - [2025-10-09T08:26:49.691+0000] {dag.py:3490} INFO - Setting next_dagrun for example_passing_params_via_test_command to 2025-10-09T08:25:00+00:00, run_after=2025-10-09T08:26:00+00:00
[2025-10-09T08:26:49.713+0000] {processor.py:179} INFO - Processing /home/airflow/.local/lib/python3.7/site-packages/airflow/example_dags/example_passing_params_via_test_command.py took 0.609 seconds
[2025-10-09T08:27:20.496+0000] {processor.py:157} INFO - Started process (PID=16470) to work on /home/airflow/.local/lib/python3.7/site-packages/airflow/example_dags/example_passing_params_via_test_command.py
[2025-10-09T08:27:20.497+0000] {processor.py:826} INFO - Processing file /home/airflow/.local/lib/python3.7/site-packages/airflow/example_dags/example_passing_params_via_test_command.py for tasks to queue
[2025-10-09T08:27:20.498+0000] {logging_mixin.py:149} INFO - [2025-10-09T08:27:20.497+0000] {dagbag.py:541} INFO - Filling up the DagBag from /home/airflow/.local/lib/python3.7/site-packages/airflow/example_dags/example_passing_params_via_test_command.py
[2025-10-09T08:27:20.508+0000] {processor.py:836} INFO - DAG(s) dict_keys(['example_passing_params_via_test_command']) retrieved from /home/airflow/.local/lib/python3.7/site-packages/airflow/example_dags/example_passing_params_via_test_command.py
[2025-10-09T08:27:21.071+0000] {processor.py:182} ERROR - Got an exception! Propagating...
Traceback (most recent call last):
  File "/home/airflow/.local/lib/python3.7/site-packages/sqlalchemy/engine/base.py", line 3366, in _wrap_pool_connect
    return fn()
  File "/home/airflow/.local/lib/python3.7/site-packages/sqlalchemy/pool/base.py", line 327, in connect
    return _ConnectionFairy._checkout(self)
  File "/home/airflow/.local/lib/python3.7/site-packages/sqlalchemy/pool/base.py", line 894, in _checkout
    fairy = _ConnectionRecord.checkout(pool)
  File "/home/airflow/.local/lib/python3.7/site-packages/sqlalchemy/pool/base.py", line 493, in checkout
    rec = pool._do_get()
  File "/home/airflow/.local/lib/python3.7/site-packages/sqlalchemy/pool/impl.py", line 146, in _do_get
    self._dec_overflow()
  File "/home/airflow/.local/lib/python3.7/site-packages/sqlalchemy/util/langhelpers.py", line 72, in __exit__
    with_traceback=exc_tb,
  File "/home/airflow/.local/lib/python3.7/site-packages/sqlalchemy/util/compat.py", line 211, in raise_
    raise exception
  File "/home/airflow/.local/lib/python3.7/site-packages/sqlalchemy/pool/impl.py", line 143, in _do_get
    return self._create_connection()
  File "/home/airflow/.local/lib/python3.7/site-packages/sqlalchemy/pool/base.py", line 273, in _create_connection
    return _ConnectionRecord(self)
  File "/home/airflow/.local/lib/python3.7/site-packages/sqlalchemy/pool/base.py", line 388, in __init__
    self.__connect()
  File "/home/airflow/.local/lib/python3.7/site-packages/sqlalchemy/pool/base.py", line 691, in __connect
    pool.logger.debug("Error on connect(): %s", e)
  File "/home/airflow/.local/lib/python3.7/site-packages/sqlalchemy/util/langhelpers.py", line 72, in __exit__
    with_traceback=exc_tb,
  File "/home/airflow/.local/lib/python3.7/site-packages/sqlalchemy/util/compat.py", line 211, in raise_
    raise exception
  File "/home/airflow/.local/lib/python3.7/site-packages/sqlalchemy/pool/base.py", line 686, in __connect
    self.dbapi_connection = connection = pool._invoke_creator(self)
  File "/home/airflow/.local/lib/python3.7/site-packages/sqlalchemy/engine/create.py", line 574, in connect
    return dialect.connect(*cargs, **cparams)
  File "/home/airflow/.local/lib/python3.7/site-packages/sqlalchemy/engine/default.py", line 598, in connect
    return self.dbapi.connect(*cargs, **cparams)
  File "/home/airflow/.local/lib/python3.7/site-packages/psycopg2/__init__.py", line 122, in connect
    conn = _connect(dsn, connection_factory=connection_factory, **kwasync)
psycopg2.OperationalError: connection to server at "postgres" (172.22.0.7), port 5432 failed: FATAL:  password authentication failed for user "airflow"


The above exception was the direct cause of the following exception:

Traceback (most recent call last):
  File "/home/airflow/.local/lib/python3.7/site-packages/airflow/dag_processing/processor.py", line 178, in _run_file_processor
    _handle_dag_file_processing()
  File "/home/airflow/.local/lib/python3.7/site-packages/airflow/dag_processing/processor.py", line 162, in _handle_dag_file_processing
    callback_requests=callback_requests,
  File "/home/airflow/.local/lib/python3.7/site-packages/airflow/utils/session.py", line 76, in wrapper
    return func(*args, session=session, **kwargs)
  File "/home/airflow/.local/lib/python3.7/site-packages/airflow/dag_processing/processor.py", line 857, in process_file
    pickle_dags=pickle_dags,
  File "/home/airflow/.local/lib/python3.7/site-packages/airflow/api_internal/internal_api_call.py", line 112, in wrapper
    return func(*args, **kwargs)
  File "/home/airflow/.local/lib/python3.7/site-packages/airflow/utils/session.py", line 76, in wrapper
    return func(*args, session=session, **kwargs)
  File "/home/airflow/.local/lib/python3.7/site-packages/airflow/dag_processing/processor.py", line 890, in save_dag_to_db
    import_errors = DagBag._sync_to_db(dags=dags, processor_subdir=dag_directory, session=session)
  File "/home/airflow/.local/lib/python3.7/site-packages/airflow/utils/session.py", line 73, in wrapper
    return func(*args, **kwargs)
  File "/home/airflow/.local/lib/python3.7/site-packages/airflow/models/dagbag.py", line 659, in _sync_to_db
    for attempt in run_with_db_retries(logger=log):
  File "/home/airflow/.local/lib/python3.7/site-packages/tenacity/__init__.py", line 347, in __iter__
    do = self.iter(retry_state=retry_state)
  File "/home/airflow/.local/lib/python3.7/site-packages/tenacity/__init__.py", line 325, in iter
    raise retry_exc.reraise()
  File "/home/airflow/.local/lib/python3.7/site-packages/tenacity/__init__.py", line 158, in reraise
    raise self.last_attempt.result()
  File "/usr/local/lib/python3.7/concurrent/futures/_base.py", line 428, in result
    return self.__get_result()
  File "/usr/local/lib/python3.7/concurrent/futures/_base.py", line 384, in __get_result
    raise self._exception
  File "/home/airflow/.local/lib/python3.7/site-packages/airflow/models/dagbag.py", line 671, in _sync_to_db
    serialize_errors.extend(_serialize_dag_capturing_errors(dag, session))
  File "/home/airflow/.local/lib/python3.7/site-packages/airflow/models/dagbag.py", line 641, in _serialize_dag_capturing_errors
    session=session,
  File "/home/airflow/.local/lib/python3.7/site-packages/airflow/utils/session.py", line 73, in wrapper
    return func(*args, **kwargs)
  File "/home/airflow/.local/lib/python3.7/site-packages/airflow/models/serialized_dag.py", line 149, in write_dag
    (timezone.utcnow() - timedelta(seconds=min_update_interval)) < cls.last_updated,
  File "/home/airflow/.local/lib/python3.7/site-packages/sqlalchemy/orm/query.py", line 2893, in scalar
    ret = self.one()
  File "/home/airflow/.local/lib/python3.7/site-packages/sqlalchemy/orm/query.py", line 2870, in one
    return self._iter().one()
  File "/home/airflow/.local/lib/python3.7/site-packages/sqlalchemy/orm/query.py", line 2919, in _iter
    execution_options={"_sa_orm_load_options": self.load_options},
  File "/home/airflow/.local/lib/python3.7/site-packages/sqlalchemy/orm/session.py", line 1716, in execute
    conn = self._connection_for_bind(bind)
  File "/home/airflow/.local/lib/python3.7/site-packages/sqlalchemy/orm/session.py", line 1556, in _connection_for_bind
    engine, execution_options
  File "/home/airflow/.local/lib/python3.7/site-packages/sqlalchemy/orm/session.py", line 750, in _connection_for_bind
    conn = bind.connect()
  File "/home/airflow/.local/lib/python3.7/site-packages/sqlalchemy/engine/base.py", line 3320, in connect
    return self._connection_cls(self, close_with_result=close_with_result)
  File "/home/airflow/.local/lib/python3.7/site-packages/sqlalchemy/engine/base.py", line 96, in __init__
    else engine.raw_connection()
  File "/home/airflow/.local/lib/python3.7/site-packages/sqlalchemy/engine/base.py", line 3399, in raw_connection
    return self._wrap_pool_connect(self.pool.connect, _connection)
  File "/home/airflow/.local/lib/python3.7/site-packages/sqlalchemy/engine/base.py", line 3370, in _wrap_pool_connect
    e, dialect, self
  File "/home/airflow/.local/lib/python3.7/site-packages/sqlalchemy/engine/base.py", line 2204, in _handle_dbapi_exception_noconnection
    sqlalchemy_exception, with_traceback=exc_info[2], from_=e
  File "/home/airflow/.local/lib/python3.7/site-packages/sqlalchemy/util/compat.py", line 211, in raise_
    raise exception
  File "/home/airflow/.local/lib/python3.7/site-packages/sqlalchemy/engine/base.py", line 3366, in _wrap_pool_connect
    return fn()
  File "/home/airflow/.local/lib/python3.7/site-packages/sqlalchemy/pool/base.py", line 327, in connect
    return _ConnectionFairy._checkout(self)
  File "/home/airflow/.local/lib/python3.7/site-packages/sqlalchemy/pool/base.py", line 894, in _checkout
    fairy = _ConnectionRecord.checkout(pool)
  File "/home/airflow/.local/lib/python3.7/site-packages/sqlalchemy/pool/base.py", line 493, in checkout
    rec = pool._do_get()
  File "/home/airflow/.local/lib/python3.7/site-packages/sqlalchemy/pool/impl.py", line 146, in _do_get
    self._dec_overflow()
  File "/home/airflow/.local/lib/python3.7/site-packages/sqlalchemy/util/langhelpers.py", line 72, in __exit__
    with_traceback=exc_tb,
  File "/home/airflow/.local/lib/python3.7/site-packages/sqlalchemy/util/compat.py", line 211, in raise_
    raise exception
  File "/home/airflow/.local/lib/python3.7/site-packages/sqlalchemy/pool/impl.py", line 143, in _do_get
    return self._create_connection()
  File "/home/airflow/.local/lib/python3.7/site-packages/sqlalchemy/pool/base.py", line 273, in _create_connection
    return _ConnectionRecord(self)
  File "/home/airflow/.local/lib/python3.7/site-packages/sqlalchemy/pool/base.py", line 388, in __init__
    self.__connect()
  File "/home/airflow/.local/lib/python3.7/site-packages/sqlalchemy/pool/base.py", line 691, in __connect
    pool.logger.debug("Error on connect(): %s", e)
  File "/home/airflow/.local/lib/python3.7/site-packages/sqlalchemy/util/langhelpers.py", line 72, in __exit__
    with_traceback=exc_tb,
  File "/home/airflow/.local/lib/python3.7/site-packages/sqlalchemy/util/compat.py", line 211, in raise_
    raise exception
  File "/home/airflow/.local/lib/python3.7/site-packages/sqlalchemy/pool/base.py", line 686, in __connect
    self.dbapi_connection = connection = pool._invoke_creator(self)
  File "/home/airflow/.local/lib/python3.7/site-packages/sqlalchemy/engine/create.py", line 574, in connect
    return dialect.connect(*cargs, **cparams)
  File "/home/airflow/.local/lib/python3.7/site-packages/sqlalchemy/engine/default.py", line 598, in connect
    return self.dbapi.connect(*cargs, **cparams)
  File "/home/airflow/.local/lib/python3.7/site-packages/psycopg2/__init__.py", line 122, in connect
    conn = _connect(dsn, connection_factory=connection_factory, **kwasync)
sqlalchemy.exc.OperationalError: (psycopg2.OperationalError) connection to server at "postgres" (172.22.0.7), port 5432 failed: FATAL:  password authentication failed for user "airflow"

(Background on this error at: https://sqlalche.me/e/14/e3q8)
[2025-10-09T08:27:51.594+0000] {processor.py:157} INFO - Started process (PID=16780) to work on /home/airflow/.local/lib/python3.7/site-packages/airflow/example_dags/example_passing_params_via_test_command.py
[2025-10-09T08:27:51.595+0000] {processor.py:826} INFO - Processing file /home/airflow/.local/lib/python3.7/site-packages/airflow/example_dags/example_passing_params_via_test_command.py for tasks to queue
[2025-10-09T08:27:51.595+0000] {logging_mixin.py:149} INFO - [2025-10-09T08:27:51.595+0000] {dagbag.py:541} INFO - Filling up the DagBag from /home/airflow/.local/lib/python3.7/site-packages/airflow/example_dags/example_passing_params_via_test_command.py
[2025-10-09T08:27:51.606+0000] {processor.py:836} INFO - DAG(s) dict_keys(['example_passing_params_via_test_command']) retrieved from /home/airflow/.local/lib/python3.7/site-packages/airflow/example_dags/example_passing_params_via_test_command.py
[2025-10-09T08:27:52.163+0000] {processor.py:182} ERROR - Got an exception! Propagating...
Traceback (most recent call last):
  File "/home/airflow/.local/lib/python3.7/site-packages/sqlalchemy/engine/base.py", line 3366, in _wrap_pool_connect
    return fn()
  File "/home/airflow/.local/lib/python3.7/site-packages/sqlalchemy/pool/base.py", line 327, in connect
    return _ConnectionFairy._checkout(self)
  File "/home/airflow/.local/lib/python3.7/site-packages/sqlalchemy/pool/base.py", line 894, in _checkout
    fairy = _ConnectionRecord.checkout(pool)
  File "/home/airflow/.local/lib/python3.7/site-packages/sqlalchemy/pool/base.py", line 493, in checkout
    rec = pool._do_get()
  File "/home/airflow/.local/lib/python3.7/site-packages/sqlalchemy/pool/impl.py", line 146, in _do_get
    self._dec_overflow()
  File "/home/airflow/.local/lib/python3.7/site-packages/sqlalchemy/util/langhelpers.py", line 72, in __exit__
    with_traceback=exc_tb,
  File "/home/airflow/.local/lib/python3.7/site-packages/sqlalchemy/util/compat.py", line 211, in raise_
    raise exception
  File "/home/airflow/.local/lib/python3.7/site-packages/sqlalchemy/pool/impl.py", line 143, in _do_get
    return self._create_connection()
  File "/home/airflow/.local/lib/python3.7/site-packages/sqlalchemy/pool/base.py", line 273, in _create_connection
    return _ConnectionRecord(self)
  File "/home/airflow/.local/lib/python3.7/site-packages/sqlalchemy/pool/base.py", line 388, in __init__
    self.__connect()
  File "/home/airflow/.local/lib/python3.7/site-packages/sqlalchemy/pool/base.py", line 691, in __connect
    pool.logger.debug("Error on connect(): %s", e)
  File "/home/airflow/.local/lib/python3.7/site-packages/sqlalchemy/util/langhelpers.py", line 72, in __exit__
    with_traceback=exc_tb,
  File "/home/airflow/.local/lib/python3.7/site-packages/sqlalchemy/util/compat.py", line 211, in raise_
    raise exception
  File "/home/airflow/.local/lib/python3.7/site-packages/sqlalchemy/pool/base.py", line 686, in __connect
    self.dbapi_connection = connection = pool._invoke_creator(self)
  File "/home/airflow/.local/lib/python3.7/site-packages/sqlalchemy/engine/create.py", line 574, in connect
    return dialect.connect(*cargs, **cparams)
  File "/home/airflow/.local/lib/python3.7/site-packages/sqlalchemy/engine/default.py", line 598, in connect
    return self.dbapi.connect(*cargs, **cparams)
  File "/home/airflow/.local/lib/python3.7/site-packages/psycopg2/__init__.py", line 122, in connect
    conn = _connect(dsn, connection_factory=connection_factory, **kwasync)
psycopg2.OperationalError: connection to server at "postgres" (172.22.0.7), port 5432 failed: FATAL:  password authentication failed for user "airflow"


The above exception was the direct cause of the following exception:

Traceback (most recent call last):
  File "/home/airflow/.local/lib/python3.7/site-packages/airflow/dag_processing/processor.py", line 178, in _run_file_processor
    _handle_dag_file_processing()
  File "/home/airflow/.local/lib/python3.7/site-packages/airflow/dag_processing/processor.py", line 162, in _handle_dag_file_processing
    callback_requests=callback_requests,
  File "/home/airflow/.local/lib/python3.7/site-packages/airflow/utils/session.py", line 76, in wrapper
    return func(*args, session=session, **kwargs)
  File "/home/airflow/.local/lib/python3.7/site-packages/airflow/dag_processing/processor.py", line 857, in process_file
    pickle_dags=pickle_dags,
  File "/home/airflow/.local/lib/python3.7/site-packages/airflow/api_internal/internal_api_call.py", line 112, in wrapper
    return func(*args, **kwargs)
  File "/home/airflow/.local/lib/python3.7/site-packages/airflow/utils/session.py", line 76, in wrapper
    return func(*args, session=session, **kwargs)
  File "/home/airflow/.local/lib/python3.7/site-packages/airflow/dag_processing/processor.py", line 890, in save_dag_to_db
    import_errors = DagBag._sync_to_db(dags=dags, processor_subdir=dag_directory, session=session)
  File "/home/airflow/.local/lib/python3.7/site-packages/airflow/utils/session.py", line 73, in wrapper
    return func(*args, **kwargs)
  File "/home/airflow/.local/lib/python3.7/site-packages/airflow/models/dagbag.py", line 659, in _sync_to_db
    for attempt in run_with_db_retries(logger=log):
  File "/home/airflow/.local/lib/python3.7/site-packages/tenacity/__init__.py", line 347, in __iter__
    do = self.iter(retry_state=retry_state)
  File "/home/airflow/.local/lib/python3.7/site-packages/tenacity/__init__.py", line 325, in iter
    raise retry_exc.reraise()
  File "/home/airflow/.local/lib/python3.7/site-packages/tenacity/__init__.py", line 158, in reraise
    raise self.last_attempt.result()
  File "/usr/local/lib/python3.7/concurrent/futures/_base.py", line 428, in result
    return self.__get_result()
  File "/usr/local/lib/python3.7/concurrent/futures/_base.py", line 384, in __get_result
    raise self._exception
  File "/home/airflow/.local/lib/python3.7/site-packages/airflow/models/dagbag.py", line 671, in _sync_to_db
    serialize_errors.extend(_serialize_dag_capturing_errors(dag, session))
  File "/home/airflow/.local/lib/python3.7/site-packages/airflow/models/dagbag.py", line 641, in _serialize_dag_capturing_errors
    session=session,
  File "/home/airflow/.local/lib/python3.7/site-packages/airflow/utils/session.py", line 73, in wrapper
    return func(*args, **kwargs)
  File "/home/airflow/.local/lib/python3.7/site-packages/airflow/models/serialized_dag.py", line 149, in write_dag
    (timezone.utcnow() - timedelta(seconds=min_update_interval)) < cls.last_updated,
  File "/home/airflow/.local/lib/python3.7/site-packages/sqlalchemy/orm/query.py", line 2893, in scalar
    ret = self.one()
  File "/home/airflow/.local/lib/python3.7/site-packages/sqlalchemy/orm/query.py", line 2870, in one
    return self._iter().one()
  File "/home/airflow/.local/lib/python3.7/site-packages/sqlalchemy/orm/query.py", line 2919, in _iter
    execution_options={"_sa_orm_load_options": self.load_options},
  File "/home/airflow/.local/lib/python3.7/site-packages/sqlalchemy/orm/session.py", line 1716, in execute
    conn = self._connection_for_bind(bind)
  File "/home/airflow/.local/lib/python3.7/site-packages/sqlalchemy/orm/session.py", line 1556, in _connection_for_bind
    engine, execution_options
  File "/home/airflow/.local/lib/python3.7/site-packages/sqlalchemy/orm/session.py", line 750, in _connection_for_bind
    conn = bind.connect()
  File "/home/airflow/.local/lib/python3.7/site-packages/sqlalchemy/engine/base.py", line 3320, in connect
    return self._connection_cls(self, close_with_result=close_with_result)
  File "/home/airflow/.local/lib/python3.7/site-packages/sqlalchemy/engine/base.py", line 96, in __init__
    else engine.raw_connection()
  File "/home/airflow/.local/lib/python3.7/site-packages/sqlalchemy/engine/base.py", line 3399, in raw_connection
    return self._wrap_pool_connect(self.pool.connect, _connection)
  File "/home/airflow/.local/lib/python3.7/site-packages/sqlalchemy/engine/base.py", line 3370, in _wrap_pool_connect
    e, dialect, self
  File "/home/airflow/.local/lib/python3.7/site-packages/sqlalchemy/engine/base.py", line 2204, in _handle_dbapi_exception_noconnection
    sqlalchemy_exception, with_traceback=exc_info[2], from_=e
  File "/home/airflow/.local/lib/python3.7/site-packages/sqlalchemy/util/compat.py", line 211, in raise_
    raise exception
  File "/home/airflow/.local/lib/python3.7/site-packages/sqlalchemy/engine/base.py", line 3366, in _wrap_pool_connect
    return fn()
  File "/home/airflow/.local/lib/python3.7/site-packages/sqlalchemy/pool/base.py", line 327, in connect
    return _ConnectionFairy._checkout(self)
  File "/home/airflow/.local/lib/python3.7/site-packages/sqlalchemy/pool/base.py", line 894, in _checkout
    fairy = _ConnectionRecord.checkout(pool)
  File "/home/airflow/.local/lib/python3.7/site-packages/sqlalchemy/pool/base.py", line 493, in checkout
    rec = pool._do_get()
  File "/home/airflow/.local/lib/python3.7/site-packages/sqlalchemy/pool/impl.py", line 146, in _do_get
    self._dec_overflow()
  File "/home/airflow/.local/lib/python3.7/site-packages/sqlalchemy/util/langhelpers.py", line 72, in __exit__
    with_traceback=exc_tb,
  File "/home/airflow/.local/lib/python3.7/site-packages/sqlalchemy/util/compat.py", line 211, in raise_
    raise exception
  File "/home/airflow/.local/lib/python3.7/site-packages/sqlalchemy/pool/impl.py", line 143, in _do_get
    return self._create_connection()
  File "/home/airflow/.local/lib/python3.7/site-packages/sqlalchemy/pool/base.py", line 273, in _create_connection
    return _ConnectionRecord(self)
  File "/home/airflow/.local/lib/python3.7/site-packages/sqlalchemy/pool/base.py", line 388, in __init__
    self.__connect()
  File "/home/airflow/.local/lib/python3.7/site-packages/sqlalchemy/pool/base.py", line 691, in __connect
    pool.logger.debug("Error on connect(): %s", e)
  File "/home/airflow/.local/lib/python3.7/site-packages/sqlalchemy/util/langhelpers.py", line 72, in __exit__
    with_traceback=exc_tb,
  File "/home/airflow/.local/lib/python3.7/site-packages/sqlalchemy/util/compat.py", line 211, in raise_
    raise exception
  File "/home/airflow/.local/lib/python3.7/site-packages/sqlalchemy/pool/base.py", line 686, in __connect
    self.dbapi_connection = connection = pool._invoke_creator(self)
  File "/home/airflow/.local/lib/python3.7/site-packages/sqlalchemy/engine/create.py", line 574, in connect
    return dialect.connect(*cargs, **cparams)
  File "/home/airflow/.local/lib/python3.7/site-packages/sqlalchemy/engine/default.py", line 598, in connect
    return self.dbapi.connect(*cargs, **cparams)
  File "/home/airflow/.local/lib/python3.7/site-packages/psycopg2/__init__.py", line 122, in connect
    conn = _connect(dsn, connection_factory=connection_factory, **kwasync)
sqlalchemy.exc.OperationalError: (psycopg2.OperationalError) connection to server at "postgres" (172.22.0.7), port 5432 failed: FATAL:  password authentication failed for user "airflow"

(Background on this error at: https://sqlalche.me/e/14/e3q8)
[2025-10-09T08:28:24.833+0000] {processor.py:157} INFO - Started process (PID=17087) to work on /home/airflow/.local/lib/python3.7/site-packages/airflow/example_dags/example_passing_params_via_test_command.py
[2025-10-09T08:28:24.834+0000] {processor.py:826} INFO - Processing file /home/airflow/.local/lib/python3.7/site-packages/airflow/example_dags/example_passing_params_via_test_command.py for tasks to queue
[2025-10-09T08:28:24.835+0000] {logging_mixin.py:149} INFO - [2025-10-09T08:28:24.834+0000] {dagbag.py:541} INFO - Filling up the DagBag from /home/airflow/.local/lib/python3.7/site-packages/airflow/example_dags/example_passing_params_via_test_command.py
[2025-10-09T08:28:24.846+0000] {processor.py:836} INFO - DAG(s) dict_keys(['example_passing_params_via_test_command']) retrieved from /home/airflow/.local/lib/python3.7/site-packages/airflow/example_dags/example_passing_params_via_test_command.py
[2025-10-09T08:28:25.096+0000] {logging_mixin.py:149} INFO - [2025-10-09T08:28:25.096+0000] {dag.py:2726} INFO - Sync 1 DAGs
[2025-10-09T08:28:25.127+0000] {logging_mixin.py:149} INFO - [2025-10-09T08:28:25.127+0000] {dag.py:3490} INFO - Setting next_dagrun for example_passing_params_via_test_command to 2025-10-09T08:27:00+00:00, run_after=2025-10-09T08:28:00+00:00
[2025-10-09T08:28:25.150+0000] {processor.py:179} INFO - Processing /home/airflow/.local/lib/python3.7/site-packages/airflow/example_dags/example_passing_params_via_test_command.py took 0.320 seconds
[2025-10-09T08:28:55.306+0000] {processor.py:157} INFO - Started process (PID=17384) to work on /home/airflow/.local/lib/python3.7/site-packages/airflow/example_dags/example_passing_params_via_test_command.py
[2025-10-09T08:28:55.307+0000] {processor.py:826} INFO - Processing file /home/airflow/.local/lib/python3.7/site-packages/airflow/example_dags/example_passing_params_via_test_command.py for tasks to queue
[2025-10-09T08:28:55.310+0000] {logging_mixin.py:149} INFO - [2025-10-09T08:28:55.310+0000] {dagbag.py:541} INFO - Filling up the DagBag from /home/airflow/.local/lib/python3.7/site-packages/airflow/example_dags/example_passing_params_via_test_command.py
[2025-10-09T08:28:55.321+0000] {processor.py:836} INFO - DAG(s) dict_keys(['example_passing_params_via_test_command']) retrieved from /home/airflow/.local/lib/python3.7/site-packages/airflow/example_dags/example_passing_params_via_test_command.py
[2025-10-09T08:28:55.351+0000] {logging_mixin.py:149} INFO - [2025-10-09T08:28:55.351+0000] {dag.py:2726} INFO - Sync 1 DAGs
[2025-10-09T08:28:55.386+0000] {logging_mixin.py:149} INFO - [2025-10-09T08:28:55.386+0000] {dag.py:3490} INFO - Setting next_dagrun for example_passing_params_via_test_command to 2025-10-09T08:27:00+00:00, run_after=2025-10-09T08:28:00+00:00
[2025-10-09T08:28:55.406+0000] {processor.py:179} INFO - Processing /home/airflow/.local/lib/python3.7/site-packages/airflow/example_dags/example_passing_params_via_test_command.py took 0.104 seconds
[2025-10-09T08:29:25.492+0000] {processor.py:157} INFO - Started process (PID=17688) to work on /home/airflow/.local/lib/python3.7/site-packages/airflow/example_dags/example_passing_params_via_test_command.py
[2025-10-09T08:29:25.493+0000] {processor.py:826} INFO - Processing file /home/airflow/.local/lib/python3.7/site-packages/airflow/example_dags/example_passing_params_via_test_command.py for tasks to queue
[2025-10-09T08:29:25.493+0000] {logging_mixin.py:149} INFO - [2025-10-09T08:29:25.493+0000] {dagbag.py:541} INFO - Filling up the DagBag from /home/airflow/.local/lib/python3.7/site-packages/airflow/example_dags/example_passing_params_via_test_command.py
[2025-10-09T08:29:25.505+0000] {processor.py:836} INFO - DAG(s) dict_keys(['example_passing_params_via_test_command']) retrieved from /home/airflow/.local/lib/python3.7/site-packages/airflow/example_dags/example_passing_params_via_test_command.py
[2025-10-09T08:29:25.535+0000] {logging_mixin.py:149} INFO - [2025-10-09T08:29:25.535+0000] {dag.py:2726} INFO - Sync 1 DAGs
[2025-10-09T08:29:25.568+0000] {logging_mixin.py:149} INFO - [2025-10-09T08:29:25.568+0000] {dag.py:3490} INFO - Setting next_dagrun for example_passing_params_via_test_command to 2025-10-09T08:28:00+00:00, run_after=2025-10-09T08:29:00+00:00
[2025-10-09T08:29:25.588+0000] {processor.py:179} INFO - Processing /home/airflow/.local/lib/python3.7/site-packages/airflow/example_dags/example_passing_params_via_test_command.py took 0.100 seconds
[2025-10-09T08:29:56.057+0000] {processor.py:157} INFO - Started process (PID=17995) to work on /home/airflow/.local/lib/python3.7/site-packages/airflow/example_dags/example_passing_params_via_test_command.py
[2025-10-09T08:29:56.058+0000] {processor.py:826} INFO - Processing file /home/airflow/.local/lib/python3.7/site-packages/airflow/example_dags/example_passing_params_via_test_command.py for tasks to queue
[2025-10-09T08:29:56.059+0000] {logging_mixin.py:149} INFO - [2025-10-09T08:29:56.059+0000] {dagbag.py:541} INFO - Filling up the DagBag from /home/airflow/.local/lib/python3.7/site-packages/airflow/example_dags/example_passing_params_via_test_command.py
[2025-10-09T08:29:56.070+0000] {processor.py:836} INFO - DAG(s) dict_keys(['example_passing_params_via_test_command']) retrieved from /home/airflow/.local/lib/python3.7/site-packages/airflow/example_dags/example_passing_params_via_test_command.py
[2025-10-09T08:29:56.808+0000] {logging_mixin.py:149} INFO - [2025-10-09T08:29:56.808+0000] {dag.py:2726} INFO - Sync 1 DAGs
[2025-10-09T08:29:56.843+0000] {logging_mixin.py:149} INFO - [2025-10-09T08:29:56.843+0000] {dag.py:3490} INFO - Setting next_dagrun for example_passing_params_via_test_command to 2025-10-09T08:28:00+00:00, run_after=2025-10-09T08:29:00+00:00
[2025-10-09T08:29:56.864+0000] {processor.py:179} INFO - Processing /home/airflow/.local/lib/python3.7/site-packages/airflow/example_dags/example_passing_params_via_test_command.py took 0.810 seconds
