[2025-10-07T05:52:30.234+0000] {taskinstance.py:1103} INFO - Dependencies all met for dep_context=non-requeueable deps ti=<TaskInstance: logistics_data_etl_pipeline.create_schema manual__2025-10-07T05:52:28.434810+00:00 [queued]>
[2025-10-07T05:52:30.243+0000] {taskinstance.py:1103} INFO - Dependencies all met for dep_context=requeueable deps ti=<TaskInstance: logistics_data_etl_pipeline.create_schema manual__2025-10-07T05:52:28.434810+00:00 [queued]>
[2025-10-07T05:52:30.244+0000] {taskinstance.py:1308} INFO - Starting attempt 1 of 3
[2025-10-07T05:52:30.259+0000] {taskinstance.py:1327} INFO - Executing <Task(PostgresOperator): create_schema> on 2025-10-07 05:52:28.434810+00:00
[2025-10-07T05:52:30.264+0000] {standard_task_runner.py:57} INFO - Started process 2266 to run task
[2025-10-07T05:52:30.267+0000] {standard_task_runner.py:84} INFO - Running: ['***', 'tasks', 'run', 'logistics_data_etl_pipeline', 'create_schema', 'manual__2025-10-07T05:52:28.434810+00:00', '--job-id', '359', '--raw', '--subdir', 'DAGS_FOLDER/mock_logistics_dag.py', '--cfg-path', '/tmp/tmpy3g_zqke']
[2025-10-07T05:52:30.268+0000] {standard_task_runner.py:85} INFO - Job 359: Subtask create_schema
[2025-10-07T05:52:30.319+0000] {task_command.py:410} INFO - Running <TaskInstance: logistics_data_etl_pipeline.create_schema manual__2025-10-07T05:52:28.434810+00:00 [running]> on host 294e3184c040
[2025-10-07T05:52:30.410+0000] {taskinstance.py:1547} INFO - Exporting env vars: AIRFLOW_CTX_DAG_EMAIL='random@gmail.com' AIRFLOW_CTX_DAG_OWNER='Dav_E_vangel' AIRFLOW_CTX_DAG_ID='logistics_data_etl_pipeline' AIRFLOW_CTX_TASK_ID='create_schema' AIRFLOW_CTX_EXECUTION_DATE='2025-10-07T05:52:28.434810+00:00' AIRFLOW_CTX_TRY_NUMBER='1' AIRFLOW_CTX_DAG_RUN_ID='manual__2025-10-07T05:52:28.434810+00:00'
[2025-10-07T05:52:30.412+0000] {sql.py:265} INFO - Executing: 
    CREATE SCHEMA IF NOT EXISTS shipping_***;
    
[2025-10-07T05:52:30.423+0000] {base.py:73} INFO - Using connection ID 'hag_postgres' for task execution.
[2025-10-07T05:52:30.555+0000] {base.py:73} INFO - Using connection ID 'hag_postgres' for task execution.
[2025-10-07T05:52:34.558+0000] {taskinstance.py:1824} ERROR - Task failed with exception
Traceback (most recent call last):
  File "/home/airflow/.local/lib/python3.7/site-packages/airflow/providers/common/sql/operators/sql.py", line 277, in execute
    **extra_kwargs,
  File "/home/airflow/.local/lib/python3.7/site-packages/airflow/providers/common/sql/hooks/sql.py", line 342, in run
    with closing(self.get_conn()) as conn:
  File "/home/airflow/.local/lib/python3.7/site-packages/airflow/providers/postgres/hooks/postgres.py", line 145, in get_conn
    self.conn = psycopg2.connect(**conn_args)
  File "/home/airflow/.local/lib/python3.7/site-packages/psycopg2/__init__.py", line 122, in connect
    conn = _connect(dsn, connection_factory=connection_factory, **kwasync)
psycopg2.OperationalError: could not translate host name "postgres_container" to address: No address associated with hostname

[2025-10-07T05:52:34.569+0000] {taskinstance.py:1350} INFO - Marking task as UP_FOR_RETRY. dag_id=logistics_data_etl_pipeline, task_id=create_schema, execution_date=20251007T055228, start_date=20251007T055230, end_date=20251007T055234
[2025-10-07T05:52:34.583+0000] {configuration.py:674} WARNING - section/key [smtp/smtp_user] not found in config
[2025-10-07T05:52:34.584+0000] {email.py:268} INFO - Email alerting: attempt 1
[2025-10-07T05:52:34.594+0000] {configuration.py:674} WARNING - section/key [smtp/smtp_user] not found in config
[2025-10-07T05:52:34.594+0000] {email.py:268} INFO - Email alerting: attempt 1
[2025-10-07T05:52:34.595+0000] {taskinstance.py:1889} ERROR - Failed to send email to: random@gmail.com
Traceback (most recent call last):
  File "/home/airflow/.local/lib/python3.7/site-packages/airflow/models/taskinstance.py", line 1407, in _run_raw_task
    self._execute_task_with_callbacks(context, test_mode)
  File "/home/airflow/.local/lib/python3.7/site-packages/airflow/models/taskinstance.py", line 1558, in _execute_task_with_callbacks
    result = self._execute_task(context, task_orig)
  File "/home/airflow/.local/lib/python3.7/site-packages/airflow/models/taskinstance.py", line 1628, in _execute_task
    result = execute_callable(context=context)
  File "/home/airflow/.local/lib/python3.7/site-packages/airflow/providers/common/sql/operators/sql.py", line 277, in execute
    **extra_kwargs,
  File "/home/airflow/.local/lib/python3.7/site-packages/airflow/providers/common/sql/hooks/sql.py", line 342, in run
    with closing(self.get_conn()) as conn:
  File "/home/airflow/.local/lib/python3.7/site-packages/airflow/providers/postgres/hooks/postgres.py", line 145, in get_conn
    self.conn = psycopg2.connect(**conn_args)
  File "/home/airflow/.local/lib/python3.7/site-packages/psycopg2/__init__.py", line 122, in connect
    conn = _connect(dsn, connection_factory=connection_factory, **kwasync)
psycopg2.OperationalError: could not translate host name "postgres_container" to address: No address associated with hostname


During handling of the above exception, another exception occurred:

Traceback (most recent call last):
  File "/home/airflow/.local/lib/python3.7/site-packages/airflow/models/taskinstance.py", line 2295, in email_alert
    send_email(task.email, subject, html_content)
  File "/home/airflow/.local/lib/python3.7/site-packages/airflow/utils/email.py", line 91, in send_email
    **kwargs,
  File "/home/airflow/.local/lib/python3.7/site-packages/airflow/utils/email.py", line 152, in send_email_smtp
    send_mime_email(e_from=mail_from, e_to=recipients, mime_msg=msg, conn_id=conn_id, dryrun=dryrun)
  File "/home/airflow/.local/lib/python3.7/site-packages/airflow/utils/email.py", line 270, in send_mime_email
    smtp_conn = _get_smtp_connection(smtp_host, smtp_port, smtp_timeout, smtp_ssl)
  File "/home/airflow/.local/lib/python3.7/site-packages/airflow/utils/email.py", line 317, in _get_smtp_connection
    else smtplib.SMTP(host=host, port=port, timeout=timeout)
  File "/usr/local/lib/python3.7/smtplib.py", line 251, in __init__
    (code, msg) = self.connect(host, port)
  File "/usr/local/lib/python3.7/smtplib.py", line 336, in connect
    self.sock = self._get_socket(host, port, self.timeout)
  File "/usr/local/lib/python3.7/smtplib.py", line 307, in _get_socket
    self.source_address)
  File "/usr/local/lib/python3.7/socket.py", line 728, in create_connection
    raise err
  File "/usr/local/lib/python3.7/socket.py", line 716, in create_connection
    sock.connect(sa)
ConnectionRefusedError: [Errno 111] Connection refused

During handling of the above exception, another exception occurred:

Traceback (most recent call last):
  File "/home/airflow/.local/lib/python3.7/site-packages/airflow/models/taskinstance.py", line 1887, in handle_failure
    self.email_alert(error, task)
  File "/home/airflow/.local/lib/python3.7/site-packages/airflow/models/taskinstance.py", line 2297, in email_alert
    send_email(task.email, subject, html_content_err)
  File "/home/airflow/.local/lib/python3.7/site-packages/airflow/utils/email.py", line 91, in send_email
    **kwargs,
  File "/home/airflow/.local/lib/python3.7/site-packages/airflow/utils/email.py", line 152, in send_email_smtp
    send_mime_email(e_from=mail_from, e_to=recipients, mime_msg=msg, conn_id=conn_id, dryrun=dryrun)
  File "/home/airflow/.local/lib/python3.7/site-packages/airflow/utils/email.py", line 270, in send_mime_email
    smtp_conn = _get_smtp_connection(smtp_host, smtp_port, smtp_timeout, smtp_ssl)
  File "/home/airflow/.local/lib/python3.7/site-packages/airflow/utils/email.py", line 317, in _get_smtp_connection
    else smtplib.SMTP(host=host, port=port, timeout=timeout)
  File "/usr/local/lib/python3.7/smtplib.py", line 251, in __init__
    (code, msg) = self.connect(host, port)
  File "/usr/local/lib/python3.7/smtplib.py", line 336, in connect
    self.sock = self._get_socket(host, port, self.timeout)
  File "/usr/local/lib/python3.7/smtplib.py", line 307, in _get_socket
    self.source_address)
  File "/usr/local/lib/python3.7/socket.py", line 728, in create_connection
    raise err
  File "/usr/local/lib/python3.7/socket.py", line 716, in create_connection
    sock.connect(sa)
ConnectionRefusedError: [Errno 111] Connection refused
[2025-10-07T05:52:34.613+0000] {standard_task_runner.py:109} ERROR - Failed to execute job 359 for task create_schema (could not translate host name "postgres_container" to address: No address associated with hostname
; 2266)
[2025-10-07T05:52:34.634+0000] {local_task_job_runner.py:225} INFO - Task exited with return code 1
[2025-10-07T05:52:34.667+0000] {taskinstance.py:2653} INFO - 0 downstream tasks scheduled from follow-on schedule check
